#
# There is insufficient memory for the Java Runtime Environment to continue.
# Native memory allocation (malloc) failed to allocate 1043296 bytes for Chunk::new
# Possible reasons:
#   The system is out of physical RAM or swap space
#   The process is running with CompressedOops enabled, and the Java Heap may be blocking the growth of the native heap
# Possible solutions:
#   Reduce memory load on the system
#   Increase physical memory or swap space
#   Check if swap backing store is full
#   Decrease Java heap size (-Xmx/-Xms)
#   Decrease number of Java threads
#   Decrease Java thread stack sizes (-Xss)
#   Set larger code cache with -XX:ReservedCodeCacheSize=
#   JVM is running with Unscaled Compressed Oops mode in which the Java heap is
#     placed in the first 4GB address space. The Java Heap base address is the
#     maximum limit for the native heap growth. Please use -XX:HeapBaseMinAddress
#     to set the Java Heap base and to place the Java Heap above 4GB virtual address.
# This output file may be truncated or incomplete.
#
#  Out of Memory Error (./src/hotspot/share/memory/arena.cpp:197), pid=4660, tid=10052
#
# JRE version: OpenJDK Runtime Environment (11.0.10) (build 11.0.10+0-b96-7249189)
# Java VM: OpenJDK 64-Bit Server VM (11.0.10+0-b96-7249189, mixed mode, tiered, compressed oops, g1 gc, windows-amd64)
# No core dump will be written. Minidumps are not enabled by default on client versions of Windows
#

---------------  S U M M A R Y ------------

Command Line: --add-opens=java.base/java.util=ALL-UNNAMED --add-opens=java.base/java.lang=ALL-UNNAMED --add-opens=java.base/java.lang.invoke=ALL-UNNAMED --add-opens=java.prefs/java.util.prefs=ALL-UNNAMED -Xmx2048m -Dfile.encoding=UTF-8 -Duser.country=RU -Duser.language=ru -Duser.variant org.gradle.launcher.daemon.bootstrap.GradleDaemon 6.7.1

Host: Intel(R) Core(TM) i5-4670K CPU @ 3.40GHz, 4 cores, 15G,  Windows 10 , 64 bit Build 19041 (10.0.19041.1023)
Time: Wed Feb 16 22:18:29 2022 RTZ 2 (зима) elapsed time: 6.608364 seconds (0d 0h 0m 6s)

---------------  T H R E A D  ---------------

Current thread (0x00000263b2d1b000):  JavaThread "C2 CompilerThread1" daemon [_thread_in_native, id=10052, stack(0x000000b67f800000,0x000000b67f900000)]


Current CompileTask:
C2:   6608 5683       4       java.net.URLClassLoader$1::run (5 bytes)

Stack: [0x000000b67f800000,0x000000b67f900000]
Native frames: (J=compiled Java code, j=interpreted, Vv=VM code, C=native code)
V  [jvm.dll+0x5ecfaa]
V  [jvm.dll+0x722bd5]
V  [jvm.dll+0x72412d]
V  [jvm.dll+0x7247e3]
V  [jvm.dll+0x242928]
V  [jvm.dll+0xbc4fc]
V  [jvm.dll+0xbca0c]
V  [jvm.dll+0x2b4fd4]
V  [jvm.dll+0x506028]
V  [jvm.dll+0x203253]
V  [jvm.dll+0x1fd07c]
V  [jvm.dll+0x1fa77f]
V  [jvm.dll+0x18354c]
V  [jvm.dll+0x208ee7]
V  [jvm.dll+0x207731]
V  [jvm.dll+0x6eb1cf]
V  [jvm.dll+0x6e3d45]
V  [jvm.dll+0x5ebe96]
C  [ucrtbase.dll+0x21bb2]
C  [KERNEL32.DLL+0x17034]
C  [ntdll.dll+0x52651]


---------------  P R O C E S S  ---------------

Threads class SMR info:
_java_thread_list=0x00000263b3c5d4f0, length=160, elements={
0x00000263964cc000, 0x00000263b2a50800, 0x00000263b2a5a000, 0x00000263b2a6d800,
0x00000263b2a6e800, 0x00000263b2a71000, 0x00000263b2ab7800, 0x00000263b2abc000,
0x00000263b2abf800, 0x00000263b2c2b800, 0x00000263b2d1b000, 0x00000263b2c2b000,
0x00000263b2c2a000, 0x00000263b2c2c800, 0x00000263b2c26800, 0x00000263b2c2d000,
0x00000263b2c27800, 0x00000263b2c28800, 0x00000263b2c29000, 0x00000263b5bc3000,
0x00000263b5bc1800, 0x00000263b5bbe000, 0x00000263b5bc4000, 0x00000263b5bc4800,
0x00000263b5bc0800, 0x00000263b5bbf000, 0x00000263b5bc5800, 0x00000263b5bc2000,
0x00000263b5bbf800, 0x00000263b5bc6800, 0x00000263b5bcb000, 0x00000263b5bcc000,
0x00000263b5bc8800, 0x00000263b5bc9800, 0x00000263b624e000, 0x00000263b6250000,
0x00000263b6250800, 0x00000263b6251800, 0x00000263b6252000, 0x00000263b6253000,
0x00000263b6254000, 0x00000263b6254800, 0x00000263b624f000, 0x00000263b6258000,
0x00000263b625a800, 0x00000263b6255800, 0x00000263b625b000, 0x00000263b6257000,
0x00000263b625c000, 0x00000263b6256800, 0x00000263b6259800, 0x00000263b625d000,
0x00000263b6259000, 0x00000263b7b39000, 0x00000263b7b40000, 0x00000263b7b3a000,
0x00000263b7b3e000, 0x00000263b7b40800, 0x00000263b7b3b000, 0x00000263b7b3f000,
0x00000263b7b41800, 0x00000263b7b3d800, 0x00000263b7b3b800, 0x00000263b7b42000,
0x00000263b7b3c800, 0x00000263b7b43000, 0x00000263b7b45800, 0x00000263b7b44800,
0x00000263b7b46800, 0x00000263b7b47000, 0x00000263b7b44000, 0x00000263b7b48000,
0x00000263b95a7000, 0x00000263b95a6000, 0x00000263b95aa000, 0x00000263b95a8000,
0x00000263b95ab000, 0x00000263b95a5800, 0x00000263b95ac000, 0x00000263b95a9800,
0x00000263b95ac800, 0x00000263b95ae800, 0x00000263b95ad800, 0x00000263b95a8800,
0x00000263b95b0800, 0x00000263b95b1800, 0x00000263b95b4000, 0x00000263b95b2800,
0x00000263b95b3000, 0x00000263b95af000, 0x00000263b95b0000, 0x00000263b9344000,
0x00000263b9347000, 0x00000263b9342800, 0x00000263b9343000, 0x00000263b9345800,
0x00000263b9348000, 0x00000263b9349000, 0x00000263b934a800, 0x00000263b9349800,
0x00000263b9346800, 0x00000263b9344800, 0x00000263b934d800, 0x00000263b934e800,
0x00000263b934b800, 0x00000263b934f800, 0x00000263b9351000, 0x00000263b934c000,
0x00000263b934d000, 0x00000263b9350000, 0x00000263b7d50800, 0x00000263b7d51800,
0x00000263b7d52000, 0x00000263b7d53000, 0x00000263b7d4d000, 0x00000263b7d54000,
0x00000263b7d4f000, 0x00000263b7d4e000, 0x00000263b7d54800, 0x00000263b7d55800,
0x00000263b7d4f800, 0x00000263b7d59800, 0x00000263b7d58800, 0x00000263b7d5c000,
0x00000263b7d57000, 0x00000263b7d58000, 0x00000263b7d5b000, 0x00000263b7d5a800,
0x00000263b7d56000, 0x00000263b63e6800, 0x00000263b63e4000, 0x00000263b63e2800,
0x00000263b63e5000, 0x00000263b63e5800, 0x00000263b63e1000, 0x00000263b63e7800,
0x00000263b63e3800, 0x00000263b63e1800, 0x00000263b63ea000, 0x00000263b63ee000,
0x00000263b63ea800, 0x00000263b63e8000, 0x00000263b63ee800, 0x00000263b63e9000,
0x00000263b63ef800, 0x00000263b63ed000, 0x00000263b63eb800, 0x00000263b63ec000,
0x00000263b65df800, 0x00000263b65de000, 0x00000263b65e0800, 0x00000263b65e1000,
0x00000263b65e2000, 0x00000263b65e3000, 0x00000263b65dd000, 0x00000263b65e3800,
0x00000263b65e4800, 0x00000263b65de800, 0x00000263b65ea000, 0x00000263b65e7000
}

Java Threads: ( => current thread )
  0x00000263964cc000 JavaThread "main" [_thread_blocked, id=6876, stack(0x000000b67e700000,0x000000b67e800000)]
  0x00000263b2a50800 JavaThread "Reference Handler" daemon [_thread_blocked, id=10196, stack(0x000000b67ee00000,0x000000b67ef00000)]
  0x00000263b2a5a000 JavaThread "Finalizer" daemon [_thread_blocked, id=9624, stack(0x000000b67ef00000,0x000000b67f000000)]
  0x00000263b2a6d800 JavaThread "Signal Dispatcher" daemon [_thread_blocked, id=2420, stack(0x000000b67f000000,0x000000b67f100000)]
  0x00000263b2a6e800 JavaThread "Attach Listener" daemon [_thread_blocked, id=10172, stack(0x000000b67f100000,0x000000b67f200000)]
  0x00000263b2a71000 JavaThread "Service Thread" daemon [_thread_blocked, id=10492, stack(0x000000b67f200000,0x000000b67f300000)]
  0x00000263b2ab7800 JavaThread "C2 CompilerThread0" daemon [_thread_in_native, id=6796, stack(0x000000b67f300000,0x000000b67f400000)]
  0x00000263b2abc000 JavaThread "C1 CompilerThread0" daemon [_thread_blocked, id=360, stack(0x000000b67f400000,0x000000b67f500000)]
  0x00000263b2abf800 JavaThread "Sweeper thread" daemon [_thread_blocked, id=8068, stack(0x000000b67f500000,0x000000b67f600000)]
  0x00000263b2c2b800 JavaThread "Common-Cleaner" daemon [_thread_blocked, id=2388, stack(0x000000b67f600000,0x000000b67f700000)]
=>0x00000263b2d1b000 JavaThread "C2 CompilerThread1" daemon [_thread_in_native, id=10052, stack(0x000000b67f800000,0x000000b67f900000)]
  0x00000263b2c2b000 JavaThread "Daemon health stats" [_thread_blocked, id=6912, stack(0x000000b67fc00000,0x000000b67fd00000)]
  0x00000263b2c2a000 JavaThread "Incoming local TCP Connector on port 56854" [_thread_in_native, id=4372, stack(0x000000b67ff00000,0x000000b680000000)]
  0x00000263b2c2c800 JavaThread "Daemon periodic checks" [_thread_blocked, id=7856, stack(0x000000b600000000,0x000000b600100000)]
  0x00000263b2c26800 JavaThread "Daemon" [_thread_blocked, id=8752, stack(0x000000b600100000,0x000000b600200000)]
  0x00000263b2c2d000 JavaThread "Handler for socket connection from /127.0.0.1:56854 to /127.0.0.1:56855" [_thread_in_native, id=10180, stack(0x000000b600200000,0x000000b600300000)]
  0x00000263b2c27800 JavaThread "Cancel handler" [_thread_blocked, id=10464, stack(0x000000b600300000,0x000000b600400000)]
  0x00000263b2c28800 JavaThread "Daemon worker" [_thread_in_Java, id=1616, stack(0x000000b600400000,0x000000b600500000)]
  0x00000263b2c29000 JavaThread "Asynchronous log dispatcher for DefaultDaemonConnection: socket connection from /127.0.0.1:56854 to /127.0.0.1:56855" [_thread_blocked, id=6664, stack(0x000000b600500000,0x000000b600600000)]
  0x00000263b5bc3000 JavaThread "Stdin handler" [_thread_blocked, id=6780, stack(0x000000b600600000,0x000000b600700000)]
  0x00000263b5bc1800 JavaThread "Thread-8" [_thread_blocked, id=8272, stack(0x000000b600700000,0x000000b600800000)]
  0x00000263b5bbe000 JavaThread "Cache worker for file hash cache (C:\Users\daler\.gradle\caches\6.7.1\fileHashes)" [_thread_blocked, id=1716, stack(0x000000b600800000,0x000000b600900000)]
  0x00000263b5bc4000 JavaThread "File lock request listener" [_thread_in_native, id=6296, stack(0x000000b600900000,0x000000b600a00000)]
  0x00000263b5bc4800 JavaThread "Cache worker for journal cache (C:\Users\daler\.gradle\caches\journal-1)" [_thread_blocked, id=4740, stack(0x000000b600a00000,0x000000b600b00000)]
  0x00000263b5bc0800 JavaThread "Cache worker for file hash cache (C:\Users\daler\Documents\MyUni\.gradle\6.7.1\fileHashes)" [_thread_blocked, id=10064, stack(0x000000b600b00000,0x000000b600c00000)]
  0x00000263b5bbf000 JavaThread "Cache worker for checksums cache (C:\Users\daler\Documents\MyUni\.gradle\checksums)" [_thread_blocked, id=9604, stack(0x000000b600c00000,0x000000b600d00000)]
  0x00000263b5bc5800 JavaThread "Cache worker for cache directory md-supplier (C:\Users\daler\.gradle\caches\6.7.1\md-supplier)" [_thread_blocked, id=10012, stack(0x000000b600d00000,0x000000b600e00000)]
  0x00000263b5bc2000 JavaThread "Cache worker for cache directory md-rule (C:\Users\daler\.gradle\caches\6.7.1\md-rule)" [_thread_blocked, id=1212, stack(0x000000b600e00000,0x000000b600f00000)]
  0x00000263b5bbf800 JavaThread "Cache worker for execution history cache (C:\Users\daler\.gradle\caches\6.7.1\executionHistory)" [_thread_blocked, id=468, stack(0x000000b600f00000,0x000000b601000000)]
  0x00000263b5bc6800 JavaThread "jar transforms" [_thread_blocked, id=10836, stack(0x000000b601000000,0x000000b601100000)]
  0x00000263b5bcb000 JavaThread "Cache worker for file content cache (C:\Users\daler\.gradle\caches\6.7.1\fileContent)" [_thread_blocked, id=9852, stack(0x000000b601100000,0x000000b601200000)]
  0x00000263b5bcc000 JavaThread "Cache worker for Build Output Cleanup Cache (C:\Users\daler\Documents\MyUni\.gradle\buildOutputCleanup)" [_thread_blocked, id=6180, stack(0x000000b601200000,0x000000b601300000)]
  0x00000263b5bc8800 JavaThread "Build operations" [_thread_blocked, id=10028, stack(0x000000b601300000,0x000000b601400000)]
  0x00000263b5bc9800 JavaThread "Build operations Thread 2" [_thread_blocked, id=8684, stack(0x000000b601400000,0x000000b601500000)]
  0x00000263b624e000 JavaThread "Build operations Thread 3" [_thread_blocked, id=4336, stack(0x000000b601500000,0x000000b601600000)]
  0x00000263b6250000 JavaThread "Build operations Thread 4" [_thread_blocked, id=4092, stack(0x000000b601600000,0x000000b601700000)]
  0x00000263b6250800 JavaThread "jar transforms Thread 2" [_thread_blocked, id=9768, stack(0x000000b601700000,0x000000b601800000)]
  0x00000263b6251800 JavaThread "jar transforms Thread 3" [_thread_blocked, id=7440, stack(0x000000b601800000,0x000000b601900000)]
  0x00000263b6252000 JavaThread "jar transforms Thread 4" [_thread_blocked, id=1164, stack(0x000000b601900000,0x000000b601a00000)]
  0x00000263b6253000 JavaThread "jar transforms Thread 5" [_thread_blocked, id=6680, stack(0x000000b601a00000,0x000000b601b00000)]
  0x00000263b6254000 JavaThread "jar transforms Thread 6" [_thread_blocked, id=9664, stack(0x000000b601b00000,0x000000b601c00000)]
  0x00000263b6254800 JavaThread "jar transforms Thread 7" [_thread_blocked, id=2644, stack(0x000000b601c00000,0x000000b601d00000)]
  0x00000263b624f000 JavaThread "jar transforms Thread 8" [_thread_blocked, id=4768, stack(0x000000b601d00000,0x000000b601e00000)]
  0x00000263b6258000 JavaThread "jar transforms Thread 9" [_thread_blocked, id=5796, stack(0x000000b601e00000,0x000000b601f00000)]
  0x00000263b625a800 JavaThread "jar transforms Thread 10" [_thread_blocked, id=2240, stack(0x000000b601f00000,0x000000b602000000)]
  0x00000263b6255800 JavaThread "jar transforms Thread 11" [_thread_blocked, id=4980, stack(0x000000b602000000,0x000000b602100000)]
  0x00000263b625b000 JavaThread "jar transforms Thread 12" [_thread_blocked, id=10000, stack(0x000000b602100000,0x000000b602200000)]
  0x00000263b6257000 JavaThread "jar transforms Thread 13" [_thread_blocked, id=8508, stack(0x000000b602200000,0x000000b602300000)]
  0x00000263b625c000 JavaThread "jar transforms Thread 14" [_thread_blocked, id=6660, stack(0x000000b602300000,0x000000b602400000)]
  0x00000263b6256800 JavaThread "jar transforms Thread 15" [_thread_blocked, id=2580, stack(0x000000b602400000,0x000000b602500000)]
  0x00000263b6259800 JavaThread "jar transforms Thread 16" [_thread_blocked, id=8892, stack(0x000000b602500000,0x000000b602600000)]
  0x00000263b625d000 JavaThread "jar transforms Thread 17" [_thread_blocked, id=6372, stack(0x000000b602600000,0x000000b602700000)]
  0x00000263b6259000 JavaThread "jar transforms Thread 18" [_thread_blocked, id=6964, stack(0x000000b602700000,0x000000b602800000)]
  0x00000263b7b39000 JavaThread "jar transforms Thread 19" [_thread_blocked, id=5504, stack(0x000000b602800000,0x000000b602900000)]
  0x00000263b7b40000 JavaThread "jar transforms Thread 20" [_thread_blocked, id=4148, stack(0x000000b602900000,0x000000b602a00000)]
  0x00000263b7b3a000 JavaThread "jar transforms Thread 21" [_thread_blocked, id=924, stack(0x000000b602a00000,0x000000b602b00000)]
  0x00000263b7b3e000 JavaThread "jar transforms Thread 22" [_thread_blocked, id=10224, stack(0x000000b602b00000,0x000000b602c00000)]
  0x00000263b7b40800 JavaThread "jar transforms Thread 23" [_thread_blocked, id=5940, stack(0x000000b602c00000,0x000000b602d00000)]
  0x00000263b7b3b000 JavaThread "jar transforms Thread 24" [_thread_blocked, id=1800, stack(0x000000b602d00000,0x000000b602e00000)]
  0x00000263b7b3f000 JavaThread "jar transforms Thread 25" [_thread_blocked, id=7100, stack(0x000000b602e00000,0x000000b602f00000)]
  0x00000263b7b41800 JavaThread "jar transforms Thread 26" [_thread_blocked, id=9032, stack(0x000000b602f00000,0x000000b603000000)]
  0x00000263b7b3d800 JavaThread "jar transforms Thread 27" [_thread_blocked, id=1752, stack(0x000000b603000000,0x000000b603100000)]
  0x00000263b7b3b800 JavaThread "jar transforms Thread 28" [_thread_blocked, id=9308, stack(0x000000b603100000,0x000000b603200000)]
  0x00000263b7b42000 JavaThread "jar transforms Thread 29" [_thread_blocked, id=9732, stack(0x000000b603200000,0x000000b603300000)]
  0x00000263b7b3c800 JavaThread "jar transforms Thread 30" [_thread_blocked, id=3168, stack(0x000000b603300000,0x000000b603400000)]
  0x00000263b7b43000 JavaThread "jar transforms Thread 31" [_thread_blocked, id=8308, stack(0x000000b603400000,0x000000b603500000)]
  0x00000263b7b45800 JavaThread "jar transforms Thread 32" [_thread_blocked, id=5512, stack(0x000000b603500000,0x000000b603600000)]
  0x00000263b7b44800 JavaThread "jar transforms Thread 33" [_thread_blocked, id=7780, stack(0x000000b603600000,0x000000b603700000)]
  0x00000263b7b46800 JavaThread "jar transforms Thread 34" [_thread_blocked, id=11028, stack(0x000000b603700000,0x000000b603800000)]
  0x00000263b7b47000 JavaThread "jar transforms Thread 35" [_thread_blocked, id=6488, stack(0x000000b603800000,0x000000b603900000)]
  0x00000263b7b44000 JavaThread "jar transforms Thread 36" [_thread_blocked, id=7636, stack(0x000000b603900000,0x000000b603a00000)]
  0x00000263b7b48000 JavaThread "jar transforms Thread 37" [_thread_blocked, id=7648, stack(0x000000b603a00000,0x000000b603b00000)]
  0x00000263b95a7000 JavaThread "jar transforms Thread 38" [_thread_blocked, id=7508, stack(0x000000b603b00000,0x000000b603c00000)]
  0x00000263b95a6000 JavaThread "jar transforms Thread 39" [_thread_blocked, id=3544, stack(0x000000b603c00000,0x000000b603d00000)]
  0x00000263b95aa000 JavaThread "jar transforms Thread 40" [_thread_blocked, id=2572, stack(0x000000b603d00000,0x000000b603e00000)]
  0x00000263b95a8000 JavaThread "jar transforms Thread 41" [_thread_blocked, id=3812, stack(0x000000b603e00000,0x000000b603f00000)]
  0x00000263b95ab000 JavaThread "jar transforms Thread 42" [_thread_blocked, id=9832, stack(0x000000b603f00000,0x000000b604000000)]
  0x00000263b95a5800 JavaThread "jar transforms Thread 43" [_thread_blocked, id=8728, stack(0x000000b604000000,0x000000b604100000)]
  0x00000263b95ac000 JavaThread "jar transforms Thread 44" [_thread_blocked, id=3348, stack(0x000000b604100000,0x000000b604200000)]
  0x00000263b95a9800 JavaThread "jar transforms Thread 45" [_thread_blocked, id=10312, stack(0x000000b604200000,0x000000b604300000)]
  0x00000263b95ac800 JavaThread "jar transforms Thread 46" [_thread_blocked, id=8140, stack(0x000000b604300000,0x000000b604400000)]
  0x00000263b95ae800 JavaThread "jar transforms Thread 47" [_thread_blocked, id=7080, stack(0x000000b604400000,0x000000b604500000)]
  0x00000263b95ad800 JavaThread "jar transforms Thread 48" [_thread_blocked, id=7560, stack(0x000000b604500000,0x000000b604600000)]
  0x00000263b95a8800 JavaThread "jar transforms Thread 49" [_thread_blocked, id=1340, stack(0x000000b604600000,0x000000b604700000)]
  0x00000263b95b0800 JavaThread "jar transforms Thread 50" [_thread_blocked, id=5776, stack(0x000000b604700000,0x000000b604800000)]
  0x00000263b95b1800 JavaThread "jar transforms Thread 51" [_thread_blocked, id=7420, stack(0x000000b604800000,0x000000b604900000)]
  0x00000263b95b4000 JavaThread "jar transforms Thread 52" [_thread_blocked, id=9616, stack(0x000000b604900000,0x000000b604a00000)]
  0x00000263b95b2800 JavaThread "jar transforms Thread 53" [_thread_blocked, id=10760, stack(0x000000b604a00000,0x000000b604b00000)]
  0x00000263b95b3000 JavaThread "jar transforms Thread 54" [_thread_blocked, id=444, stack(0x000000b604b00000,0x000000b604c00000)]
  0x00000263b95af000 JavaThread "jar transforms Thread 55" [_thread_blocked, id=8312, stack(0x000000b604c00000,0x000000b604d00000)]
  0x00000263b95b0000 JavaThread "jar transforms Thread 56" [_thread_blocked, id=8544, stack(0x000000b604d00000,0x000000b604e00000)]
  0x00000263b9344000 JavaThread "jar transforms Thread 57" [_thread_blocked, id=9936, stack(0x000000b604e00000,0x000000b604f00000)]
  0x00000263b9347000 JavaThread "jar transforms Thread 58" [_thread_blocked, id=9056, stack(0x000000b604f00000,0x000000b605000000)]
  0x00000263b9342800 JavaThread "jar transforms Thread 59" [_thread_blocked, id=5012, stack(0x000000b605000000,0x000000b605100000)]
  0x00000263b9343000 JavaThread "jar transforms Thread 60" [_thread_blocked, id=9912, stack(0x000000b605100000,0x000000b605200000)]
  0x00000263b9345800 JavaThread "jar transforms Thread 61" [_thread_blocked, id=8280, stack(0x000000b605200000,0x000000b605300000)]
  0x00000263b9348000 JavaThread "jar transforms Thread 62" [_thread_blocked, id=3360, stack(0x000000b605300000,0x000000b605400000)]
  0x00000263b9349000 JavaThread "jar transforms Thread 63" [_thread_blocked, id=7480, stack(0x000000b605400000,0x000000b605500000)]
  0x00000263b934a800 JavaThread "jar transforms Thread 64" [_thread_blocked, id=6696, stack(0x000000b605500000,0x000000b605600000)]
  0x00000263b9349800 JavaThread "jar transforms Thread 65" [_thread_blocked, id=8240, stack(0x000000b605600000,0x000000b605700000)]
  0x00000263b9346800 JavaThread "jar transforms Thread 66" [_thread_blocked, id=6464, stack(0x000000b605700000,0x000000b605800000)]
  0x00000263b9344800 JavaThread "jar transforms Thread 67" [_thread_blocked, id=6072, stack(0x000000b605800000,0x000000b605900000)]
  0x00000263b934d800 JavaThread "jar transforms Thread 68" [_thread_blocked, id=6460, stack(0x000000b605900000,0x000000b605a00000)]
  0x00000263b934e800 JavaThread "jar transforms Thread 69" [_thread_blocked, id=2036, stack(0x000000b605a00000,0x000000b605b00000)]
  0x00000263b934b800 JavaThread "jar transforms Thread 70" [_thread_blocked, id=4296, stack(0x000000b605b00000,0x000000b605c00000)]
  0x00000263b934f800 JavaThread "jar transforms Thread 71" [_thread_blocked, id=9080, stack(0x000000b605c00000,0x000000b605d00000)]
  0x00000263b9351000 JavaThread "jar transforms Thread 72" [_thread_blocked, id=9972, stack(0x000000b605d00000,0x000000b605e00000)]
  0x00000263b934c000 JavaThread "jar transforms Thread 73" [_thread_blocked, id=10688, stack(0x000000b605e00000,0x000000b605f00000)]
  0x00000263b934d000 JavaThread "jar transforms Thread 74" [_thread_blocked, id=9340, stack(0x000000b605f00000,0x000000b606000000)]
  0x00000263b9350000 JavaThread "jar transforms Thread 75" [_thread_blocked, id=6968, stack(0x000000b606000000,0x000000b606100000)]
  0x00000263b7d50800 JavaThread "jar transforms Thread 76" [_thread_blocked, id=7388, stack(0x000000b606100000,0x000000b606200000)]
  0x00000263b7d51800 JavaThread "jar transforms Thread 77" [_thread_blocked, id=6616, stack(0x000000b606200000,0x000000b606300000)]
  0x00000263b7d52000 JavaThread "jar transforms Thread 78" [_thread_blocked, id=8968, stack(0x000000b606300000,0x000000b606400000)]
  0x00000263b7d53000 JavaThread "jar transforms Thread 79" [_thread_blocked, id=10876, stack(0x000000b606400000,0x000000b606500000)]
  0x00000263b7d4d000 JavaThread "jar transforms Thread 80" [_thread_blocked, id=9788, stack(0x000000b606500000,0x000000b606600000)]
  0x00000263b7d54000 JavaThread "jar transforms Thread 81" [_thread_blocked, id=8500, stack(0x000000b606600000,0x000000b606700000)]
  0x00000263b7d4f000 JavaThread "jar transforms Thread 82" [_thread_blocked, id=8088, stack(0x000000b606700000,0x000000b606800000)]
  0x00000263b7d4e000 JavaThread "jar transforms Thread 83" [_thread_blocked, id=1628, stack(0x000000b606800000,0x000000b606900000)]
  0x00000263b7d54800 JavaThread "jar transforms Thread 84" [_thread_blocked, id=3676, stack(0x000000b606900000,0x000000b606a00000)]
  0x00000263b7d55800 JavaThread "jar transforms Thread 85" [_thread_blocked, id=2416, stack(0x000000b606a00000,0x000000b606b00000)]
  0x00000263b7d4f800 JavaThread "jar transforms Thread 86" [_thread_blocked, id=2156, stack(0x000000b606b00000,0x000000b606c00000)]
  0x00000263b7d59800 JavaThread "jar transforms Thread 87" [_thread_blocked, id=6304, stack(0x000000b606c00000,0x000000b606d00000)]
  0x00000263b7d58800 JavaThread "jar transforms Thread 88" [_thread_blocked, id=1028, stack(0x000000b606d00000,0x000000b606e00000)]
  0x00000263b7d5c000 JavaThread "jar transforms Thread 89" [_thread_blocked, id=7840, stack(0x000000b606e00000,0x000000b606f00000)]
  0x00000263b7d57000 JavaThread "jar transforms Thread 90" [_thread_blocked, id=5044, stack(0x000000b606f00000,0x000000b607000000)]
  0x00000263b7d58000 JavaThread "jar transforms Thread 91" [_thread_blocked, id=2252, stack(0x000000b607000000,0x000000b607100000)]
  0x00000263b7d5b000 JavaThread "jar transforms Thread 92" [_thread_blocked, id=5820, stack(0x000000b607100000,0x000000b607200000)]
  0x00000263b7d5a800 JavaThread "jar transforms Thread 93" [_thread_blocked, id=11084, stack(0x000000b607200000,0x000000b607300000)]
  0x00000263b7d56000 JavaThread "jar transforms Thread 94" [_thread_blocked, id=7456, stack(0x000000b607300000,0x000000b607400000)]
  0x00000263b63e6800 JavaThread "jar transforms Thread 95" [_thread_blocked, id=5948, stack(0x000000b607400000,0x000000b607500000)]
  0x00000263b63e4000 JavaThread "jar transforms Thread 96" [_thread_blocked, id=8036, stack(0x000000b607500000,0x000000b607600000)]
  0x00000263b63e2800 JavaThread "jar transforms Thread 97" [_thread_blocked, id=1944, stack(0x000000b607600000,0x000000b607700000)]
  0x00000263b63e5000 JavaThread "jar transforms Thread 98" [_thread_blocked, id=9004, stack(0x000000b607700000,0x000000b607800000)]
  0x00000263b63e5800 JavaThread "jar transforms Thread 99" [_thread_blocked, id=7656, stack(0x000000b607800000,0x000000b607900000)]
  0x00000263b63e1000 JavaThread "jar transforms Thread 100" [_thread_blocked, id=6008, stack(0x000000b607900000,0x000000b607a00000)]
  0x00000263b63e7800 JavaThread "jar transforms Thread 101" [_thread_blocked, id=5356, stack(0x000000b607a00000,0x000000b607b00000)]
  0x00000263b63e3800 JavaThread "jar transforms Thread 102" [_thread_blocked, id=5628, stack(0x000000b607b00000,0x000000b607c00000)]
  0x00000263b63e1800 JavaThread "jar transforms Thread 103" [_thread_blocked, id=8044, stack(0x000000b607c00000,0x000000b607d00000)]
  0x00000263b63ea000 JavaThread "jar transforms Thread 104" [_thread_blocked, id=6408, stack(0x000000b607d00000,0x000000b607e00000)]
  0x00000263b63ee000 JavaThread "jar transforms Thread 105" [_thread_blocked, id=3532, stack(0x000000b607e00000,0x000000b607f00000)]
  0x00000263b63ea800 JavaThread "jar transforms Thread 106" [_thread_blocked, id=6164, stack(0x000000b607f00000,0x000000b608000000)]
  0x00000263b63e8000 JavaThread "jar transforms Thread 107" [_thread_blocked, id=10068, stack(0x000000b608000000,0x000000b608100000)]
  0x00000263b63ee800 JavaThread "jar transforms Thread 108" [_thread_blocked, id=3924, stack(0x000000b608100000,0x000000b608200000)]
  0x00000263b63e9000 JavaThread "jar transforms Thread 109" [_thread_blocked, id=3136, stack(0x000000b608200000,0x000000b608300000)]
  0x00000263b63ef800 JavaThread "jar transforms Thread 110" [_thread_blocked, id=1796, stack(0x000000b608300000,0x000000b608400000)]
  0x00000263b63ed000 JavaThread "jar transforms Thread 111" [_thread_blocked, id=11188, stack(0x000000b608400000,0x000000b608500000)]
  0x00000263b63eb800 JavaThread "jar transforms Thread 112" [_thread_blocked, id=860, stack(0x000000b608500000,0x000000b608600000)]
  0x00000263b63ec000 JavaThread "jar transforms Thread 113" [_thread_blocked, id=10952, stack(0x000000b608600000,0x000000b608700000)]
  0x00000263b65df800 JavaThread "jar transforms Thread 114" [_thread_blocked, id=7532, stack(0x000000b608700000,0x000000b608800000)]
  0x00000263b65de000 JavaThread "jar transforms Thread 115" [_thread_blocked, id=8524, stack(0x000000b608800000,0x000000b608900000)]
  0x00000263b65e0800 JavaThread "jar transforms Thread 116" [_thread_blocked, id=9816, stack(0x000000b608900000,0x000000b608a00000)]
  0x00000263b65e1000 JavaThread "jar transforms Thread 117" [_thread_blocked, id=1704, stack(0x000000b608a00000,0x000000b608b00000)]
  0x00000263b65e2000 JavaThread "jar transforms Thread 118" [_thread_blocked, id=9264, stack(0x000000b608b00000,0x000000b608c00000)]
  0x00000263b65e3000 JavaThread "jar transforms Thread 119" [_thread_blocked, id=4648, stack(0x000000b608c00000,0x000000b608d00000)]
  0x00000263b65dd000 JavaThread "jar transforms Thread 120" [_thread_blocked, id=9464, stack(0x000000b608d00000,0x000000b608e00000)]
  0x00000263b65e3800 JavaThread "jar transforms Thread 121" [_thread_blocked, id=7848, stack(0x000000b608e00000,0x000000b608f00000)]
  0x00000263b65e4800 JavaThread "jar transforms Thread 122" [_thread_blocked, id=10768, stack(0x000000b608f00000,0x000000b609000000)]
  0x00000263b65de800 JavaThread "jar transforms Thread 123" [_thread_blocked, id=7284, stack(0x000000b609000000,0x000000b609100000)]
  0x00000263b65ea000 JavaThread "Memory manager" [_thread_blocked, id=9928, stack(0x000000b609300000,0x000000b609400000)]
  0x00000263b65e7000 JavaThread "build event listener" [_thread_blocked, id=11172, stack(0x000000b609400000,0x000000b609500000)]

Other Threads:
  0x00000263b220e800 VMThread "VM Thread" [stack: 0x000000b67ed00000,0x000000b67ee00000] [id=6248]
  0x00000263b2c38000 WatcherThread [stack: 0x000000b67f700000,0x000000b67f800000] [id=5844]
  0x0000026398625800 GCTaskThread "GC Thread#0" [stack: 0x000000b67e800000,0x000000b67e900000] [id=2436]
  0x00000263b3733000 GCTaskThread "GC Thread#1" [stack: 0x000000b67f900000,0x000000b67fa00000] [id=9828]
  0x00000263b3736000 GCTaskThread "GC Thread#2" [stack: 0x000000b67fa00000,0x000000b67fb00000] [id=5916]
  0x00000263b3737000 GCTaskThread "GC Thread#3" [stack: 0x000000b67fb00000,0x000000b67fc00000] [id=5792]
  0x0000026398654800 ConcurrentGCThread "G1 Main Marker" [stack: 0x000000b67e900000,0x000000b67ea00000] [id=9764]
  0x0000026398657000 ConcurrentGCThread "G1 Conc#0" [stack: 0x000000b67ea00000,0x000000b67eb00000] [id=10148]
  0x00000263b2098800 ConcurrentGCThread "G1 Refine#0" [stack: 0x000000b67eb00000,0x000000b67ec00000] [id=6432]
  0x00000263b9632800 ConcurrentGCThread "G1 Refine#1" [stack: 0x000000b609100000,0x000000b609200000] [id=7324]
  0x00000263b9654000 ConcurrentGCThread "G1 Refine#2" [stack: 0x000000b609200000,0x000000b609300000] [id=7336]
  0x00000263b2099000 ConcurrentGCThread "G1 Young RemSet Sampling" [stack: 0x000000b67ec00000,0x000000b67ed00000] [id=7720]

Threads with active compile tasks:
C2 CompilerThread0   6627 5789       4       groovy.lang.MetaMethod::getMopName (105 bytes)
C2 CompilerThread1   6627 5683       4       java.net.URLClassLoader$1::run (5 bytes)

VM state:not at safepoint (normal execution)

VM Mutex/Monitor currently owned by a thread: None

Heap address: 0x0000000080000000, size: 2048 MB, Compressed Oops mode: 32-bit
Narrow klass base: 0x0000000000000000, Narrow klass shift: 3
Compressed class space size: 1073741824 Address: 0x0000000100000000

Heap:
 garbage-first heap   total 262144K, used 82347K [0x0000000080000000, 0x0000000100000000)
  region size 1024K, 36 young (36864K), 5 survivors (5120K)
 Metaspace       used 61686K, capacity 63168K, committed 63488K, reserved 1103872K
  class space    used 7815K, capacity 8366K, committed 8448K, reserved 1048576K
Heap Regions: E=young(eden), S=young(survivor), O=old, HS=humongous(starts), HC=humongous(continues), CS=collection set, F=free, A=archive, TAMS=top-at-mark-start (previous, next)
|   0|0x0000000080000000, 0x0000000080100000, 0x0000000080100000|100%| O|  |TAMS 0x0000000080100000, 0x0000000080000000| Untracked 
|   1|0x0000000080100000, 0x0000000080200000, 0x0000000080200000|100%| O|  |TAMS 0x0000000080200000, 0x0000000080100000| Untracked 
|   2|0x0000000080200000, 0x0000000080300000, 0x0000000080300000|100%| O|  |TAMS 0x0000000080300000, 0x0000000080200000| Untracked 
|   3|0x0000000080300000, 0x0000000080400000, 0x0000000080400000|100%|HS|  |TAMS 0x0000000080400000, 0x0000000080300000| Complete 
|   4|0x0000000080400000, 0x0000000080500000, 0x0000000080500000|100%|HC|  |TAMS 0x0000000080500000, 0x0000000080400000| Complete 
|   5|0x0000000080500000, 0x0000000080600000, 0x0000000080600000|100%|HC|  |TAMS 0x0000000080600000, 0x0000000080500000| Complete 
|   6|0x0000000080600000, 0x0000000080700000, 0x0000000080700000|100%| O|  |TAMS 0x0000000080700000, 0x0000000080600000| Untracked 
|   7|0x0000000080700000, 0x0000000080800000, 0x0000000080800000|100%| O|  |TAMS 0x0000000080800000, 0x0000000080700000| Untracked 
|   8|0x0000000080800000, 0x0000000080900000, 0x0000000080900000|100%| O|  |TAMS 0x0000000080900000, 0x0000000080800000| Untracked 
|   9|0x0000000080900000, 0x0000000080a00000, 0x0000000080a00000|100%| O|  |TAMS 0x0000000080a00000, 0x0000000080900000| Untracked 
|  10|0x0000000080a00000, 0x0000000080b00000, 0x0000000080b00000|100%| O|  |TAMS 0x0000000080b00000, 0x0000000080a00000| Untracked 
|  11|0x0000000080b00000, 0x0000000080c00000, 0x0000000080c00000|100%| O|  |TAMS 0x0000000080c00000, 0x0000000080b00000| Untracked 
|  12|0x0000000080c00000, 0x0000000080d00000, 0x0000000080d00000|100%| O|  |TAMS 0x0000000080d00000, 0x0000000080c00000| Untracked 
|  13|0x0000000080d00000, 0x0000000080e00000, 0x0000000080e00000|100%| O|  |TAMS 0x0000000080e00000, 0x0000000080d00000| Untracked 
|  14|0x0000000080e00000, 0x0000000080f00000, 0x0000000080f00000|100%|HS|  |TAMS 0x0000000080f00000, 0x0000000080e00000| Complete 
|  15|0x0000000080f00000, 0x0000000081000000, 0x0000000081000000|100%|HS|  |TAMS 0x0000000081000000, 0x0000000080f00000| Complete 
|  16|0x0000000081000000, 0x0000000081100000, 0x0000000081100000|100%|HS|  |TAMS 0x0000000081100000, 0x0000000081000000| Complete 
|  17|0x0000000081100000, 0x0000000081200000, 0x0000000081200000|100%|HC|  |TAMS 0x0000000081200000, 0x0000000081100000| Complete 
|  18|0x0000000081200000, 0x0000000081300000, 0x0000000081300000|100%| O|  |TAMS 0x0000000081300000, 0x0000000081200000| Untracked 
|  19|0x0000000081300000, 0x0000000081400000, 0x0000000081400000|100%| O|  |TAMS 0x0000000081400000, 0x0000000081300000| Untracked 
|  20|0x0000000081400000, 0x0000000081500000, 0x0000000081500000|100%|HS|  |TAMS 0x0000000081500000, 0x0000000081400000| Complete 
|  21|0x0000000081500000, 0x0000000081600000, 0x0000000081600000|100%|HC|  |TAMS 0x0000000081600000, 0x0000000081500000| Complete 
|  22|0x0000000081600000, 0x0000000081700000, 0x0000000081700000|100%|HC|  |TAMS 0x0000000081700000, 0x0000000081600000| Complete 
|  23|0x0000000081700000, 0x0000000081800000, 0x0000000081800000|100%| O|  |TAMS 0x0000000081800000, 0x0000000081700000| Untracked 
|  24|0x0000000081800000, 0x0000000081900000, 0x0000000081900000|100%| O|  |TAMS 0x0000000081900000, 0x0000000081800000| Untracked 
|  25|0x0000000081900000, 0x0000000081a00000, 0x0000000081a00000|100%| O|  |TAMS 0x0000000081a00000, 0x0000000081900000| Untracked 
|  26|0x0000000081a00000, 0x0000000081b00000, 0x0000000081b00000|100%| O|  |TAMS 0x0000000081b00000, 0x0000000081a00000| Untracked 
|  27|0x0000000081b00000, 0x0000000081c00000, 0x0000000081c00000|100%| O|  |TAMS 0x0000000081c00000, 0x0000000081b00000| Untracked 
|  28|0x0000000081c00000, 0x0000000081d00000, 0x0000000081d00000|100%| O|  |TAMS 0x0000000081d00000, 0x0000000081c00000| Untracked 
|  29|0x0000000081d00000, 0x0000000081d00000, 0x0000000081e00000|  0%| F|  |TAMS 0x0000000081d00000, 0x0000000081d00000| Untracked 
|  30|0x0000000081e00000, 0x0000000081f00000, 0x0000000081f00000|100%| O|  |TAMS 0x0000000081f00000, 0x0000000081e00000| Untracked 
|  31|0x0000000081f00000, 0x0000000082000000, 0x0000000082000000|100%| O|  |TAMS 0x0000000082000000, 0x0000000081f00000| Untracked 
|  32|0x0000000082000000, 0x0000000082100000, 0x0000000082100000|100%| O|  |TAMS 0x0000000082100000, 0x0000000082000000| Untracked 
|  33|0x0000000082100000, 0x0000000082200000, 0x0000000082200000|100%| O|  |TAMS 0x0000000082200000, 0x0000000082100000| Untracked 
|  34|0x0000000082200000, 0x0000000082300000, 0x0000000082300000|100%| O|  |TAMS 0x0000000082300000, 0x0000000082200000| Untracked 
|  35|0x0000000082300000, 0x0000000082400000, 0x0000000082400000|100%| O|  |TAMS 0x0000000082400000, 0x0000000082300000| Untracked 
|  36|0x0000000082400000, 0x0000000082500000, 0x0000000082500000|100%| O|  |TAMS 0x0000000082500000, 0x0000000082400000| Untracked 
|  37|0x0000000082500000, 0x0000000082600000, 0x0000000082600000|100%| O|  |TAMS 0x0000000082600000, 0x0000000082500000| Untracked 
|  38|0x0000000082600000, 0x0000000082700000, 0x0000000082700000|100%| O|  |TAMS 0x0000000082700000, 0x0000000082600000| Untracked 
|  39|0x0000000082700000, 0x0000000082800000, 0x0000000082800000|100%| O|  |TAMS 0x0000000082800000, 0x0000000082700000| Untracked 
|  40|0x0000000082800000, 0x0000000082900000, 0x0000000082900000|100%| O|  |TAMS 0x0000000082900000, 0x0000000082800000| Untracked 
|  41|0x0000000082900000, 0x0000000082a00000, 0x0000000082a00000|100%| O|  |TAMS 0x0000000082a00000, 0x0000000082900000| Untracked 
|  42|0x0000000082a00000, 0x0000000082b00000, 0x0000000082b00000|100%| O|  |TAMS 0x0000000082b00000, 0x0000000082a00000| Untracked 
|  43|0x0000000082b00000, 0x0000000082c00000, 0x0000000082c00000|100%| O|  |TAMS 0x0000000082c00000, 0x0000000082b00000| Untracked 
|  44|0x0000000082c00000, 0x0000000082d00000, 0x0000000082d00000|100%| O|  |TAMS 0x0000000082d00000, 0x0000000082c00000| Untracked 
|  45|0x0000000082d00000, 0x0000000082e00000, 0x0000000082e00000|100%| O|  |TAMS 0x0000000082e00000, 0x0000000082d00000| Untracked 
|  46|0x0000000082e00000, 0x0000000082eeac00, 0x0000000082f00000| 91%| O|  |TAMS 0x0000000082eeac00, 0x0000000082e00000| Untracked 
|  47|0x0000000082f00000, 0x0000000082f00000, 0x0000000083000000|  0%| F|  |TAMS 0x0000000082f00000, 0x0000000082f00000| Untracked 
|  48|0x0000000083000000, 0x0000000083000000, 0x0000000083100000|  0%| F|  |TAMS 0x0000000083000000, 0x0000000083000000| Untracked 
|  49|0x0000000083100000, 0x0000000083100000, 0x0000000083200000|  0%| F|  |TAMS 0x0000000083100000, 0x0000000083100000| Untracked 
|  50|0x0000000083200000, 0x0000000083200000, 0x0000000083300000|  0%| F|  |TAMS 0x0000000083200000, 0x0000000083200000| Untracked 
|  51|0x0000000083300000, 0x0000000083300000, 0x0000000083400000|  0%| F|  |TAMS 0x0000000083300000, 0x0000000083300000| Untracked 
|  52|0x0000000083400000, 0x0000000083400000, 0x0000000083500000|  0%| F|  |TAMS 0x0000000083400000, 0x0000000083400000| Untracked 
|  53|0x0000000083500000, 0x0000000083500000, 0x0000000083600000|  0%| F|  |TAMS 0x0000000083500000, 0x0000000083500000| Untracked 
|  54|0x0000000083600000, 0x0000000083600000, 0x0000000083700000|  0%| F|  |TAMS 0x0000000083600000, 0x0000000083600000| Untracked 
|  55|0x0000000083700000, 0x0000000083700000, 0x0000000083800000|  0%| F|  |TAMS 0x0000000083700000, 0x0000000083700000| Untracked 
|  56|0x0000000083800000, 0x0000000083800000, 0x0000000083900000|  0%| F|  |TAMS 0x0000000083800000, 0x0000000083800000| Untracked 
|  57|0x0000000083900000, 0x0000000083900000, 0x0000000083a00000|  0%| F|  |TAMS 0x0000000083900000, 0x0000000083900000| Untracked 
|  58|0x0000000083a00000, 0x0000000083a00000, 0x0000000083b00000|  0%| F|  |TAMS 0x0000000083a00000, 0x0000000083a00000| Untracked 
|  59|0x0000000083b00000, 0x0000000083b00000, 0x0000000083c00000|  0%| F|  |TAMS 0x0000000083b00000, 0x0000000083b00000| Untracked 
|  60|0x0000000083c00000, 0x0000000083c00000, 0x0000000083d00000|  0%| F|  |TAMS 0x0000000083c00000, 0x0000000083c00000| Untracked 
|  61|0x0000000083d00000, 0x0000000083d00000, 0x0000000083e00000|  0%| F|  |TAMS 0x0000000083d00000, 0x0000000083d00000| Untracked 
|  62|0x0000000083e00000, 0x0000000083e00000, 0x0000000083f00000|  0%| F|  |TAMS 0x0000000083e00000, 0x0000000083e00000| Untracked 
|  63|0x0000000083f00000, 0x0000000083f00000, 0x0000000084000000|  0%| F|  |TAMS 0x0000000083f00000, 0x0000000083f00000| Untracked 
|  64|0x0000000084000000, 0x0000000084000000, 0x0000000084100000|  0%| F|  |TAMS 0x0000000084000000, 0x0000000084000000| Untracked 
|  65|0x0000000084100000, 0x0000000084100000, 0x0000000084200000|  0%| F|  |TAMS 0x0000000084100000, 0x0000000084100000| Untracked 
|  66|0x0000000084200000, 0x0000000084200000, 0x0000000084300000|  0%| F|  |TAMS 0x0000000084200000, 0x0000000084200000| Untracked 
|  67|0x0000000084300000, 0x0000000084300000, 0x0000000084400000|  0%| F|  |TAMS 0x0000000084300000, 0x0000000084300000| Untracked 
|  68|0x0000000084400000, 0x0000000084400000, 0x0000000084500000|  0%| F|  |TAMS 0x0000000084400000, 0x0000000084400000| Untracked 
|  69|0x0000000084500000, 0x0000000084500000, 0x0000000084600000|  0%| F|  |TAMS 0x0000000084500000, 0x0000000084500000| Untracked 
|  70|0x0000000084600000, 0x0000000084600000, 0x0000000084700000|  0%| F|  |TAMS 0x0000000084600000, 0x0000000084600000| Untracked 
|  71|0x0000000084700000, 0x0000000084700000, 0x0000000084800000|  0%| F|  |TAMS 0x0000000084700000, 0x0000000084700000| Untracked 
|  72|0x0000000084800000, 0x0000000084800000, 0x0000000084900000|  0%| F|  |TAMS 0x0000000084800000, 0x0000000084800000| Untracked 
|  73|0x0000000084900000, 0x0000000084900000, 0x0000000084a00000|  0%| F|  |TAMS 0x0000000084900000, 0x0000000084900000| Untracked 
|  74|0x0000000084a00000, 0x0000000084a00000, 0x0000000084b00000|  0%| F|  |TAMS 0x0000000084a00000, 0x0000000084a00000| Untracked 
|  75|0x0000000084b00000, 0x0000000084b00000, 0x0000000084c00000|  0%| F|  |TAMS 0x0000000084b00000, 0x0000000084b00000| Untracked 
|  76|0x0000000084c00000, 0x0000000084c00000, 0x0000000084d00000|  0%| F|  |TAMS 0x0000000084c00000, 0x0000000084c00000| Untracked 
|  77|0x0000000084d00000, 0x0000000084d00000, 0x0000000084e00000|  0%| F|  |TAMS 0x0000000084d00000, 0x0000000084d00000| Untracked 
|  78|0x0000000084e00000, 0x0000000084e00000, 0x0000000084f00000|  0%| F|  |TAMS 0x0000000084e00000, 0x0000000084e00000| Untracked 
|  79|0x0000000084f00000, 0x0000000084f00000, 0x0000000085000000|  0%| F|  |TAMS 0x0000000084f00000, 0x0000000084f00000| Untracked 
|  80|0x0000000085000000, 0x0000000085000000, 0x0000000085100000|  0%| F|  |TAMS 0x0000000085000000, 0x0000000085000000| Untracked 
|  81|0x0000000085100000, 0x0000000085100000, 0x0000000085200000|  0%| F|  |TAMS 0x0000000085100000, 0x0000000085100000| Untracked 
|  82|0x0000000085200000, 0x0000000085200000, 0x0000000085300000|  0%| F|  |TAMS 0x0000000085200000, 0x0000000085200000| Untracked 
|  83|0x0000000085300000, 0x0000000085300000, 0x0000000085400000|  0%| F|  |TAMS 0x0000000085300000, 0x0000000085300000| Untracked 
|  84|0x0000000085400000, 0x0000000085400000, 0x0000000085500000|  0%| F|  |TAMS 0x0000000085400000, 0x0000000085400000| Untracked 
|  85|0x0000000085500000, 0x0000000085500000, 0x0000000085600000|  0%| F|  |TAMS 0x0000000085500000, 0x0000000085500000| Untracked 
|  86|0x0000000085600000, 0x0000000085600000, 0x0000000085700000|  0%| F|  |TAMS 0x0000000085600000, 0x0000000085600000| Untracked 
|  87|0x0000000085700000, 0x0000000085700000, 0x0000000085800000|  0%| F|  |TAMS 0x0000000085700000, 0x0000000085700000| Untracked 
|  88|0x0000000085800000, 0x0000000085800000, 0x0000000085900000|  0%| F|  |TAMS 0x0000000085800000, 0x0000000085800000| Untracked 
|  89|0x0000000085900000, 0x0000000085900000, 0x0000000085a00000|  0%| F|  |TAMS 0x0000000085900000, 0x0000000085900000| Untracked 
|  90|0x0000000085a00000, 0x0000000085a00000, 0x0000000085b00000|  0%| F|  |TAMS 0x0000000085a00000, 0x0000000085a00000| Untracked 
|  91|0x0000000085b00000, 0x0000000085b00000, 0x0000000085c00000|  0%| F|  |TAMS 0x0000000085b00000, 0x0000000085b00000| Untracked 
|  92|0x0000000085c00000, 0x0000000085c00000, 0x0000000085d00000|  0%| F|  |TAMS 0x0000000085c00000, 0x0000000085c00000| Untracked 
|  93|0x0000000085d00000, 0x0000000085d00000, 0x0000000085e00000|  0%| F|  |TAMS 0x0000000085d00000, 0x0000000085d00000| Untracked 
|  94|0x0000000085e00000, 0x0000000085e00000, 0x0000000085f00000|  0%| F|  |TAMS 0x0000000085e00000, 0x0000000085e00000| Untracked 
|  95|0x0000000085f00000, 0x0000000085f00000, 0x0000000086000000|  0%| F|  |TAMS 0x0000000085f00000, 0x0000000085f00000| Untracked 
|  96|0x0000000086000000, 0x0000000086000000, 0x0000000086100000|  0%| F|  |TAMS 0x0000000086000000, 0x0000000086000000| Untracked 
|  97|0x0000000086100000, 0x0000000086100000, 0x0000000086200000|  0%| F|  |TAMS 0x0000000086100000, 0x0000000086100000| Untracked 
|  98|0x0000000086200000, 0x0000000086200000, 0x0000000086300000|  0%| F|  |TAMS 0x0000000086200000, 0x0000000086200000| Untracked 
|  99|0x0000000086300000, 0x0000000086300000, 0x0000000086400000|  0%| F|  |TAMS 0x0000000086300000, 0x0000000086300000| Untracked 
| 100|0x0000000086400000, 0x0000000086400000, 0x0000000086500000|  0%| F|  |TAMS 0x0000000086400000, 0x0000000086400000| Untracked 
| 101|0x0000000086500000, 0x0000000086500000, 0x0000000086600000|  0%| F|  |TAMS 0x0000000086500000, 0x0000000086500000| Untracked 
| 102|0x0000000086600000, 0x0000000086600000, 0x0000000086700000|  0%| F|  |TAMS 0x0000000086600000, 0x0000000086600000| Untracked 
| 103|0x0000000086700000, 0x0000000086700000, 0x0000000086800000|  0%| F|  |TAMS 0x0000000086700000, 0x0000000086700000| Untracked 
| 104|0x0000000086800000, 0x0000000086800000, 0x0000000086900000|  0%| F|  |TAMS 0x0000000086800000, 0x0000000086800000| Untracked 
| 105|0x0000000086900000, 0x0000000086900000, 0x0000000086a00000|  0%| F|  |TAMS 0x0000000086900000, 0x0000000086900000| Untracked 
| 106|0x0000000086a00000, 0x0000000086a00000, 0x0000000086b00000|  0%| F|  |TAMS 0x0000000086a00000, 0x0000000086a00000| Untracked 
| 107|0x0000000086b00000, 0x0000000086b00000, 0x0000000086c00000|  0%| F|  |TAMS 0x0000000086b00000, 0x0000000086b00000| Untracked 
| 108|0x0000000086c00000, 0x0000000086c00000, 0x0000000086d00000|  0%| F|  |TAMS 0x0000000086c00000, 0x0000000086c00000| Untracked 
| 109|0x0000000086d00000, 0x0000000086d00000, 0x0000000086e00000|  0%| F|  |TAMS 0x0000000086d00000, 0x0000000086d00000| Untracked 
| 110|0x0000000086e00000, 0x0000000086e00000, 0x0000000086f00000|  0%| F|  |TAMS 0x0000000086e00000, 0x0000000086e00000| Untracked 
| 111|0x0000000086f00000, 0x0000000086f00000, 0x0000000087000000|  0%| F|  |TAMS 0x0000000086f00000, 0x0000000086f00000| Untracked 
| 112|0x0000000087000000, 0x0000000087000000, 0x0000000087100000|  0%| F|  |TAMS 0x0000000087000000, 0x0000000087000000| Untracked 
| 113|0x0000000087100000, 0x0000000087100000, 0x0000000087200000|  0%| F|  |TAMS 0x0000000087100000, 0x0000000087100000| Untracked 
| 114|0x0000000087200000, 0x0000000087200000, 0x0000000087300000|  0%| F|  |TAMS 0x0000000087200000, 0x0000000087200000| Untracked 
| 115|0x0000000087300000, 0x0000000087300000, 0x0000000087400000|  0%| F|  |TAMS 0x0000000087300000, 0x0000000087300000| Untracked 
| 116|0x0000000087400000, 0x0000000087400000, 0x0000000087500000|  0%| F|  |TAMS 0x0000000087400000, 0x0000000087400000| Untracked 
| 117|0x0000000087500000, 0x0000000087500000, 0x0000000087600000|  0%| F|  |TAMS 0x0000000087500000, 0x0000000087500000| Untracked 
| 118|0x0000000087600000, 0x0000000087600000, 0x0000000087700000|  0%| F|  |TAMS 0x0000000087600000, 0x0000000087600000| Untracked 
| 119|0x0000000087700000, 0x0000000087700000, 0x0000000087800000|  0%| F|  |TAMS 0x0000000087700000, 0x0000000087700000| Untracked 
| 120|0x0000000087800000, 0x0000000087800000, 0x0000000087900000|  0%| F|  |TAMS 0x0000000087800000, 0x0000000087800000| Untracked 
| 121|0x0000000087900000, 0x0000000087900000, 0x0000000087a00000|  0%| F|  |TAMS 0x0000000087900000, 0x0000000087900000| Untracked 
| 122|0x0000000087a00000, 0x0000000087a00000, 0x0000000087b00000|  0%| F|  |TAMS 0x0000000087a00000, 0x0000000087a00000| Untracked 
| 123|0x0000000087b00000, 0x0000000087b00000, 0x0000000087c00000|  0%| F|  |TAMS 0x0000000087b00000, 0x0000000087b00000| Untracked 
| 124|0x0000000087c00000, 0x0000000087c00000, 0x0000000087d00000|  0%| F|  |TAMS 0x0000000087c00000, 0x0000000087c00000| Untracked 
| 125|0x0000000087d00000, 0x0000000087d00000, 0x0000000087e00000|  0%| F|  |TAMS 0x0000000087d00000, 0x0000000087d00000| Untracked 
| 126|0x0000000087e00000, 0x0000000087e00000, 0x0000000087f00000|  0%| F|  |TAMS 0x0000000087e00000, 0x0000000087e00000| Untracked 
| 127|0x0000000087f00000, 0x0000000087f00000, 0x0000000088000000|  0%| F|  |TAMS 0x0000000087f00000, 0x0000000087f00000| Untracked 
| 128|0x0000000088000000, 0x0000000088000000, 0x0000000088100000|  0%| F|  |TAMS 0x0000000088000000, 0x0000000088000000| Untracked 
| 129|0x0000000088100000, 0x0000000088100000, 0x0000000088200000|  0%| F|  |TAMS 0x0000000088100000, 0x0000000088100000| Untracked 
| 130|0x0000000088200000, 0x0000000088200000, 0x0000000088300000|  0%| F|  |TAMS 0x0000000088200000, 0x0000000088200000| Untracked 
| 131|0x0000000088300000, 0x0000000088300000, 0x0000000088400000|  0%| F|  |TAMS 0x0000000088300000, 0x0000000088300000| Untracked 
| 132|0x0000000088400000, 0x0000000088400000, 0x0000000088500000|  0%| F|  |TAMS 0x0000000088400000, 0x0000000088400000| Untracked 
| 133|0x0000000088500000, 0x0000000088500000, 0x0000000088600000|  0%| F|  |TAMS 0x0000000088500000, 0x0000000088500000| Untracked 
| 134|0x0000000088600000, 0x0000000088600000, 0x0000000088700000|  0%| F|  |TAMS 0x0000000088600000, 0x0000000088600000| Untracked 
| 135|0x0000000088700000, 0x0000000088700000, 0x0000000088800000|  0%| F|  |TAMS 0x0000000088700000, 0x0000000088700000| Untracked 
| 136|0x0000000088800000, 0x0000000088800000, 0x0000000088900000|  0%| F|  |TAMS 0x0000000088800000, 0x0000000088800000| Untracked 
| 137|0x0000000088900000, 0x0000000088900000, 0x0000000088a00000|  0%| F|  |TAMS 0x0000000088900000, 0x0000000088900000| Untracked 
| 138|0x0000000088a00000, 0x0000000088a00000, 0x0000000088b00000|  0%| F|  |TAMS 0x0000000088a00000, 0x0000000088a00000| Untracked 
| 139|0x0000000088b00000, 0x0000000088b00000, 0x0000000088c00000|  0%| F|  |TAMS 0x0000000088b00000, 0x0000000088b00000| Untracked 
| 140|0x0000000088c00000, 0x0000000088c00000, 0x0000000088d00000|  0%| F|  |TAMS 0x0000000088c00000, 0x0000000088c00000| Untracked 
| 141|0x0000000088d00000, 0x0000000088d00000, 0x0000000088e00000|  0%| F|  |TAMS 0x0000000088d00000, 0x0000000088d00000| Untracked 
| 142|0x0000000088e00000, 0x0000000088e00000, 0x0000000088f00000|  0%| F|  |TAMS 0x0000000088e00000, 0x0000000088e00000| Untracked 
| 143|0x0000000088f00000, 0x0000000088f00000, 0x0000000089000000|  0%| F|  |TAMS 0x0000000088f00000, 0x0000000088f00000| Untracked 
| 144|0x0000000089000000, 0x0000000089000000, 0x0000000089100000|  0%| F|  |TAMS 0x0000000089000000, 0x0000000089000000| Untracked 
| 145|0x0000000089100000, 0x0000000089100000, 0x0000000089200000|  0%| F|  |TAMS 0x0000000089100000, 0x0000000089100000| Untracked 
| 146|0x0000000089200000, 0x0000000089200000, 0x0000000089300000|  0%| F|  |TAMS 0x0000000089200000, 0x0000000089200000| Untracked 
| 147|0x0000000089300000, 0x0000000089300000, 0x0000000089400000|  0%| F|  |TAMS 0x0000000089300000, 0x0000000089300000| Untracked 
| 148|0x0000000089400000, 0x0000000089400000, 0x0000000089500000|  0%| F|  |TAMS 0x0000000089400000, 0x0000000089400000| Untracked 
| 149|0x0000000089500000, 0x0000000089500000, 0x0000000089600000|  0%| F|  |TAMS 0x0000000089500000, 0x0000000089500000| Untracked 
| 150|0x0000000089600000, 0x0000000089600000, 0x0000000089700000|  0%| F|  |TAMS 0x0000000089600000, 0x0000000089600000| Untracked 
| 151|0x0000000089700000, 0x0000000089700000, 0x0000000089800000|  0%| F|  |TAMS 0x0000000089700000, 0x0000000089700000| Untracked 
| 152|0x0000000089800000, 0x0000000089800000, 0x0000000089900000|  0%| F|  |TAMS 0x0000000089800000, 0x0000000089800000| Untracked 
| 153|0x0000000089900000, 0x0000000089900000, 0x0000000089a00000|  0%| F|  |TAMS 0x0000000089900000, 0x0000000089900000| Untracked 
| 154|0x0000000089a00000, 0x0000000089a00000, 0x0000000089b00000|  0%| F|  |TAMS 0x0000000089a00000, 0x0000000089a00000| Untracked 
| 155|0x0000000089b00000, 0x0000000089b00000, 0x0000000089c00000|  0%| F|  |TAMS 0x0000000089b00000, 0x0000000089b00000| Untracked 
| 156|0x0000000089c00000, 0x0000000089c00000, 0x0000000089d00000|  0%| F|  |TAMS 0x0000000089c00000, 0x0000000089c00000| Untracked 
| 157|0x0000000089d00000, 0x0000000089d00000, 0x0000000089e00000|  0%| F|  |TAMS 0x0000000089d00000, 0x0000000089d00000| Untracked 
| 158|0x0000000089e00000, 0x0000000089e00000, 0x0000000089f00000|  0%| F|  |TAMS 0x0000000089e00000, 0x0000000089e00000| Untracked 
| 159|0x0000000089f00000, 0x0000000089f00000, 0x000000008a000000|  0%| F|  |TAMS 0x0000000089f00000, 0x0000000089f00000| Untracked 
| 160|0x000000008a000000, 0x000000008a000000, 0x000000008a100000|  0%| F|  |TAMS 0x000000008a000000, 0x000000008a000000| Untracked 
| 161|0x000000008a100000, 0x000000008a100000, 0x000000008a200000|  0%| F|  |TAMS 0x000000008a100000, 0x000000008a100000| Untracked 
| 162|0x000000008a200000, 0x000000008a200000, 0x000000008a300000|  0%| F|  |TAMS 0x000000008a200000, 0x000000008a200000| Untracked 
| 163|0x000000008a300000, 0x000000008a300000, 0x000000008a400000|  0%| F|  |TAMS 0x000000008a300000, 0x000000008a300000| Untracked 
| 164|0x000000008a400000, 0x000000008a400000, 0x000000008a500000|  0%| F|  |TAMS 0x000000008a400000, 0x000000008a400000| Untracked 
| 165|0x000000008a500000, 0x000000008a500000, 0x000000008a600000|  0%| F|  |TAMS 0x000000008a500000, 0x000000008a500000| Untracked 
| 166|0x000000008a600000, 0x000000008a600000, 0x000000008a700000|  0%| F|  |TAMS 0x000000008a600000, 0x000000008a600000| Untracked 
| 167|0x000000008a700000, 0x000000008a700000, 0x000000008a800000|  0%| F|  |TAMS 0x000000008a700000, 0x000000008a700000| Untracked 
| 168|0x000000008a800000, 0x000000008a800000, 0x000000008a900000|  0%| F|  |TAMS 0x000000008a800000, 0x000000008a800000| Untracked 
| 169|0x000000008a900000, 0x000000008a900000, 0x000000008aa00000|  0%| F|  |TAMS 0x000000008a900000, 0x000000008a900000| Untracked 
| 170|0x000000008aa00000, 0x000000008aa00000, 0x000000008ab00000|  0%| F|  |TAMS 0x000000008aa00000, 0x000000008aa00000| Untracked 
| 171|0x000000008ab00000, 0x000000008ab00000, 0x000000008ac00000|  0%| F|  |TAMS 0x000000008ab00000, 0x000000008ab00000| Untracked 
| 172|0x000000008ac00000, 0x000000008ac00000, 0x000000008ad00000|  0%| F|  |TAMS 0x000000008ac00000, 0x000000008ac00000| Untracked 
| 173|0x000000008ad00000, 0x000000008ad00000, 0x000000008ae00000|  0%| F|  |TAMS 0x000000008ad00000, 0x000000008ad00000| Untracked 
| 174|0x000000008ae00000, 0x000000008ae00000, 0x000000008af00000|  0%| F|  |TAMS 0x000000008ae00000, 0x000000008ae00000| Untracked 
| 175|0x000000008af00000, 0x000000008af00000, 0x000000008b000000|  0%| F|  |TAMS 0x000000008af00000, 0x000000008af00000| Untracked 
| 176|0x000000008b000000, 0x000000008b000000, 0x000000008b100000|  0%| F|  |TAMS 0x000000008b000000, 0x000000008b000000| Untracked 
| 177|0x000000008b100000, 0x000000008b100000, 0x000000008b200000|  0%| F|  |TAMS 0x000000008b100000, 0x000000008b100000| Untracked 
| 178|0x000000008b200000, 0x000000008b200000, 0x000000008b300000|  0%| F|  |TAMS 0x000000008b200000, 0x000000008b200000| Untracked 
| 179|0x000000008b300000, 0x000000008b300000, 0x000000008b400000|  0%| F|  |TAMS 0x000000008b300000, 0x000000008b300000| Untracked 
| 180|0x000000008b400000, 0x000000008b400000, 0x000000008b500000|  0%| F|  |TAMS 0x000000008b400000, 0x000000008b400000| Untracked 
| 181|0x000000008b500000, 0x000000008b500000, 0x000000008b600000|  0%| F|  |TAMS 0x000000008b500000, 0x000000008b500000| Untracked 
| 182|0x000000008b600000, 0x000000008b600000, 0x000000008b700000|  0%| F|  |TAMS 0x000000008b600000, 0x000000008b600000| Untracked 
| 183|0x000000008b700000, 0x000000008b700000, 0x000000008b800000|  0%| F|  |TAMS 0x000000008b700000, 0x000000008b700000| Untracked 
| 184|0x000000008b800000, 0x000000008b800000, 0x000000008b900000|  0%| F|  |TAMS 0x000000008b800000, 0x000000008b800000| Untracked 
| 185|0x000000008b900000, 0x000000008b900000, 0x000000008ba00000|  0%| F|  |TAMS 0x000000008b900000, 0x000000008b900000| Untracked 
| 186|0x000000008ba00000, 0x000000008ba00000, 0x000000008bb00000|  0%| F|  |TAMS 0x000000008ba00000, 0x000000008ba00000| Untracked 
| 187|0x000000008bb00000, 0x000000008bb00000, 0x000000008bc00000|  0%| F|  |TAMS 0x000000008bb00000, 0x000000008bb00000| Untracked 
| 188|0x000000008bc00000, 0x000000008bc00000, 0x000000008bd00000|  0%| F|  |TAMS 0x000000008bc00000, 0x000000008bc00000| Untracked 
| 189|0x000000008bd00000, 0x000000008bd00000, 0x000000008be00000|  0%| F|  |TAMS 0x000000008bd00000, 0x000000008bd00000| Untracked 
| 190|0x000000008be00000, 0x000000008be00000, 0x000000008bf00000|  0%| F|  |TAMS 0x000000008be00000, 0x000000008be00000| Untracked 
| 191|0x000000008bf00000, 0x000000008bf00000, 0x000000008c000000|  0%| F|  |TAMS 0x000000008bf00000, 0x000000008bf00000| Untracked 
| 192|0x000000008c000000, 0x000000008c000000, 0x000000008c100000|  0%| F|  |TAMS 0x000000008c000000, 0x000000008c000000| Untracked 
| 193|0x000000008c100000, 0x000000008c100000, 0x000000008c200000|  0%| F|  |TAMS 0x000000008c100000, 0x000000008c100000| Untracked 
| 194|0x000000008c200000, 0x000000008c200000, 0x000000008c300000|  0%| F|  |TAMS 0x000000008c200000, 0x000000008c200000| Untracked 
| 195|0x000000008c300000, 0x000000008c300000, 0x000000008c400000|  0%| F|  |TAMS 0x000000008c300000, 0x000000008c300000| Untracked 
| 196|0x000000008c400000, 0x000000008c400000, 0x000000008c500000|  0%| F|  |TAMS 0x000000008c400000, 0x000000008c400000| Untracked 
| 197|0x000000008c500000, 0x000000008c500000, 0x000000008c600000|  0%| F|  |TAMS 0x000000008c500000, 0x000000008c500000| Untracked 
| 198|0x000000008c600000, 0x000000008c600000, 0x000000008c700000|  0%| F|  |TAMS 0x000000008c600000, 0x000000008c600000| Untracked 
| 199|0x000000008c700000, 0x000000008c700000, 0x000000008c800000|  0%| F|  |TAMS 0x000000008c700000, 0x000000008c700000| Untracked 
| 200|0x000000008c800000, 0x000000008c800000, 0x000000008c900000|  0%| F|  |TAMS 0x000000008c800000, 0x000000008c800000| Untracked 
| 201|0x000000008c900000, 0x000000008c900000, 0x000000008ca00000|  0%| F|  |TAMS 0x000000008c900000, 0x000000008c900000| Untracked 
| 202|0x000000008ca00000, 0x000000008ca00000, 0x000000008cb00000|  0%| F|  |TAMS 0x000000008ca00000, 0x000000008ca00000| Untracked 
| 203|0x000000008cb00000, 0x000000008cb00000, 0x000000008cc00000|  0%| F|  |TAMS 0x000000008cb00000, 0x000000008cb00000| Untracked 
| 204|0x000000008cc00000, 0x000000008cc00000, 0x000000008cd00000|  0%| F|  |TAMS 0x000000008cc00000, 0x000000008cc00000| Untracked 
| 205|0x000000008cd00000, 0x000000008cd00000, 0x000000008ce00000|  0%| F|  |TAMS 0x000000008cd00000, 0x000000008cd00000| Untracked 
| 206|0x000000008ce00000, 0x000000008ce00000, 0x000000008cf00000|  0%| F|  |TAMS 0x000000008ce00000, 0x000000008ce00000| Untracked 
| 207|0x000000008cf00000, 0x000000008cf00000, 0x000000008d000000|  0%| F|  |TAMS 0x000000008cf00000, 0x000000008cf00000| Untracked 
| 208|0x000000008d000000, 0x000000008d000000, 0x000000008d100000|  0%| F|  |TAMS 0x000000008d000000, 0x000000008d000000| Untracked 
| 209|0x000000008d100000, 0x000000008d180000, 0x000000008d200000| 50%| S|CS|TAMS 0x000000008d100000, 0x000000008d100000| Complete 
| 210|0x000000008d200000, 0x000000008d300000, 0x000000008d300000|100%| S|CS|TAMS 0x000000008d200000, 0x000000008d200000| Complete 
| 211|0x000000008d300000, 0x000000008d400000, 0x000000008d400000|100%| S|CS|TAMS 0x000000008d300000, 0x000000008d300000| Complete 
| 212|0x000000008d400000, 0x000000008d500000, 0x000000008d500000|100%| S|CS|TAMS 0x000000008d400000, 0x000000008d400000| Complete 
| 213|0x000000008d500000, 0x000000008d600000, 0x000000008d600000|100%| S|CS|TAMS 0x000000008d500000, 0x000000008d500000| Complete 
| 214|0x000000008d600000, 0x000000008d600000, 0x000000008d700000|  0%| F|  |TAMS 0x000000008d600000, 0x000000008d600000| Untracked 
| 215|0x000000008d700000, 0x000000008d700000, 0x000000008d800000|  0%| F|  |TAMS 0x000000008d700000, 0x000000008d700000| Untracked 
| 216|0x000000008d800000, 0x000000008d800000, 0x000000008d900000|  0%| F|  |TAMS 0x000000008d800000, 0x000000008d800000| Untracked 
| 217|0x000000008d900000, 0x000000008d900000, 0x000000008da00000|  0%| F|  |TAMS 0x000000008d900000, 0x000000008d900000| Untracked 
| 218|0x000000008da00000, 0x000000008da00000, 0x000000008db00000|  0%| F|  |TAMS 0x000000008da00000, 0x000000008da00000| Untracked 
| 219|0x000000008db00000, 0x000000008db00000, 0x000000008dc00000|  0%| F|  |TAMS 0x000000008db00000, 0x000000008db00000| Untracked 
| 220|0x000000008dc00000, 0x000000008dc00000, 0x000000008dd00000|  0%| F|  |TAMS 0x000000008dc00000, 0x000000008dc00000| Untracked 
| 221|0x000000008dd00000, 0x000000008dd00000, 0x000000008de00000|  0%| F|  |TAMS 0x000000008dd00000, 0x000000008dd00000| Untracked 
| 222|0x000000008de00000, 0x000000008de00000, 0x000000008df00000|  0%| F|  |TAMS 0x000000008de00000, 0x000000008de00000| Untracked 
| 223|0x000000008df00000, 0x000000008df00000, 0x000000008e000000|  0%| F|  |TAMS 0x000000008df00000, 0x000000008df00000| Untracked 
| 224|0x000000008e000000, 0x000000008e000000, 0x000000008e100000|  0%| F|  |TAMS 0x000000008e000000, 0x000000008e000000| Untracked 
| 225|0x000000008e100000, 0x000000008e180800, 0x000000008e200000| 50%| E|  |TAMS 0x000000008e100000, 0x000000008e100000| Complete 
| 226|0x000000008e200000, 0x000000008e300000, 0x000000008e300000|100%| E|CS|TAMS 0x000000008e200000, 0x000000008e200000| Complete 
| 227|0x000000008e300000, 0x000000008e400000, 0x000000008e400000|100%| E|CS|TAMS 0x000000008e300000, 0x000000008e300000| Complete 
| 228|0x000000008e400000, 0x000000008e500000, 0x000000008e500000|100%| E|CS|TAMS 0x000000008e400000, 0x000000008e400000| Complete 
| 229|0x000000008e500000, 0x000000008e600000, 0x000000008e600000|100%| E|CS|TAMS 0x000000008e500000, 0x000000008e500000| Complete 
| 230|0x000000008e600000, 0x000000008e700000, 0x000000008e700000|100%| E|CS|TAMS 0x000000008e600000, 0x000000008e600000| Complete 
| 231|0x000000008e700000, 0x000000008e800000, 0x000000008e800000|100%| E|CS|TAMS 0x000000008e700000, 0x000000008e700000| Complete 
| 232|0x000000008e800000, 0x000000008e900000, 0x000000008e900000|100%| E|CS|TAMS 0x000000008e800000, 0x000000008e800000| Complete 
| 233|0x000000008e900000, 0x000000008ea00000, 0x000000008ea00000|100%| E|CS|TAMS 0x000000008e900000, 0x000000008e900000| Complete 
| 234|0x000000008ea00000, 0x000000008eb00000, 0x000000008eb00000|100%| E|CS|TAMS 0x000000008ea00000, 0x000000008ea00000| Complete 
| 235|0x000000008eb00000, 0x000000008ec00000, 0x000000008ec00000|100%| E|CS|TAMS 0x000000008eb00000, 0x000000008eb00000| Complete 
| 236|0x000000008ec00000, 0x000000008ed00000, 0x000000008ed00000|100%| E|CS|TAMS 0x000000008ec00000, 0x000000008ec00000| Complete 
| 237|0x000000008ed00000, 0x000000008ee00000, 0x000000008ee00000|100%| E|CS|TAMS 0x000000008ed00000, 0x000000008ed00000| Complete 
| 238|0x000000008ee00000, 0x000000008ef00000, 0x000000008ef00000|100%| E|CS|TAMS 0x000000008ee00000, 0x000000008ee00000| Complete 
| 239|0x000000008ef00000, 0x000000008f000000, 0x000000008f000000|100%| E|CS|TAMS 0x000000008ef00000, 0x000000008ef00000| Complete 
| 240|0x000000008f000000, 0x000000008f100000, 0x000000008f100000|100%| E|CS|TAMS 0x000000008f000000, 0x000000008f000000| Complete 
| 241|0x000000008f100000, 0x000000008f200000, 0x000000008f200000|100%| E|CS|TAMS 0x000000008f100000, 0x000000008f100000| Complete 
| 242|0x000000008f200000, 0x000000008f300000, 0x000000008f300000|100%| E|CS|TAMS 0x000000008f200000, 0x000000008f200000| Complete 
| 243|0x000000008f300000, 0x000000008f400000, 0x000000008f400000|100%| E|CS|TAMS 0x000000008f300000, 0x000000008f300000| Complete 
| 244|0x000000008f400000, 0x000000008f500000, 0x000000008f500000|100%| E|CS|TAMS 0x000000008f400000, 0x000000008f400000| Complete 
| 245|0x000000008f500000, 0x000000008f600000, 0x000000008f600000|100%| E|CS|TAMS 0x000000008f500000, 0x000000008f500000| Complete 
| 246|0x000000008f600000, 0x000000008f700000, 0x000000008f700000|100%| E|CS|TAMS 0x000000008f600000, 0x000000008f600000| Complete 
| 247|0x000000008f700000, 0x000000008f800000, 0x000000008f800000|100%| E|CS|TAMS 0x000000008f700000, 0x000000008f700000| Complete 
| 248|0x000000008f800000, 0x000000008f900000, 0x000000008f900000|100%| E|CS|TAMS 0x000000008f800000, 0x000000008f800000| Complete 
| 249|0x000000008f900000, 0x000000008fa00000, 0x000000008fa00000|100%| E|CS|TAMS 0x000000008f900000, 0x000000008f900000| Complete 
| 250|0x000000008fa00000, 0x000000008fb00000, 0x000000008fb00000|100%| E|CS|TAMS 0x000000008fa00000, 0x000000008fa00000| Complete 
| 251|0x000000008fb00000, 0x000000008fc00000, 0x000000008fc00000|100%| E|CS|TAMS 0x000000008fb00000, 0x000000008fb00000| Complete 
| 252|0x000000008fc00000, 0x000000008fd00000, 0x000000008fd00000|100%| E|CS|TAMS 0x000000008fc00000, 0x000000008fc00000| Complete 
| 253|0x000000008fd00000, 0x000000008fe00000, 0x000000008fe00000|100%| E|CS|TAMS 0x000000008fd00000, 0x000000008fd00000| Complete 
| 254|0x000000008fe00000, 0x000000008ff00000, 0x000000008ff00000|100%| E|CS|TAMS 0x000000008fe00000, 0x000000008fe00000| Complete 
| 255|0x000000008ff00000, 0x0000000090000000, 0x0000000090000000|100%| E|CS|TAMS 0x000000008ff00000, 0x000000008ff00000| Complete 

Card table byte_map: [0x00000263ab500000,0x00000263ab900000] _byte_map_base: 0x00000263ab100000

Marking Bits (Prev, Next): (CMBitMap*) 0x000002639864bc30, (CMBitMap*) 0x000002639864bbf8
 Prev Bits: [0x00000263add00000, 0x00000263afd00000)
 Next Bits: [0x00000263abd00000, 0x00000263add00000)

Polling page: 0x00000263965c0000

Metaspace:

Usage:
  Non-class:     53.64 MB capacity,    52.68 MB ( 98%) used,   843.37 KB (  2%) free+waste,   141.75 KB ( <1%) overhead. 
      Class:      8.17 MB capacity,     7.64 MB ( 94%) used,   476.30 KB (  6%) free+waste,    66.19 KB ( <1%) overhead. 
       Both:     61.81 MB capacity,    60.32 MB ( 98%) used,     1.29 MB (  2%) free+waste,   207.94 KB ( <1%) overhead. 

Virtual space:
  Non-class space:       54.00 MB reserved,      53.75 MB (>99%) committed 
      Class space:        1.00 GB reserved,       8.25 MB ( <1%) committed 
             Both:        1.05 GB reserved,      62.00 MB (  6%) committed 

Chunk freelists:
   Non-Class:  46.00 KB
       Class:  18.00 KB
        Both:  64.00 KB

MaxMetaspaceSize: 17179869184.00 GB
CompressedClassSpaceSize: 1.00 GB

CodeHeap 'non-profiled nmethods': size=120064Kb used=3325Kb max_used=3325Kb free=116738Kb
 bounds [0x00000263a3bc0000, 0x00000263a3f00000, 0x00000263ab100000]
CodeHeap 'profiled nmethods': size=120000Kb used=12525Kb max_used=12525Kb free=107475Kb
 bounds [0x000002639c690000, 0x000002639d2d0000, 0x00000263a3bc0000]
CodeHeap 'non-nmethods': size=5696Kb used=2234Kb max_used=2263Kb free=3461Kb
 bounds [0x000002639c100000, 0x000002639c370000, 0x000002639c690000]
 total_blobs=6628 nmethods=5814 adapters=725
 compilation: enabled
              stopped_count=0, restarted_count=0
 full_count=0

Compilation events (20 events):
Event: 6.592 Thread 0x00000263b2abc000 nmethod 5785 0x000002639d2b1310 code [0x000002639d2b1500, 0x000002639d2b1998]
Event: 6.593 Thread 0x00000263b2abc000 5786       3       org.codehaus.groovy.reflection.ClassInfo$LazyCachedClassRef::initValue (5 bytes)
Event: 6.593 Thread 0x00000263b2abc000 nmethod 5786 0x000002639d2b1b90 code [0x000002639d2b1d80, 0x000002639d2b2138]
Event: 6.593 Thread 0x00000263b2abc000 5787       3       org.codehaus.groovy.reflection.ClassInfo$LazyCachedClassRef::initValue (21 bytes)
Event: 6.593 Thread 0x00000263b2abc000 nmethod 5787 0x000002639d2b2290 code [0x000002639d2b2480, 0x000002639d2b27d8]
Event: 6.593 Thread 0x00000263b2abc000 5788       3       org.codehaus.groovy.reflection.ClassInfo::access$300 (6 bytes)
Event: 6.593 Thread 0x00000263b2abc000 nmethod 5788 0x000002639d2b2910 code [0x000002639d2b2ac0, 0x000002639d2b2bc8]
Event: 6.593 Thread 0x00000263b2ab7800 5789       4       groovy.lang.MetaMethod::getMopName (105 bytes)
Event: 6.597 Thread 0x00000263b2abc000 5790       3       groovy.lang.MetaClassImpl::addMetaBeanProperty (119 bytes)
Event: 6.598 Thread 0x00000263b2abc000 nmethod 5790 0x000002639d2b2c90 code [0x000002639d2b2f60, 0x000002639d2b44e8]
Event: 6.598 Thread 0x00000263b2abc000 5791       3       org.codehaus.groovy.reflection.stdclasses.CachedSAMClass$1::run (5 bytes)
Event: 6.599 Thread 0x00000263b2abc000 nmethod 5791 0x000002639d2b4990 code [0x000002639d2b4ba0, 0x000002639d2b4ef8]
Event: 6.599 Thread 0x00000263b2abc000 5793       3       org.codehaus.groovy.reflection.CachedClass::getNewMetaMethods (166 bytes)
Event: 6.599 Thread 0x00000263b2abc000 nmethod 5793 0x000002639d2b5090 code [0x000002639d2b53c0, 0x000002639d2b66e8]
Event: 6.599 Thread 0x00000263b2abc000 5792       3       org.codehaus.groovy.reflection.stdclasses.CachedSAMClass$1::run (8 bytes)
Event: 6.600 Thread 0x00000263b2abc000 nmethod 5792 0x000002639d2b6d10 code [0x000002639d2b6f00, 0x000002639d2b71f8]
Event: 6.603 Thread 0x00000263b2abc000 5795       3       java.util.Hashtable$EntrySet::iterator (9 bytes)
Event: 6.603 Thread 0x00000263b2abc000 nmethod 5795 0x000002639d2b7390 code [0x000002639d2b7560, 0x000002639d2b7828]
Event: 6.603 Thread 0x00000263b2abc000 5796       3       java.util.Hashtable::getIterator (22 bytes)
Event: 6.603 Thread 0x00000263b2abc000 nmethod 5796 0x000002639d2b7990 code [0x000002639d2b7b60, 0x000002639d2b7dc8]

GC Heap History (18 events):
Event: 0.377 GC heap before
{Heap before GC invocations=0 (full 0):
 garbage-first heap   total 262144K, used 19456K [0x0000000080000000, 0x0000000100000000)
  region size 1024K, 14 young (14336K), 0 survivors (0K)
 Metaspace       used 7452K, capacity 7667K, committed 7936K, reserved 1056768K
  class space    used 686K, capacity 748K, committed 768K, reserved 1048576K
}
Event: 0.380 GC heap after
{Heap after GC invocations=1 (full 0):
 garbage-first heap   total 262144K, used 7864K [0x0000000080000000, 0x0000000100000000)
  region size 1024K, 2 young (2048K), 2 survivors (2048K)
 Metaspace       used 7452K, capacity 7667K, committed 7936K, reserved 1056768K
  class space    used 686K, capacity 748K, committed 768K, reserved 1048576K
}
Event: 0.689 GC heap before
{Heap before GC invocations=1 (full 0):
 garbage-first heap   total 262144K, used 27320K [0x0000000080000000, 0x0000000100000000)
  region size 1024K, 21 young (21504K), 2 survivors (2048K)
 Metaspace       used 10904K, capacity 11132K, committed 11264K, reserved 1058816K
  class space    used 1144K, capacity 1201K, committed 1280K, reserved 1048576K
}
Event: 0.691 GC heap after
{Heap after GC invocations=2 (full 0):
 garbage-first heap   total 262144K, used 9024K [0x0000000080000000, 0x0000000100000000)
  region size 1024K, 2 young (2048K), 2 survivors (2048K)
 Metaspace       used 10904K, capacity 11132K, committed 11264K, reserved 1058816K
  class space    used 1144K, capacity 1201K, committed 1280K, reserved 1048576K
}
Event: 0.895 GC heap before
{Heap before GC invocations=2 (full 0):
 garbage-first heap   total 262144K, used 34624K [0x0000000080000000, 0x0000000100000000)
  region size 1024K, 28 young (28672K), 2 survivors (2048K)
 Metaspace       used 11149K, capacity 11476K, committed 11520K, reserved 1058816K
  class space    used 1174K, capacity 1273K, committed 1280K, reserved 1048576K
}
Event: 0.897 GC heap after
{Heap after GC invocations=3 (full 0):
 garbage-first heap   total 262144K, used 13426K [0x0000000080000000, 0x0000000100000000)
  region size 1024K, 4 young (4096K), 4 survivors (4096K)
 Metaspace       used 11149K, capacity 11476K, committed 11520K, reserved 1058816K
  class space    used 1174K, capacity 1273K, committed 1280K, reserved 1048576K
}
Event: 1.802 GC heap before
{Heap before GC invocations=3 (full 0):
 garbage-first heap   total 262144K, used 62578K [0x0000000080000000, 0x0000000100000000)
  region size 1024K, 53 young (54272K), 4 survivors (4096K)
 Metaspace       used 20584K, capacity 21099K, committed 21248K, reserved 1067008K
  class space    used 2525K, capacity 2712K, committed 2816K, reserved 1048576K
}
Event: 1.807 GC heap after
{Heap after GC invocations=4 (full 0):
 garbage-first heap   total 262144K, used 16132K [0x0000000080000000, 0x0000000100000000)
  region size 1024K, 7 young (7168K), 7 survivors (7168K)
 Metaspace       used 20584K, capacity 21099K, committed 21248K, reserved 1067008K
  class space    used 2525K, capacity 2712K, committed 2816K, reserved 1048576K
}
Event: 2.501 GC heap before
{Heap before GC invocations=5 (full 0):
 garbage-first heap   total 262144K, used 77572K [0x0000000080000000, 0x0000000100000000)
  region size 1024K, 67 young (68608K), 7 survivors (7168K)
 Metaspace       used 27282K, capacity 27931K, committed 28160K, reserved 1073152K
  class space    used 3594K, capacity 3823K, committed 3840K, reserved 1048576K
}
Event: 2.507 GC heap after
{Heap after GC invocations=6 (full 0):
 garbage-first heap   total 262144K, used 19064K [0x0000000080000000, 0x0000000100000000)
  region size 1024K, 6 young (6144K), 6 survivors (6144K)
 Metaspace       used 27282K, capacity 27931K, committed 28160K, reserved 1073152K
  class space    used 3594K, capacity 3823K, committed 3840K, reserved 1048576K
}
Event: 3.039 GC heap before
{Heap before GC invocations=6 (full 0):
 garbage-first heap   total 262144K, used 56952K [0x0000000080000000, 0x0000000100000000)
  region size 1024K, 44 young (45056K), 6 survivors (6144K)
 Metaspace       used 35120K, capacity 35817K, committed 35840K, reserved 1081344K
  class space    used 4570K, capacity 4856K, committed 4864K, reserved 1048576K
}
Event: 3.046 GC heap after
{Heap after GC invocations=7 (full 0):
 garbage-first heap   total 262144K, used 21516K [0x0000000080000000, 0x0000000100000000)
  region size 1024K, 8 young (8192K), 8 survivors (8192K)
 Metaspace       used 35120K, capacity 35817K, committed 35840K, reserved 1081344K
  class space    used 4570K, capacity 4856K, committed 4864K, reserved 1048576K
}
Event: 4.336 GC heap before
{Heap before GC invocations=8 (full 0):
 garbage-first heap   total 262144K, used 126988K [0x0000000080000000, 0x0000000100000000)
  region size 1024K, 108 young (110592K), 8 survivors (8192K)
 Metaspace       used 44131K, capacity 45210K, committed 45312K, reserved 1089536K
  class space    used 5660K, capacity 6066K, committed 6144K, reserved 1048576K
}
Event: 4.347 GC heap after
{Heap after GC invocations=9 (full 0):
 garbage-first heap   total 262144K, used 27005K [0x0000000080000000, 0x0000000100000000)
  region size 1024K, 11 young (11264K), 11 survivors (11264K)
 Metaspace       used 44131K, capacity 45210K, committed 45312K, reserved 1089536K
  class space    used 5660K, capacity 6066K, committed 6144K, reserved 1048576K
}
Event: 5.696 GC heap before
{Heap before GC invocations=9 (full 0):
 garbage-first heap   total 262144K, used 159101K [0x0000000080000000, 0x0000000100000000)
  region size 1024K, 134 young (137216K), 11 survivors (11264K)
 Metaspace       used 53696K, capacity 55120K, committed 55296K, reserved 1097728K
  class space    used 6833K, capacity 7363K, committed 7424K, reserved 1048576K
}
Event: 5.713 GC heap after
{Heap after GC invocations=10 (full 0):
 garbage-first heap   total 262144K, used 46471K [0x0000000080000000, 0x0000000100000000)
  region size 1024K, 17 young (17408K), 17 survivors (17408K)
 Metaspace       used 53696K, capacity 55120K, committed 55296K, reserved 1097728K
  class space    used 6833K, capacity 7363K, committed 7424K, reserved 1048576K
}
Event: 6.170 GC heap before
{Heap before GC invocations=10 (full 0):
 garbage-first heap   total 262144K, used 89479K [0x0000000080000000, 0x0000000100000000)
  region size 1024K, 59 young (60416K), 17 survivors (17408K)
 Metaspace       used 58671K, capacity 60111K, committed 60160K, reserved 1101824K
  class space    used 7450K, capacity 8015K, committed 8064K, reserved 1048576K
}
Event: 6.192 GC heap after
{Heap after GC invocations=11 (full 0):
 garbage-first heap   total 262144K, used 51627K [0x0000000080000000, 0x0000000100000000)
  region size 1024K, 5 young (5120K), 5 survivors (5120K)
 Metaspace       used 58671K, capacity 60111K, committed 60160K, reserved 1101824K
  class space    used 7450K, capacity 8015K, committed 8064K, reserved 1048576K
}

Deoptimization events (20 events):
Event: 6.396 Thread 0x00000263b2c28800 DEOPT PACKING pc=0x000002639c926e16 sp=0x000000b6004f80e0
Event: 6.396 Thread 0x00000263b2c28800 DEOPT UNPACKING pc=0x000002639c1276ce sp=0x000000b6004f7620 mode 0
Event: 6.398 Thread 0x00000263b2c28800 DEOPT PACKING pc=0x000002639c926e16 sp=0x000000b6004f8110
Event: 6.398 Thread 0x00000263b2c28800 DEOPT UNPACKING pc=0x000002639c1276ce sp=0x000000b6004f7628 mode 0
Event: 6.399 Thread 0x00000263b2c28800 Uncommon trap: trap_request=0xffffff4d fr.pc=0x00000263a3c5d514 relative=0x00000000000005d4
Event: 6.399 Thread 0x00000263b2c28800 Uncommon trap: reason=unstable_if action=reinterpret pc=0x00000263a3c5d514 method=java.lang.String.replace(CC)Ljava/lang/String; @ 2 c2
Event: 6.399 Thread 0x00000263b2c28800 DEOPT PACKING pc=0x00000263a3c5d514 sp=0x000000b6004f8240
Event: 6.399 Thread 0x00000263b2c28800 DEOPT UNPACKING pc=0x000002639c1278af sp=0x000000b6004f81f0 mode 2
Event: 6.401 Thread 0x00000263b2c28800 Uncommon trap: trap_request=0xffffffc6 fr.pc=0x00000263a3d6ecd4 relative=0x00000000000059d4
Event: 6.401 Thread 0x00000263b2c28800 Uncommon trap: reason=bimorphic_or_optimized_type_check action=maybe_recompile pc=0x00000263a3d6ecd4 method=org.codehaus.groovy.runtime.metaclass.MetaMethodIndex.addMethodToList(Ljava/lang/Object;Lgroovy/lang/MetaMethod;)Ljava/lang/Object; @ 96 c2
Event: 6.401 Thread 0x00000263b2c28800 DEOPT PACKING pc=0x00000263a3d6ecd4 sp=0x000000b6004f7e90
Event: 6.401 Thread 0x00000263b2c28800 DEOPT UNPACKING pc=0x000002639c1278af sp=0x000000b6004f7ee0 mode 2
Event: 6.402 Thread 0x00000263b2c28800 Uncommon trap: trap_request=0xffffff4d fr.pc=0x00000263a3e23f6c relative=0x000000000000594c
Event: 6.402 Thread 0x00000263b2c28800 Uncommon trap: reason=unstable_if action=reinterpret pc=0x00000263a3e23f6c method=groovy.lang.MetaClassImpl$1MOPIter.methodNameAction(Ljava/lang/Class;Lorg/codehaus/groovy/runtime/metaclass/MetaMethodIndex$Entry;)V @ 182 c2
Event: 6.402 Thread 0x00000263b2c28800 DEOPT PACKING pc=0x00000263a3e23f6c sp=0x000000b6004f7ef0
Event: 6.402 Thread 0x00000263b2c28800 DEOPT UNPACKING pc=0x000002639c1278af sp=0x000000b6004f7f08 mode 2
Event: 6.507 Thread 0x00000263b2c28800 Uncommon trap: trap_request=0xffffff4d fr.pc=0x00000263a3d23664 relative=0x00000000000051e4
Event: 6.507 Thread 0x00000263b2c28800 Uncommon trap: reason=unstable_if action=reinterpret pc=0x00000263a3d23664 method=sun.net.www.protocol.jar.Handler.parseURL(Ljava/net/URL;Ljava/lang/String;II)V @ 116 c2
Event: 6.507 Thread 0x00000263b2c28800 DEOPT PACKING pc=0x00000263a3d23664 sp=0x000000b6004f81a0
Event: 6.507 Thread 0x00000263b2c28800 DEOPT UNPACKING pc=0x000002639c1278af sp=0x000000b6004f8098 mode 2

Classes redefined (0 events):
No events

Internal exceptions (20 events):
Event: 5.812 Thread 0x00000263b2c28800 Implicit null exception at 0x00000263a3d7fb6f to 0x00000263a3d818e4
Event: 6.375 Thread 0x00000263b2c28800 Exception <a 'java/lang/IncompatibleClassChangeError'{0x000000008f62fc88}: Found class java.lang.Object, but interface was expected> (0x000000008f62fc88) thrown at [./src/hotspot/share/interpreter/linkResolver.cpp, line 839]
Event: 6.403 Thread 0x00000263b2c28800 Exception <a 'java/lang/ClassNotFoundException'{0x000000008f5fbd18}: org/gradle/api/internal/project/DefaultAntBuilderBeanInfo> (0x000000008f5fbd18) thrown at [./src/hotspot/share/classfile/systemDictionary.cpp, line 231]
Event: 6.403 Thread 0x00000263b2c28800 Exception <a 'java/lang/ClassNotFoundException'{0x000000008f427838}: org/gradle/api/internal/project/ant/BasicAntBuilderBeanInfo> (0x000000008f427838) thrown at [./src/hotspot/share/classfile/systemDictionary.cpp, line 231]
Event: 6.404 Thread 0x00000263b2c28800 Exception <a 'java/lang/ClassNotFoundException'{0x000000008f44b0f0}: org/gradle/api/AntBuilderBeanInfo> (0x000000008f44b0f0) thrown at [./src/hotspot/share/classfile/systemDictionary.cpp, line 231]
Event: 6.404 Thread 0x00000263b2c28800 Exception <a 'java/lang/ClassNotFoundException'{0x000000008f46e860}: groovy/util/AntBuilderBeanInfo> (0x000000008f46e860) thrown at [./src/hotspot/share/classfile/systemDictionary.cpp, line 231]
Event: 6.405 Thread 0x00000263b2c28800 Exception <a 'java/lang/ClassNotFoundException'{0x000000008f493588}: groovy/util/BuilderSupportBeanInfo> (0x000000008f493588) thrown at [./src/hotspot/share/classfile/systemDictionary.cpp, line 231]
Event: 6.406 Thread 0x00000263b2c28800 Exception <a 'java/lang/ClassNotFoundException'{0x000000008f4b8f88}: groovy/util/BuilderSupportCustomizer> (0x000000008f4b8f88) thrown at [./src/hotspot/share/classfile/systemDictionary.cpp, line 231]
Event: 6.406 Thread 0x00000263b2c28800 Exception <a 'java/lang/ClassNotFoundException'{0x000000008f4df100}: groovy/util/AntBuilderCustomizer> (0x000000008f4df100) thrown at [./src/hotspot/share/classfile/systemDictionary.cpp, line 231]
Event: 6.407 Thread 0x00000263b2c28800 Exception <a 'java/lang/ClassNotFoundException'{0x000000008f309710}: org/gradle/api/AntBuilderCustomizer> (0x000000008f309710) thrown at [./src/hotspot/share/classfile/systemDictionary.cpp, line 231]
Event: 6.408 Thread 0x00000263b2c28800 Exception <a 'java/lang/ClassNotFoundException'{0x000000008f33dc68}: org/gradle/api/internal/project/ant/BasicAntBuilderCustomizer> (0x000000008f33dc68) thrown at [./src/hotspot/share/classfile/systemDictionary.cpp, line 231]
Event: 6.409 Thread 0x00000263b2c28800 Exception <a 'java/lang/ClassNotFoundException'{0x000000008f378018}: org/gradle/api/internal/project/DefaultAntBuilderCustomizer> (0x000000008f378018) thrown at [./src/hotspot/share/classfile/systemDictionary.cpp, line 231]
Event: 6.594 Thread 0x00000263b2c28800 Exception <a 'java/lang/ClassNotFoundException'{0x000000008e539e48}: org/gradle/api/plugins/internal/DefaultBasePluginConventionBeanInfo> (0x000000008e539e48) thrown at [./src/hotspot/share/classfile/systemDictionary.cpp, line 231]
Event: 6.595 Thread 0x00000263b2c28800 Exception <a 'java/lang/ClassNotFoundException'{0x000000008e5704b0}: org/gradle/api/plugins/BasePluginConventionBeanInfo> (0x000000008e5704b0) thrown at [./src/hotspot/share/classfile/systemDictionary.cpp, line 231]
Event: 6.595 Thread 0x00000263b2c28800 Exception <a 'java/lang/ClassNotFoundException'{0x000000008e5a6e18}: org/gradle/api/plugins/BasePluginConventionCustomizer> (0x000000008e5a6e18) thrown at [./src/hotspot/share/classfile/systemDictionary.cpp, line 231]
Event: 6.596 Thread 0x00000263b2c28800 Exception <a 'java/lang/ClassNotFoundException'{0x000000008e5f17a0}: org/gradle/api/plugins/internal/DefaultBasePluginConventionCustomizer> (0x000000008e5f17a0) thrown at [./src/hotspot/share/classfile/systemDictionary.cpp, line 231]
Event: 6.600 Thread 0x00000263b2c28800 Exception <a 'java/lang/ClassNotFoundException'{0x000000008e474d40}: org/gradle/api/plugins/internal/DefaultJavaPluginConventionBeanInfo> (0x000000008e474d40) thrown at [./src/hotspot/share/classfile/systemDictionary.cpp, line 231]
Event: 6.600 Thread 0x00000263b2c28800 Exception <a 'java/lang/ClassNotFoundException'{0x000000008e4ab5e8}: org/gradle/api/plugins/JavaPluginConventionBeanInfo> (0x000000008e4ab5e8) thrown at [./src/hotspot/share/classfile/systemDictionary.cpp, line 231]
Event: 6.601 Thread 0x00000263b2c28800 Exception <a 'java/lang/ClassNotFoundException'{0x000000008e4e1ce8}: org/gradle/api/plugins/JavaPluginConventionCustomizer> (0x000000008e4e1ce8) thrown at [./src/hotspot/share/classfile/systemDictionary.cpp, line 231]
Event: 6.602 Thread 0x00000263b2c28800 Exception <a 'java/lang/ClassNotFoundException'{0x000000008e332440}: org/gradle/api/plugins/internal/DefaultJavaPluginConventionCustomizer> (0x000000008e332440) thrown at [./src/hotspot/share/classfile/systemDictionary.cpp, line 231]

Events (20 events):
Event: 6.602 loading class org/gradle/api/plugins/internal/DefaultJavaPluginConventionCustomizer
Event: 6.602 loading class org/gradle/api/plugins/internal/DefaultJavaPluginConventionCustomizer done
Event: 6.602 loading class org/gradle/api/plugins/internal/DefaultJavaPluginConventionCustomizer
Event: 6.602 loading class org/gradle/api/plugins/internal/DefaultJavaPluginConventionCustomizer done
Event: 6.603 loading class org/gradle/internal/extensibility/ExtensibleDynamicObject$1
Event: 6.603 loading class org/gradle/internal/extensibility/ExtensibleDynamicObject$1 done
Event: 6.604 loading class org/jetbrains/kotlin/gradle/tooling/BuildKotlinToolingMetadataTask
Event: 6.604 loading class org/jetbrains/kotlin/gradle/tooling/BuildKotlinToolingMetadataTask done
Event: 6.605 loading class org/jetbrains/kotlin/gradle/tooling/BuildKotlinToolingMetadataTaskKt$buildKotlinToolingMetadataTask$2
Event: 6.605 loading class org/jetbrains/kotlin/gradle/tooling/BuildKotlinToolingMetadataTaskKt$buildKotlinToolingMetadataTask$2 done
Event: 6.605 loading class org/jetbrains/kotlin/gradle/tasks/TasksProviderKt
Event: 6.605 loading class org/jetbrains/kotlin/gradle/tasks/TasksProviderKt done
Event: 6.605 loading class kotlin/jvm/internal/CollectionToArray
Event: 6.605 loading class kotlin/jvm/internal/CollectionToArray done
Event: 6.606 loading class org/jetbrains/kotlin/gradle/tasks/TasksProviderKt$sam$org_gradle_api_Action$0
Event: 6.606 loading class org/jetbrains/kotlin/gradle/tasks/TasksProviderKt$sam$org_gradle_api_Action$0 done
Event: 6.607 loading class org/jetbrains/kotlin/gradle/tooling/IncludeKotlinToolingMetadataInApkKt$includeKotlinToolingMetadataInApk$1$1
Event: 6.607 loading class org/jetbrains/kotlin/gradle/tooling/IncludeKotlinToolingMetadataInApkKt$includeKotlinToolingMetadataInApk$1$1 done
Event: 6.607 loading class org/jetbrains/kotlin/gradle/plugin/mpp/KotlinMultiplatformPluginKt
Event: 6.607 loading class org/jetbrains/kotlin/gradle/plugin/mpp/KotlinMultiplatformPluginKt done


Dynamic libraries:
0x00007ff779af0000 - 0x00007ff779afa000 	C:\Program Files\Android\Android Studio\jre\bin\java.exe
0x00007ffe2d6b0000 - 0x00007ffe2d8a5000 	C:\Windows\SYSTEM32\ntdll.dll
0x00007ffe2c5d0000 - 0x00007ffe2c68d000 	C:\Windows\System32\KERNEL32.DLL
0x00007ffe2b090000 - 0x00007ffe2b359000 	C:\Windows\System32\KERNELBASE.dll
0x00007ffe2af00000 - 0x00007ffe2b000000 	C:\Windows\System32\ucrtbase.dll
0x00007ffda5360000 - 0x00007ffda5379000 	C:\Program Files\Android\Android Studio\jre\bin\jli.dll
0x00007ffda5380000 - 0x00007ffda5397000 	C:\Program Files\Android\Android Studio\jre\bin\VCRUNTIME140.dll
0x00007ffe2b720000 - 0x00007ffe2b8c0000 	C:\Windows\System32\USER32.dll
0x00007ffe2b5d0000 - 0x00007ffe2b5f2000 	C:\Windows\System32\win32u.dll
0x00007ffe0c750000 - 0x00007ffe0c9ea000 	C:\Windows\WinSxS\amd64_microsoft.windows.common-controls_6595b64144ccf1df_6.0.19041.1083_none_60bbe31371f34e71\COMCTL32.dll
0x00007ffe2c040000 - 0x00007ffe2c06a000 	C:\Windows\System32\GDI32.dll
0x00007ffe2cde0000 - 0x00007ffe2ce7e000 	C:\Windows\System32\msvcrt.dll
0x00007ffe2b4c0000 - 0x00007ffe2b5cb000 	C:\Windows\System32\gdi32full.dll
0x00007ffe2b650000 - 0x00007ffe2b6ed000 	C:\Windows\System32\msvcp_win.dll
0x00007ffe2bf80000 - 0x00007ffe2bfb0000 	C:\Windows\System32\IMM32.DLL
0x00007ffda52c0000 - 0x00007ffda535d000 	C:\Program Files\Android\Android Studio\jre\bin\msvcp140.dll
0x00007ffda81a0000 - 0x00007ffda8c6f000 	C:\Program Files\Android\Android Studio\jre\bin\server\jvm.dll
0x00007ffe2cc00000 - 0x00007ffe2ccac000 	C:\Windows\System32\ADVAPI32.dll
0x00007ffe2b8c0000 - 0x00007ffe2b95b000 	C:\Windows\System32\sechost.dll
0x00007ffe2be50000 - 0x00007ffe2bf7a000 	C:\Windows\System32\RPCRT4.dll
0x00007ffe2bae0000 - 0x00007ffe2bae8000 	C:\Windows\System32\PSAPI.DLL
0x00007ffe18960000 - 0x00007ffe18969000 	C:\Windows\SYSTEM32\WSOCK32.dll
0x00007ffe232a0000 - 0x00007ffe232c7000 	C:\Windows\SYSTEM32\WINMM.dll
0x00007ffe24280000 - 0x00007ffe2428a000 	C:\Windows\SYSTEM32\VERSION.dll
0x00007ffe2c690000 - 0x00007ffe2c6fb000 	C:\Windows\System32\WS2_32.dll
0x00007ffe28d20000 - 0x00007ffe28d32000 	C:\Windows\SYSTEM32\kernel.appcore.dll
0x00007ffe17c40000 - 0x00007ffe17c51000 	C:\Program Files\Android\Android Studio\jre\bin\verify.dll
0x00007ffe20890000 - 0x00007ffe20a74000 	C:\Windows\SYSTEM32\DBGHELP.DLL
0x00007ffe0d950000 - 0x00007ffe0d97c000 	C:\Windows\SYSTEM32\dbgcore.DLL
0x00007ffe2b000000 - 0x00007ffe2b083000 	C:\Windows\System32\bcryptPrimitives.dll
0x00007ffe0e840000 - 0x00007ffe0e869000 	C:\Program Files\Android\Android Studio\jre\bin\java.dll
0x00007ffe18950000 - 0x00007ffe1895b000 	C:\Program Files\Android\Android Studio\jre\bin\jimage.dll
0x00007ffe17a60000 - 0x00007ffe17a78000 	C:\Program Files\Android\Android Studio\jre\bin\zip.dll
0x00007ffe2ce80000 - 0x00007ffe2d5bf000 	C:\Windows\System32\SHELL32.dll
0x00007ffe28f20000 - 0x00007ffe296b1000 	C:\Windows\SYSTEM32\windows.storage.dll
0x00007ffe2c8a0000 - 0x00007ffe2cbf5000 	C:\Windows\System32\combase.dll
0x00007ffe2a860000 - 0x00007ffe2a88c000 	C:\Windows\SYSTEM32\Wldp.dll
0x00007ffe2ba30000 - 0x00007ffe2bade000 	C:\Windows\System32\SHCORE.dll
0x00007ffe2b9d0000 - 0x00007ffe2ba25000 	C:\Windows\System32\shlwapi.dll
0x00007ffe2ad30000 - 0x00007ffe2ad4f000 	C:\Windows\SYSTEM32\profapi.dll
0x00007ffdf1f30000 - 0x00007ffdf1f4a000 	C:\Program Files\Android\Android Studio\jre\bin\net.dll
0x00007ffe23320000 - 0x00007ffe2342a000 	C:\Windows\SYSTEM32\WINHTTP.dll
0x00007ffe2a5c0000 - 0x00007ffe2a62a000 	C:\Windows\system32\mswsock.dll
0x00007ffdaede0000 - 0x00007ffdaedf4000 	C:\Program Files\Android\Android Studio\jre\bin\nio.dll
0x00007ffe15d90000 - 0x00007ffe15db7000 	C:\Users\daler\.gradle\native\fdc75f09e3144964f2cf3f50f0aa648679c211496f362492102eb8c894070792\windows-amd64\native-platform.dll
0x00007ffdfed30000 - 0x00007ffdfeec6000 	C:\Users\daler\.gradle\native\12488b8bf47d2d4c9fbf2f6322a914ad602e24e48041cd04a747c6da556b65c4\windows-amd64\native-platform-file-events.dll
0x00007ffe177c0000 - 0x00007ffe177ca000 	C:\Program Files\Android\Android Studio\jre\bin\management.dll
0x00007ffe0e810000 - 0x00007ffe0e81c000 	C:\Program Files\Android\Android Studio\jre\bin\management_ext.dll
0x00007ffe2a7b0000 - 0x00007ffe2a7c8000 	C:\Windows\SYSTEM32\CRYPTSP.dll
0x00007ffe29e90000 - 0x00007ffe29ec4000 	C:\Windows\system32\rsaenh.dll
0x00007ffe2b6f0000 - 0x00007ffe2b717000 	C:\Windows\System32\bcrypt.dll
0x00007ffe2acf0000 - 0x00007ffe2ad1e000 	C:\Windows\SYSTEM32\USERENV.dll
0x00007ffe2a7a0000 - 0x00007ffe2a7ac000 	C:\Windows\SYSTEM32\CRYPTBASE.dll
0x00007ffe2a240000 - 0x00007ffe2a27b000 	C:\Windows\SYSTEM32\IPHLPAPI.DLL
0x00007ffe2c5c0000 - 0x00007ffe2c5c8000 	C:\Windows\System32\NSI.dll
0x00007ffe25100000 - 0x00007ffe25117000 	C:\Windows\SYSTEM32\dhcpcsvc6.DLL
0x00007ffe25090000 - 0x00007ffe250ad000 	C:\Windows\SYSTEM32\dhcpcsvc.DLL
0x00007ffe2a2a0000 - 0x00007ffe2a36c000 	C:\Windows\SYSTEM32\DNSAPI.dll
0x00007ffe25020000 - 0x00007ffe2502b000 	C:\Windows\SYSTEM32\WINNSI.DLL

dbghelp: loaded successfully - version: 4.0.5 - missing functions: none
symbol engine: initialized successfully - sym options: 0x614 - pdb path: .;C:\Program Files\Android\Android Studio\jre\bin;C:\Windows\SYSTEM32;C:\Windows\WinSxS\amd64_microsoft.windows.common-controls_6595b64144ccf1df_6.0.19041.1083_none_60bbe31371f34e71;C:\Program Files\Android\Android Studio\jre\bin\server;C:\Users\daler\.gradle\native\fdc75f09e3144964f2cf3f50f0aa648679c211496f362492102eb8c894070792\windows-amd64;C:\Users\daler\.gradle\native\12488b8bf47d2d4c9fbf2f6322a914ad602e24e48041cd04a747c6da556b65c4\windows-amd64

VM Arguments:
jvm_args: --add-opens=java.base/java.util=ALL-UNNAMED --add-opens=java.base/java.lang=ALL-UNNAMED --add-opens=java.base/java.lang.invoke=ALL-UNNAMED --add-opens=java.prefs/java.util.prefs=ALL-UNNAMED -Xmx2048m -Dfile.encoding=UTF-8 -Duser.country=RU -Duser.language=ru -Duser.variant 
java_command: org.gradle.launcher.daemon.bootstrap.GradleDaemon 6.7.1
java_class_path (initial): C:\Users\daler\.gradle\wrapper\dists\gradle-6.7.1-bin\bwlcbys1h7rz3272sye1xwiv6\gradle-6.7.1\lib\gradle-launcher-6.7.1.jar
Launcher Type: SUN_STANDARD

[Global flags]
     intx CICompilerCount                          = 3                                         {product} {ergonomic}
     uint ConcGCThreads                            = 1                                         {product} {ergonomic}
     uint G1ConcRefinementThreads                  = 4                                         {product} {ergonomic}
   size_t G1HeapRegionSize                         = 1048576                                   {product} {ergonomic}
    uintx GCDrainStackTargetSize                   = 64                                        {product} {ergonomic}
   size_t InitialHeapSize                          = 268435456                                 {product} {ergonomic}
   size_t MarkStackSize                            = 4194304                                   {product} {ergonomic}
   size_t MaxHeapSize                              = 2147483648                                {product} {command line}
   size_t MaxNewSize                               = 1287651328                                {product} {ergonomic}
   size_t MinHeapDeltaBytes                        = 1048576                                   {product} {ergonomic}
    uintx NonNMethodCodeHeapSize                   = 5830732                                {pd product} {ergonomic}
    uintx NonProfiledCodeHeapSize                  = 122913754                              {pd product} {ergonomic}
    uintx ProfiledCodeHeapSize                     = 122913754                              {pd product} {ergonomic}
    uintx ReservedCodeCacheSize                    = 251658240                              {pd product} {ergonomic}
     bool SegmentedCodeCache                       = true                                      {product} {ergonomic}
     bool UseCompressedClassPointers               = true                                 {lp64_product} {ergonomic}
     bool UseCompressedOops                        = true                                 {lp64_product} {ergonomic}
     bool UseG1GC                                  = true                                      {product} {ergonomic}
     bool UseLargePagesIndividualAllocation        = false                                  {pd product} {ergonomic}

Logging:
Log output configuration:
 #0: stdout all=warning uptime,level,tags
 #1: stderr all=off uptime,level,tags

Environment Variables:
JAVA_HOME=JAVA_HOME
PATH=C:\Program Files (x86)\NVIDIA Corporation\PhysX\Common;C:\Windows\system32;C:\Windows;C:\Windows\System32\Wbem;C:\Windows\System32\WindowsPowerShell\v1.0\;C:\Windows\System32\OpenSSH\;C;D:\CodeBlocks\MinGW\bin;C:\Program Files\doxygen\bin;C:\Users\daler\PycharmProjects\pythonProject\venv\Scripts;C:\Program Files (x86)\AOMEI\AOMEI Backupper 6.4.0;C:\Program Files\Git\cmd;C:\Program Files\nodejs\;C:\ProgramData\chocolatey\bin;C:\Program Files\Go\bin;C:\Users\daler\AppData\Local\Microsoft\WindowsApps;;D:\IntelliJ IDEA 2020.2\bin;;C:\Users\daler\PyCharm Community Edition 2020.3.1\bin;;C:\Users\daler\AppData\Roaming\npm;C:\Users\daler\go\bin
USERNAME=daler
OS=Windows_NT
PROCESSOR_IDENTIFIER=Intel64 Family 6 Model 60 Stepping 3, GenuineIntel



---------------  S Y S T E M  ---------------

OS: Windows 10 , 64 bit Build 19041 (10.0.19041.1023)
OS uptime: 0 days 2:51 hours

CPU:total 4 (initial active 4) (4 cores per cpu, 1 threads per core) family 6 model 60 stepping 3 microcode 0x27, cmov, cx8, fxsr, mmx, sse, sse2, sse3, ssse3, sse4.1, sse4.2, popcnt, avx, avx2, aes, clmul, erms, lzcnt, tsc, tscinvbit, bmi1, bmi2, fma

Memory: 4k page, system-wide physical 16269M (4278M free)
TotalPageFile size 16269M (AvailPageFile size 4M)
current process WorkingSet (physical memory assigned to process): 402M, peak: 402M
current process commit charge ("private bytes"): 494M, peak: 494M

vm_info: OpenJDK 64-Bit Server VM (11.0.10+0-b96-7249189) for windows-amd64 JRE (11.0.10+0-b96-7249189), built on Mar 31 2021 21:44:00 by "builder" with MS VC++ 14.0 (VS2015)

END.
