#
# There is insufficient memory for the Java Runtime Environment to continue.
# Native memory allocation (malloc) failed to allocate 1443376 bytes for Chunk::new
# Possible reasons:
#   The system is out of physical RAM or swap space
#   The process is running with CompressedOops enabled, and the Java Heap may be blocking the growth of the native heap
# Possible solutions:
#   Reduce memory load on the system
#   Increase physical memory or swap space
#   Check if swap backing store is full
#   Decrease Java heap size (-Xmx/-Xms)
#   Decrease number of Java threads
#   Decrease Java thread stack sizes (-Xss)
#   Set larger code cache with -XX:ReservedCodeCacheSize=
#   JVM is running with Unscaled Compressed Oops mode in which the Java heap is
#     placed in the first 4GB address space. The Java Heap base address is the
#     maximum limit for the native heap growth. Please use -XX:HeapBaseMinAddress
#     to set the Java Heap base and to place the Java Heap above 4GB virtual address.
# This output file may be truncated or incomplete.
#
#  Out of Memory Error (./src/hotspot/share/memory/arena.cpp:197), pid=9332, tid=7976
#
# JRE version: OpenJDK Runtime Environment (11.0.10) (build 11.0.10+0-b96-7249189)
# Java VM: OpenJDK 64-Bit Server VM (11.0.10+0-b96-7249189, mixed mode, tiered, compressed oops, g1 gc, windows-amd64)
# No core dump will be written. Minidumps are not enabled by default on client versions of Windows
#

---------------  S U M M A R Y ------------

Command Line: --add-opens=java.base/java.util=ALL-UNNAMED --add-opens=java.base/java.lang=ALL-UNNAMED --add-opens=java.base/java.lang.invoke=ALL-UNNAMED --add-opens=java.prefs/java.util.prefs=ALL-UNNAMED -Xmx2048m -Dfile.encoding=UTF-8 -Duser.country=RU -Duser.language=ru -Duser.variant org.gradle.launcher.daemon.bootstrap.GradleDaemon 6.7.1

Host: Intel(R) Core(TM) i5-4670K CPU @ 3.40GHz, 4 cores, 15G,  Windows 10 , 64 bit Build 19041 (10.0.19041.1023)
Time: Wed Feb 16 22:20:19 2022 RTZ 2 (зима) elapsed time: 5.971814 seconds (0d 0h 0m 5s)

---------------  T H R E A D  ---------------

Current thread (0x0000021ab9657800):  JavaThread "C2 CompilerThread0" daemon [_thread_in_native, id=7976, stack(0x0000004a9f800000,0x0000004a9f900000)]


Current CompileTask:
C2:   5971 5915       4       java.lang.Class::getMethodsRecursive (99 bytes)

Stack: [0x0000004a9f800000,0x0000004a9f900000]
Native frames: (J=compiled Java code, j=interpreted, Vv=VM code, C=native code)
V  [jvm.dll+0x5ecfaa]
V  [jvm.dll+0x722bd5]
V  [jvm.dll+0x72412d]
V  [jvm.dll+0x7247e3]
V  [jvm.dll+0x242928]
V  [jvm.dll+0xbc4fc]
V  [jvm.dll+0xbca0c]
V  [jvm.dll+0x352d3b]
V  [jvm.dll+0x320ad3]
V  [jvm.dll+0x31ffca]
V  [jvm.dll+0x1fb602]
V  [jvm.dll+0x1fa7f4]
V  [jvm.dll+0x18354c]
V  [jvm.dll+0x208ee7]
V  [jvm.dll+0x207731]
V  [jvm.dll+0x6eb1cf]
V  [jvm.dll+0x6e3d45]
V  [jvm.dll+0x5ebe96]
C  [ucrtbase.dll+0x21bb2]
C  [KERNEL32.DLL+0x17034]
C  [ntdll.dll+0x52651]


---------------  P R O C E S S  ---------------

Threads class SMR info:
_java_thread_list=0x0000021ac09eb990, length=160, elements={
0x0000021a9ea69800, 0x0000021ab8dcb000, 0x0000021ab8dcc800, 0x0000021ab960c000,
0x0000021ab960e000, 0x0000021ab9610800, 0x0000021ab9657800, 0x0000021ab965c800,
0x0000021ab9660000, 0x0000021ab97cc800, 0x0000021aba687000, 0x0000021ab9941000,
0x0000021aba369000, 0x0000021aba3f7800, 0x0000021abb0e3000, 0x0000021abb540800,
0x0000021abb566800, 0x0000021abab47800, 0x0000021abaeda000, 0x0000021abb831800,
0x0000021abb82d800, 0x0000021abb832800, 0x0000021abb82e800, 0x0000021abb82d000,
0x0000021abb833800, 0x0000021abb82f800, 0x0000021abb830000, 0x0000021abb831000,
0x0000021abde02000, 0x0000021abddff800, 0x0000021abde04000, 0x0000021abde06800,
0x0000021abde07800, 0x0000021abde08800, 0x0000021abde02800, 0x0000021abde0d000,
0x0000021abde09000, 0x0000021abde0a000, 0x0000021abde0b000, 0x0000021abde0b800,
0x0000021abde0c800, 0x0000021abe23f000, 0x0000021abe239800, 0x0000021abe240000,
0x0000021abe23b000, 0x0000021abe23c000, 0x0000021abe23d800, 0x0000021abe23e800,
0x0000021abe23a800, 0x0000021abe241000, 0x0000021abe23c800, 0x0000021abe241800,
0x0000021abe247800, 0x0000021abe243800, 0x0000021abe245000, 0x0000021abe248000,
0x0000021abe246800, 0x0000021abe242800, 0x0000021abe244000, 0x0000021abe245800,
0x0000021abe5cc000, 0x0000021abe5c6800, 0x0000021abe5cd000, 0x0000021abe5ca800,
0x0000021abe5cb000, 0x0000021abe5c8000, 0x0000021abe5c9800, 0x0000021abe5c7000,
0x0000021abe5cd800, 0x0000021abe5ce800, 0x0000021abe5c8800, 0x0000021abe5d1800,
0x0000021abe5d0000, 0x0000021abe5d1000, 0x0000021abe5d4000, 0x0000021abe5d2800,
0x0000021abe5d3800, 0x0000021abe5d5000, 0x0000021abe5cf800, 0x0000021abed45800,
0x0000021abed4a800, 0x0000021abed44800, 0x0000021abed48000, 0x0000021abed48800,
0x0000021abed49800, 0x0000021abed4b000, 0x0000021abed4c000, 0x0000021abed46800,
0x0000021abed4d000, 0x0000021abed47000, 0x0000021abed52800, 0x0000021abed53800,
0x0000021abed4f800, 0x0000021abed4d800, 0x0000021abed4e800, 0x0000021abed50000,
0x0000021abed51000, 0x0000021abed51800, 0x0000021abe5d7000, 0x0000021abe5d6800,
0x0000021abe5db000, 0x0000021abe5da800, 0x0000021abe5d8000, 0x0000021abe5d9800,
0x0000021abe5dd000, 0x0000021abe5dc000, 0x0000021abe5de800, 0x0000021abe5dd800,
0x0000021abe5d8800, 0x0000021abe5e0000, 0x0000021abe5e5000, 0x0000021abe5e4000,
0x0000021abe5e1800, 0x0000021abe5df800, 0x0000021abe5e1000, 0x0000021abe5e2800,
0x0000021abe5e3800, 0x0000021abf91a800, 0x0000021abf91b800, 0x0000021abf919000,
0x0000021abf91c800, 0x0000021abf91a000, 0x0000021abf91d000, 0x0000021abf91e000,
0x0000021abf918800, 0x0000021abf923000, 0x0000021abf923800, 0x0000021abf921800,
0x0000021abf91f000, 0x0000021abf920800, 0x0000021abf924800, 0x0000021abf922000,
0x0000021abf925800, 0x0000021abf91f800, 0x0000021abf926000, 0x0000021abf927000,
0x0000021abec82000, 0x0000021abec83000, 0x0000021abec84000, 0x0000021abec7e000,
0x0000021abec84800, 0x0000021abec7f800, 0x0000021abec7f000, 0x0000021abec85800,
0x0000021abec86800, 0x0000021abec80800, 0x0000021abec87000, 0x0000021abec81800,
0x0000021abec89800, 0x0000021abec88000, 0x0000021abec8a800, 0x0000021abec88800,
0x0000021abec8d000, 0x0000021abec8b000, 0x0000021abec8c000, 0x0000021abe3b9800,
0x0000021abe3bb000, 0x0000021abe3bb800, 0x0000021abe3bc800, 0x0000021abe3c2800
}

Java Threads: ( => current thread )
  0x0000021a9ea69800 JavaThread "main" [_thread_blocked, id=4488, stack(0x0000004a9ec00000,0x0000004a9ed00000)]
  0x0000021ab8dcb000 JavaThread "Reference Handler" daemon [_thread_blocked, id=10972, stack(0x0000004a9f300000,0x0000004a9f400000)]
  0x0000021ab8dcc800 JavaThread "Finalizer" daemon [_thread_blocked, id=2312, stack(0x0000004a9f400000,0x0000004a9f500000)]
  0x0000021ab960c000 JavaThread "Signal Dispatcher" daemon [_thread_blocked, id=8528, stack(0x0000004a9f500000,0x0000004a9f600000)]
  0x0000021ab960e000 JavaThread "Attach Listener" daemon [_thread_blocked, id=832, stack(0x0000004a9f600000,0x0000004a9f700000)]
  0x0000021ab9610800 JavaThread "Service Thread" daemon [_thread_blocked, id=3128, stack(0x0000004a9f700000,0x0000004a9f800000)]
=>0x0000021ab9657800 JavaThread "C2 CompilerThread0" daemon [_thread_in_native, id=7976, stack(0x0000004a9f800000,0x0000004a9f900000)]
  0x0000021ab965c800 JavaThread "C1 CompilerThread0" daemon [_thread_in_native, id=9956, stack(0x0000004a9f900000,0x0000004a9fa00000)]
  0x0000021ab9660000 JavaThread "Sweeper thread" daemon [_thread_blocked, id=8848, stack(0x0000004a9fa00000,0x0000004a9fb00000)]
  0x0000021ab97cc800 JavaThread "Common-Cleaner" daemon [_thread_blocked, id=8600, stack(0x0000004a9fb00000,0x0000004a9fc00000)]
  0x0000021aba687000 JavaThread "Daemon health stats" [_thread_blocked, id=8212, stack(0x0000004aa0100000,0x0000004aa0200000)]
  0x0000021ab9941000 JavaThread "Incoming local TCP Connector on port 56883" [_thread_in_native, id=9548, stack(0x0000004aa0300000,0x0000004aa0400000)]
  0x0000021aba369000 JavaThread "Daemon periodic checks" [_thread_blocked, id=10632, stack(0x0000004aa0400000,0x0000004aa0500000)]
  0x0000021aba3f7800 JavaThread "Daemon" [_thread_blocked, id=11024, stack(0x0000004aa0500000,0x0000004aa0600000)]
  0x0000021abb0e3000 JavaThread "Handler for socket connection from /127.0.0.1:56883 to /127.0.0.1:56884" [_thread_in_native, id=3040, stack(0x0000004aa0600000,0x0000004aa0700000)]
  0x0000021abb540800 JavaThread "C2 CompilerThread1" daemon [_thread_in_native, id=8804, stack(0x0000004aa0700000,0x0000004aa0800000)]
  0x0000021abb566800 JavaThread "Cancel handler" [_thread_blocked, id=5060, stack(0x0000004aa0800000,0x0000004aa0900000)]
  0x0000021abab47800 JavaThread "Daemon worker" [_thread_in_Java, id=10156, stack(0x0000004aa0900000,0x0000004aa0a00000)]
  0x0000021abaeda000 JavaThread "Asynchronous log dispatcher for DefaultDaemonConnection: socket connection from /127.0.0.1:56883 to /127.0.0.1:56884" [_thread_blocked, id=5364, stack(0x0000004aa0a00000,0x0000004aa0b00000)]
  0x0000021abb831800 JavaThread "Stdin handler" [_thread_blocked, id=4216, stack(0x0000004aa0b00000,0x0000004aa0c00000)]
  0x0000021abb82d800 JavaThread "Thread-8" [_thread_blocked, id=9876, stack(0x0000004aa0c00000,0x0000004aa0d00000)]
  0x0000021abb832800 JavaThread "Cache worker for file hash cache (C:\Users\daler\.gradle\caches\6.7.1\fileHashes)" [_thread_blocked, id=8716, stack(0x0000004aa0d00000,0x0000004aa0e00000)]
  0x0000021abb82e800 JavaThread "File lock request listener" [_thread_in_native, id=32, stack(0x0000004aa0e00000,0x0000004aa0f00000)]
  0x0000021abb82d000 JavaThread "Cache worker for journal cache (C:\Users\daler\.gradle\caches\journal-1)" [_thread_blocked, id=9416, stack(0x0000004aa0f00000,0x0000004aa1000000)]
  0x0000021abb833800 JavaThread "Cache worker for file hash cache (C:\Users\daler\Documents\MyUni\.gradle\6.7.1\fileHashes)" [_thread_blocked, id=1004, stack(0x0000004aa1000000,0x0000004aa1100000)]
  0x0000021abb82f800 JavaThread "Cache worker for checksums cache (C:\Users\daler\Documents\MyUni\.gradle\checksums)" [_thread_blocked, id=3276, stack(0x0000004aa1100000,0x0000004aa1200000)]
  0x0000021abb830000 JavaThread "Cache worker for cache directory md-supplier (C:\Users\daler\.gradle\caches\6.7.1\md-supplier)" [_thread_blocked, id=10300, stack(0x0000004aa1200000,0x0000004aa1300000)]
  0x0000021abb831000 JavaThread "Cache worker for cache directory md-rule (C:\Users\daler\.gradle\caches\6.7.1\md-rule)" [_thread_blocked, id=3248, stack(0x0000004aa1300000,0x0000004aa1400000)]
  0x0000021abde02000 JavaThread "Cache worker for execution history cache (C:\Users\daler\.gradle\caches\6.7.1\executionHistory)" [_thread_blocked, id=4140, stack(0x0000004aa1400000,0x0000004aa1500000)]
  0x0000021abddff800 JavaThread "jar transforms" [_thread_blocked, id=2148, stack(0x0000004aa1500000,0x0000004aa1600000)]
  0x0000021abde04000 JavaThread "Cache worker for file content cache (C:\Users\daler\.gradle\caches\6.7.1\fileContent)" [_thread_blocked, id=2284, stack(0x0000004aa1600000,0x0000004aa1700000)]
  0x0000021abde06800 JavaThread "Cache worker for Build Output Cleanup Cache (C:\Users\daler\Documents\MyUni\.gradle\buildOutputCleanup)" [_thread_blocked, id=9756, stack(0x0000004aa1700000,0x0000004aa1800000)]
  0x0000021abde07800 JavaThread "Build operations" [_thread_blocked, id=7756, stack(0x0000004aa1800000,0x0000004aa1900000)]
  0x0000021abde08800 JavaThread "Build operations Thread 2" [_thread_blocked, id=9860, stack(0x0000004aa1900000,0x0000004aa1a00000)]
  0x0000021abde02800 JavaThread "Build operations Thread 3" [_thread_blocked, id=10276, stack(0x0000004aa1a00000,0x0000004aa1b00000)]
  0x0000021abde0d000 JavaThread "Build operations Thread 4" [_thread_blocked, id=2296, stack(0x0000004aa1b00000,0x0000004aa1c00000)]
  0x0000021abde09000 JavaThread "jar transforms Thread 2" [_thread_blocked, id=7568, stack(0x0000004aa1c00000,0x0000004aa1d00000)]
  0x0000021abde0a000 JavaThread "jar transforms Thread 3" [_thread_blocked, id=3692, stack(0x0000004aa1d00000,0x0000004aa1e00000)]
  0x0000021abde0b000 JavaThread "jar transforms Thread 4" [_thread_blocked, id=984, stack(0x0000004aa1e00000,0x0000004aa1f00000)]
  0x0000021abde0b800 JavaThread "jar transforms Thread 5" [_thread_blocked, id=2024, stack(0x0000004aa1f00000,0x0000004aa2000000)]
  0x0000021abde0c800 JavaThread "jar transforms Thread 6" [_thread_blocked, id=10896, stack(0x0000004aa2000000,0x0000004aa2100000)]
  0x0000021abe23f000 JavaThread "jar transforms Thread 7" [_thread_blocked, id=3180, stack(0x0000004aa2100000,0x0000004aa2200000)]
  0x0000021abe239800 JavaThread "jar transforms Thread 8" [_thread_blocked, id=6832, stack(0x0000004aa2200000,0x0000004aa2300000)]
  0x0000021abe240000 JavaThread "jar transforms Thread 9" [_thread_blocked, id=10056, stack(0x0000004aa2300000,0x0000004aa2400000)]
  0x0000021abe23b000 JavaThread "jar transforms Thread 10" [_thread_blocked, id=8856, stack(0x0000004aa2400000,0x0000004aa2500000)]
  0x0000021abe23c000 JavaThread "jar transforms Thread 11" [_thread_blocked, id=8144, stack(0x0000004aa2500000,0x0000004aa2600000)]
  0x0000021abe23d800 JavaThread "jar transforms Thread 12" [_thread_blocked, id=10444, stack(0x0000004aa2600000,0x0000004aa2700000)]
  0x0000021abe23e800 JavaThread "jar transforms Thread 13" [_thread_blocked, id=3448, stack(0x0000004aa2700000,0x0000004aa2800000)]
  0x0000021abe23a800 JavaThread "jar transforms Thread 14" [_thread_blocked, id=8668, stack(0x0000004aa2800000,0x0000004aa2900000)]
  0x0000021abe241000 JavaThread "jar transforms Thread 15" [_thread_blocked, id=4504, stack(0x0000004aa2900000,0x0000004aa2a00000)]
  0x0000021abe23c800 JavaThread "jar transforms Thread 16" [_thread_blocked, id=10432, stack(0x0000004aa2a00000,0x0000004aa2b00000)]
  0x0000021abe241800 JavaThread "jar transforms Thread 17" [_thread_blocked, id=8596, stack(0x0000004aa2b00000,0x0000004aa2c00000)]
  0x0000021abe247800 JavaThread "jar transforms Thread 18" [_thread_blocked, id=5036, stack(0x0000004aa2c00000,0x0000004aa2d00000)]
  0x0000021abe243800 JavaThread "jar transforms Thread 19" [_thread_blocked, id=8572, stack(0x0000004aa2d00000,0x0000004aa2e00000)]
  0x0000021abe245000 JavaThread "jar transforms Thread 20" [_thread_blocked, id=9692, stack(0x0000004aa2e00000,0x0000004aa2f00000)]
  0x0000021abe248000 JavaThread "jar transforms Thread 21" [_thread_blocked, id=1828, stack(0x0000004aa2f00000,0x0000004aa3000000)]
  0x0000021abe246800 JavaThread "jar transforms Thread 22" [_thread_blocked, id=10600, stack(0x0000004aa3000000,0x0000004aa3100000)]
  0x0000021abe242800 JavaThread "jar transforms Thread 23" [_thread_blocked, id=8424, stack(0x0000004aa3100000,0x0000004aa3200000)]
  0x0000021abe244000 JavaThread "jar transforms Thread 24" [_thread_blocked, id=3528, stack(0x0000004aa3200000,0x0000004aa3300000)]
  0x0000021abe245800 JavaThread "jar transforms Thread 25" [_thread_blocked, id=4424, stack(0x0000004aa3300000,0x0000004aa3400000)]
  0x0000021abe5cc000 JavaThread "jar transforms Thread 26" [_thread_blocked, id=2540, stack(0x0000004aa3400000,0x0000004aa3500000)]
  0x0000021abe5c6800 JavaThread "jar transforms Thread 27" [_thread_blocked, id=3240, stack(0x0000004aa3500000,0x0000004aa3600000)]
  0x0000021abe5cd000 JavaThread "jar transforms Thread 28" [_thread_blocked, id=4492, stack(0x0000004aa3600000,0x0000004aa3700000)]
  0x0000021abe5ca800 JavaThread "jar transforms Thread 29" [_thread_blocked, id=8256, stack(0x0000004aa3700000,0x0000004aa3800000)]
  0x0000021abe5cb000 JavaThread "jar transforms Thread 30" [_thread_blocked, id=9524, stack(0x0000004aa3800000,0x0000004aa3900000)]
  0x0000021abe5c8000 JavaThread "jar transforms Thread 31" [_thread_blocked, id=10268, stack(0x0000004aa3900000,0x0000004aa3a00000)]
  0x0000021abe5c9800 JavaThread "jar transforms Thread 32" [_thread_blocked, id=10588, stack(0x0000004aa3a00000,0x0000004aa3b00000)]
  0x0000021abe5c7000 JavaThread "jar transforms Thread 33" [_thread_blocked, id=932, stack(0x0000004aa3b00000,0x0000004aa3c00000)]
  0x0000021abe5cd800 JavaThread "jar transforms Thread 34" [_thread_blocked, id=2168, stack(0x0000004aa3c00000,0x0000004aa3d00000)]
  0x0000021abe5ce800 JavaThread "jar transforms Thread 35" [_thread_blocked, id=2088, stack(0x0000004aa3d00000,0x0000004aa3e00000)]
  0x0000021abe5c8800 JavaThread "jar transforms Thread 36" [_thread_blocked, id=4436, stack(0x0000004aa3e00000,0x0000004aa3f00000)]
  0x0000021abe5d1800 JavaThread "jar transforms Thread 37" [_thread_blocked, id=3380, stack(0x0000004aa3f00000,0x0000004aa4000000)]
  0x0000021abe5d0000 JavaThread "jar transforms Thread 38" [_thread_blocked, id=5264, stack(0x0000004aa4000000,0x0000004aa4100000)]
  0x0000021abe5d1000 JavaThread "jar transforms Thread 39" [_thread_blocked, id=9076, stack(0x0000004aa4100000,0x0000004aa4200000)]
  0x0000021abe5d4000 JavaThread "jar transforms Thread 40" [_thread_blocked, id=5788, stack(0x0000004aa4200000,0x0000004aa4300000)]
  0x0000021abe5d2800 JavaThread "jar transforms Thread 41" [_thread_blocked, id=4844, stack(0x0000004aa4300000,0x0000004aa4400000)]
  0x0000021abe5d3800 JavaThread "jar transforms Thread 42" [_thread_blocked, id=2468, stack(0x0000004aa4400000,0x0000004aa4500000)]
  0x0000021abe5d5000 JavaThread "jar transforms Thread 43" [_thread_blocked, id=10916, stack(0x0000004aa4500000,0x0000004aa4600000)]
  0x0000021abe5cf800 JavaThread "jar transforms Thread 44" [_thread_blocked, id=3668, stack(0x0000004aa4600000,0x0000004aa4700000)]
  0x0000021abed45800 JavaThread "jar transforms Thread 45" [_thread_blocked, id=8444, stack(0x0000004aa4700000,0x0000004aa4800000)]
  0x0000021abed4a800 JavaThread "jar transforms Thread 46" [_thread_blocked, id=7180, stack(0x0000004aa4800000,0x0000004aa4900000)]
  0x0000021abed44800 JavaThread "jar transforms Thread 47" [_thread_blocked, id=7184, stack(0x0000004aa4900000,0x0000004aa4a00000)]
  0x0000021abed48000 JavaThread "jar transforms Thread 48" [_thread_blocked, id=3908, stack(0x0000004aa4a00000,0x0000004aa4b00000)]
  0x0000021abed48800 JavaThread "jar transforms Thread 49" [_thread_blocked, id=6512, stack(0x0000004aa4b00000,0x0000004aa4c00000)]
  0x0000021abed49800 JavaThread "jar transforms Thread 50" [_thread_blocked, id=4080, stack(0x0000004aa4c00000,0x0000004aa4d00000)]
  0x0000021abed4b000 JavaThread "jar transforms Thread 51" [_thread_blocked, id=10820, stack(0x0000004aa4d00000,0x0000004aa4e00000)]
  0x0000021abed4c000 JavaThread "jar transforms Thread 52" [_thread_blocked, id=7804, stack(0x0000004aa4e00000,0x0000004aa4f00000)]
  0x0000021abed46800 JavaThread "jar transforms Thread 53" [_thread_blocked, id=10620, stack(0x0000004aa4f00000,0x0000004aa5000000)]
  0x0000021abed4d000 JavaThread "jar transforms Thread 54" [_thread_blocked, id=4240, stack(0x0000004aa5000000,0x0000004aa5100000)]
  0x0000021abed47000 JavaThread "jar transforms Thread 55" [_thread_blocked, id=6628, stack(0x0000004aa5100000,0x0000004aa5200000)]
  0x0000021abed52800 JavaThread "jar transforms Thread 56" [_thread_blocked, id=2924, stack(0x0000004aa5200000,0x0000004aa5300000)]
  0x0000021abed53800 JavaThread "jar transforms Thread 57" [_thread_blocked, id=2044, stack(0x0000004aa5300000,0x0000004aa5400000)]
  0x0000021abed4f800 JavaThread "jar transforms Thread 58" [_thread_blocked, id=11212, stack(0x0000004aa5400000,0x0000004aa5500000)]
  0x0000021abed4d800 JavaThread "jar transforms Thread 59" [_thread_blocked, id=5104, stack(0x0000004aa5500000,0x0000004aa5600000)]
  0x0000021abed4e800 JavaThread "jar transforms Thread 60" [_thread_blocked, id=1368, stack(0x0000004aa5600000,0x0000004aa5700000)]
  0x0000021abed50000 JavaThread "jar transforms Thread 61" [_thread_blocked, id=8736, stack(0x0000004aa5700000,0x0000004aa5800000)]
  0x0000021abed51000 JavaThread "jar transforms Thread 62" [_thread_blocked, id=10880, stack(0x0000004aa5800000,0x0000004aa5900000)]
  0x0000021abed51800 JavaThread "jar transforms Thread 63" [_thread_blocked, id=1544, stack(0x0000004aa5900000,0x0000004aa5a00000)]
  0x0000021abe5d7000 JavaThread "jar transforms Thread 64" [_thread_blocked, id=9128, stack(0x0000004aa5a00000,0x0000004aa5b00000)]
  0x0000021abe5d6800 JavaThread "jar transforms Thread 65" [_thread_blocked, id=9856, stack(0x0000004aa5b00000,0x0000004aa5c00000)]
  0x0000021abe5db000 JavaThread "jar transforms Thread 66" [_thread_blocked, id=1912, stack(0x0000004aa5c00000,0x0000004aa5d00000)]
  0x0000021abe5da800 JavaThread "jar transforms Thread 67" [_thread_blocked, id=10892, stack(0x0000004aa5d00000,0x0000004aa5e00000)]
  0x0000021abe5d8000 JavaThread "jar transforms Thread 68" [_thread_blocked, id=5432, stack(0x0000004aa5e00000,0x0000004aa5f00000)]
  0x0000021abe5d9800 JavaThread "jar transforms Thread 69" [_thread_blocked, id=2968, stack(0x0000004aa5f00000,0x0000004aa6000000)]
  0x0000021abe5dd000 JavaThread "jar transforms Thread 70" [_thread_blocked, id=6940, stack(0x0000004aa6000000,0x0000004aa6100000)]
  0x0000021abe5dc000 JavaThread "jar transforms Thread 71" [_thread_blocked, id=5472, stack(0x0000004aa6100000,0x0000004aa6200000)]
  0x0000021abe5de800 JavaThread "jar transforms Thread 72" [_thread_blocked, id=5112, stack(0x0000004aa6200000,0x0000004aa6300000)]
  0x0000021abe5dd800 JavaThread "jar transforms Thread 73" [_thread_blocked, id=10564, stack(0x0000004aa6300000,0x0000004aa6400000)]
  0x0000021abe5d8800 JavaThread "jar transforms Thread 74" [_thread_blocked, id=2528, stack(0x0000004aa6400000,0x0000004aa6500000)]
  0x0000021abe5e0000 JavaThread "jar transforms Thread 75" [_thread_blocked, id=5320, stack(0x0000004aa6500000,0x0000004aa6600000)]
  0x0000021abe5e5000 JavaThread "jar transforms Thread 76" [_thread_blocked, id=7164, stack(0x0000004aa6600000,0x0000004aa6700000)]
  0x0000021abe5e4000 JavaThread "jar transforms Thread 77" [_thread_blocked, id=7424, stack(0x0000004aa6700000,0x0000004aa6800000)]
  0x0000021abe5e1800 JavaThread "jar transforms Thread 78" [_thread_blocked, id=5116, stack(0x0000004aa6800000,0x0000004aa6900000)]
  0x0000021abe5df800 JavaThread "jar transforms Thread 79" [_thread_blocked, id=1540, stack(0x0000004aa6900000,0x0000004aa6a00000)]
  0x0000021abe5e1000 JavaThread "jar transforms Thread 80" [_thread_blocked, id=9968, stack(0x0000004aa6a00000,0x0000004aa6b00000)]
  0x0000021abe5e2800 JavaThread "jar transforms Thread 81" [_thread_blocked, id=9360, stack(0x0000004aa6b00000,0x0000004aa6c00000)]
  0x0000021abe5e3800 JavaThread "jar transforms Thread 82" [_thread_blocked, id=6552, stack(0x0000004aa6c00000,0x0000004aa6d00000)]
  0x0000021abf91a800 JavaThread "jar transforms Thread 83" [_thread_blocked, id=6960, stack(0x0000004aa6d00000,0x0000004aa6e00000)]
  0x0000021abf91b800 JavaThread "jar transforms Thread 84" [_thread_blocked, id=10812, stack(0x0000004aa6e00000,0x0000004aa6f00000)]
  0x0000021abf919000 JavaThread "jar transforms Thread 85" [_thread_blocked, id=1404, stack(0x0000004aa6f00000,0x0000004aa7000000)]
  0x0000021abf91c800 JavaThread "jar transforms Thread 86" [_thread_blocked, id=7176, stack(0x0000004aa7000000,0x0000004aa7100000)]
  0x0000021abf91a000 JavaThread "jar transforms Thread 87" [_thread_blocked, id=8460, stack(0x0000004aa7100000,0x0000004aa7200000)]
  0x0000021abf91d000 JavaThread "jar transforms Thread 88" [_thread_blocked, id=4800, stack(0x0000004aa7200000,0x0000004aa7300000)]
  0x0000021abf91e000 JavaThread "jar transforms Thread 89" [_thread_blocked, id=7644, stack(0x0000004aa7300000,0x0000004aa7400000)]
  0x0000021abf918800 JavaThread "jar transforms Thread 90" [_thread_blocked, id=6208, stack(0x0000004aa7400000,0x0000004aa7500000)]
  0x0000021abf923000 JavaThread "jar transforms Thread 91" [_thread_blocked, id=8016, stack(0x0000004aa7500000,0x0000004aa7600000)]
  0x0000021abf923800 JavaThread "jar transforms Thread 92" [_thread_blocked, id=6276, stack(0x0000004aa7600000,0x0000004aa7700000)]
  0x0000021abf921800 JavaThread "jar transforms Thread 93" [_thread_blocked, id=8080, stack(0x0000004aa7700000,0x0000004aa7800000)]
  0x0000021abf91f000 JavaThread "jar transforms Thread 94" [_thread_blocked, id=348, stack(0x0000004aa7800000,0x0000004aa7900000)]
  0x0000021abf920800 JavaThread "jar transforms Thread 95" [_thread_blocked, id=7144, stack(0x0000004aa7900000,0x0000004aa7a00000)]
  0x0000021abf924800 JavaThread "jar transforms Thread 96" [_thread_blocked, id=9480, stack(0x0000004aa7a00000,0x0000004aa7b00000)]
  0x0000021abf922000 JavaThread "jar transforms Thread 97" [_thread_blocked, id=2472, stack(0x0000004aa7b00000,0x0000004aa7c00000)]
  0x0000021abf925800 JavaThread "jar transforms Thread 98" [_thread_blocked, id=2512, stack(0x0000004aa7c00000,0x0000004aa7d00000)]
  0x0000021abf91f800 JavaThread "jar transforms Thread 99" [_thread_blocked, id=5864, stack(0x0000004aa7d00000,0x0000004aa7e00000)]
  0x0000021abf926000 JavaThread "jar transforms Thread 100" [_thread_blocked, id=1948, stack(0x0000004aa7e00000,0x0000004aa7f00000)]
  0x0000021abf927000 JavaThread "jar transforms Thread 101" [_thread_blocked, id=2792, stack(0x0000004aa7f00000,0x0000004aa8000000)]
  0x0000021abec82000 JavaThread "jar transforms Thread 102" [_thread_blocked, id=9736, stack(0x0000004aa8000000,0x0000004aa8100000)]
  0x0000021abec83000 JavaThread "jar transforms Thread 103" [_thread_blocked, id=2588, stack(0x0000004aa8100000,0x0000004aa8200000)]
  0x0000021abec84000 JavaThread "jar transforms Thread 104" [_thread_blocked, id=3312, stack(0x0000004aa8200000,0x0000004aa8300000)]
  0x0000021abec7e000 JavaThread "jar transforms Thread 105" [_thread_blocked, id=6428, stack(0x0000004aa8300000,0x0000004aa8400000)]
  0x0000021abec84800 JavaThread "jar transforms Thread 106" [_thread_blocked, id=2516, stack(0x0000004aa8400000,0x0000004aa8500000)]
  0x0000021abec7f800 JavaThread "jar transforms Thread 107" [_thread_blocked, id=5548, stack(0x0000004aa8500000,0x0000004aa8600000)]
  0x0000021abec7f000 JavaThread "jar transforms Thread 108" [_thread_blocked, id=4892, stack(0x0000004aa8600000,0x0000004aa8700000)]
  0x0000021abec85800 JavaThread "jar transforms Thread 109" [_thread_blocked, id=5468, stack(0x0000004aa8700000,0x0000004aa8800000)]
  0x0000021abec86800 JavaThread "jar transforms Thread 110" [_thread_blocked, id=5768, stack(0x0000004aa8800000,0x0000004aa8900000)]
  0x0000021abec80800 JavaThread "jar transforms Thread 111" [_thread_blocked, id=3416, stack(0x0000004aa8900000,0x0000004aa8a00000)]
  0x0000021abec87000 JavaThread "jar transforms Thread 112" [_thread_blocked, id=11148, stack(0x0000004aa8a00000,0x0000004aa8b00000)]
  0x0000021abec81800 JavaThread "jar transforms Thread 113" [_thread_blocked, id=6976, stack(0x0000004aa8b00000,0x0000004aa8c00000)]
  0x0000021abec89800 JavaThread "jar transforms Thread 114" [_thread_blocked, id=6756, stack(0x0000004aa8c00000,0x0000004aa8d00000)]
  0x0000021abec88000 JavaThread "jar transforms Thread 115" [_thread_blocked, id=6388, stack(0x0000004aa8d00000,0x0000004aa8e00000)]
  0x0000021abec8a800 JavaThread "jar transforms Thread 116" [_thread_blocked, id=9432, stack(0x0000004aa8e00000,0x0000004aa8f00000)]
  0x0000021abec88800 JavaThread "jar transforms Thread 117" [_thread_blocked, id=6200, stack(0x0000004aa8f00000,0x0000004aa9000000)]
  0x0000021abec8d000 JavaThread "jar transforms Thread 118" [_thread_blocked, id=3488, stack(0x0000004aa9000000,0x0000004aa9100000)]
  0x0000021abec8b000 JavaThread "jar transforms Thread 119" [_thread_blocked, id=9964, stack(0x0000004aa9100000,0x0000004aa9200000)]
  0x0000021abec8c000 JavaThread "jar transforms Thread 120" [_thread_blocked, id=9084, stack(0x0000004aa9200000,0x0000004aa9300000)]
  0x0000021abe3b9800 JavaThread "jar transforms Thread 121" [_thread_blocked, id=9684, stack(0x0000004aa9300000,0x0000004aa9400000)]
  0x0000021abe3bb000 JavaThread "jar transforms Thread 122" [_thread_blocked, id=9944, stack(0x0000004aa9400000,0x0000004aa9500000)]
  0x0000021abe3bb800 JavaThread "jar transforms Thread 123" [_thread_blocked, id=9268, stack(0x0000004aa9500000,0x0000004aa9600000)]
  0x0000021abe3bc800 JavaThread "Memory manager" [_thread_blocked, id=10776, stack(0x0000004aa9600000,0x0000004aa9700000)]
  0x0000021abe3c2800 JavaThread "build event listener" [_thread_blocked, id=10544, stack(0x0000004aa9700000,0x0000004aa9800000)]

Other Threads:
  0x0000021ab8dc6000 VMThread "VM Thread" [stack: 0x0000004a9f200000,0x0000004a9f300000] [id=2796]
  0x0000021ab9804800 WatcherThread [stack: 0x0000004a9fc00000,0x0000004a9fd00000] [id=960]
  0x0000021a9ea83000 GCTaskThread "GC Thread#0" [stack: 0x0000004a9ed00000,0x0000004a9ee00000] [id=7776]
  0x0000021aba334000 GCTaskThread "GC Thread#1" [stack: 0x0000004a9fe00000,0x0000004a9ff00000] [id=7612]
  0x0000021aba162800 GCTaskThread "GC Thread#2" [stack: 0x0000004a9ff00000,0x0000004aa0000000] [id=6920]
  0x0000021aba23d000 GCTaskThread "GC Thread#3" [stack: 0x0000004aa0000000,0x0000004aa0100000] [id=8484]
  0x0000021a9eab4000 ConcurrentGCThread "G1 Main Marker" [stack: 0x0000004a9ee00000,0x0000004a9ef00000] [id=6324]
  0x0000021a9eab5800 ConcurrentGCThread "G1 Conc#0" [stack: 0x0000004a9ef00000,0x0000004a9f000000] [id=9540]
  0x0000021ab8c34800 ConcurrentGCThread "G1 Refine#0" [stack: 0x0000004a9f000000,0x0000004a9f100000] [id=7460]
  0x0000021ab8c35000 ConcurrentGCThread "G1 Young RemSet Sampling" [stack: 0x0000004a9f100000,0x0000004a9f200000] [id=10072]

Threads with active compile tasks:
C2 CompilerThread0   5989 5915       4       java.lang.Class::getMethodsRecursive (99 bytes)
C2 CompilerThread1   5989 5916       4       groovy.lang.MetaClassImpl::addMetaMethodToIndex (65 bytes)

VM state:not at safepoint (normal execution)

VM Mutex/Monitor currently owned by a thread: None

Heap address: 0x0000000080000000, size: 2048 MB, Compressed Oops mode: 32-bit
Narrow klass base: 0x0000000000000000, Narrow klass shift: 3
Compressed class space size: 1073741824 Address: 0x0000000100000000

Heap:
 garbage-first heap   total 262144K, used 111835K [0x0000000080000000, 0x0000000100000000)
  region size 1024K, 65 young (66560K), 6 survivors (6144K)
 Metaspace       used 62353K, capacity 63849K, committed 64128K, reserved 1105920K
  class space    used 7925K, capacity 8485K, committed 8576K, reserved 1048576K
Heap Regions: E=young(eden), S=young(survivor), O=old, HS=humongous(starts), HC=humongous(continues), CS=collection set, F=free, A=archive, TAMS=top-at-mark-start (previous, next)
|   0|0x0000000080000000, 0x0000000080100000, 0x0000000080100000|100%| O|  |TAMS 0x0000000080100000, 0x0000000080000000| Untracked 
|   1|0x0000000080100000, 0x0000000080200000, 0x0000000080200000|100%| O|  |TAMS 0x0000000080200000, 0x0000000080100000| Untracked 
|   2|0x0000000080200000, 0x0000000080300000, 0x0000000080300000|100%| O|  |TAMS 0x0000000080300000, 0x0000000080200000| Untracked 
|   3|0x0000000080300000, 0x0000000080400000, 0x0000000080400000|100%|HS|  |TAMS 0x0000000080400000, 0x0000000080300000| Complete 
|   4|0x0000000080400000, 0x0000000080500000, 0x0000000080500000|100%|HC|  |TAMS 0x0000000080500000, 0x0000000080400000| Complete 
|   5|0x0000000080500000, 0x0000000080600000, 0x0000000080600000|100%|HC|  |TAMS 0x0000000080600000, 0x0000000080500000| Complete 
|   6|0x0000000080600000, 0x0000000080700000, 0x0000000080700000|100%| O|  |TAMS 0x0000000080700000, 0x0000000080600000| Untracked 
|   7|0x0000000080700000, 0x0000000080800000, 0x0000000080800000|100%| O|  |TAMS 0x0000000080800000, 0x0000000080700000| Untracked 
|   8|0x0000000080800000, 0x0000000080900000, 0x0000000080900000|100%| O|  |TAMS 0x0000000080900000, 0x0000000080800000| Untracked 
|   9|0x0000000080900000, 0x0000000080a00000, 0x0000000080a00000|100%| O|  |TAMS 0x0000000080a00000, 0x0000000080900000| Untracked 
|  10|0x0000000080a00000, 0x0000000080b00000, 0x0000000080b00000|100%| O|  |TAMS 0x0000000080b00000, 0x0000000080a00000| Untracked 
|  11|0x0000000080b00000, 0x0000000080c00000, 0x0000000080c00000|100%| O|  |TAMS 0x0000000080c00000, 0x0000000080b00000| Untracked 
|  12|0x0000000080c00000, 0x0000000080d00000, 0x0000000080d00000|100%| O|  |TAMS 0x0000000080d00000, 0x0000000080c00000| Untracked 
|  13|0x0000000080d00000, 0x0000000080e00000, 0x0000000080e00000|100%| O|  |TAMS 0x0000000080e00000, 0x0000000080d00000| Untracked 
|  14|0x0000000080e00000, 0x0000000080f00000, 0x0000000080f00000|100%| O|  |TAMS 0x0000000080f00000, 0x0000000080e00000| Untracked 
|  15|0x0000000080f00000, 0x0000000081000000, 0x0000000081000000|100%| O|  |TAMS 0x0000000081000000, 0x0000000080f00000| Untracked 
|  16|0x0000000081000000, 0x0000000081100000, 0x0000000081100000|100%|HS|  |TAMS 0x0000000081100000, 0x0000000081000000| Complete 
|  17|0x0000000081100000, 0x0000000081200000, 0x0000000081200000|100%|HS|  |TAMS 0x0000000081200000, 0x0000000081100000| Complete 
|  18|0x0000000081200000, 0x0000000081300000, 0x0000000081300000|100%|HS|  |TAMS 0x0000000081300000, 0x0000000081200000| Complete 
|  19|0x0000000081300000, 0x0000000081400000, 0x0000000081400000|100%|HC|  |TAMS 0x0000000081400000, 0x0000000081300000| Complete 
|  20|0x0000000081400000, 0x0000000081500000, 0x0000000081500000|100%|HC|  |TAMS 0x0000000081500000, 0x0000000081400000| Complete 
|  21|0x0000000081500000, 0x0000000081600000, 0x0000000081600000|100%|HS|  |TAMS 0x0000000081600000, 0x0000000081500000| Complete 
|  22|0x0000000081600000, 0x0000000081700000, 0x0000000081700000|100%|HC|  |TAMS 0x0000000081700000, 0x0000000081600000| Complete 
|  23|0x0000000081700000, 0x0000000081800000, 0x0000000081800000|100%| O|  |TAMS 0x0000000081800000, 0x0000000081700000| Untracked 
|  24|0x0000000081800000, 0x0000000081900000, 0x0000000081900000|100%| O|  |TAMS 0x0000000081900000, 0x0000000081800000| Untracked 
|  25|0x0000000081900000, 0x0000000081a00000, 0x0000000081a00000|100%| O|  |TAMS 0x0000000081a00000, 0x0000000081900000| Untracked 
|  26|0x0000000081a00000, 0x0000000081b00000, 0x0000000081b00000|100%| O|  |TAMS 0x0000000081b00000, 0x0000000081a00000| Untracked 
|  27|0x0000000081b00000, 0x0000000081c00000, 0x0000000081c00000|100%| O|  |TAMS 0x0000000081c00000, 0x0000000081b00000| Untracked 
|  28|0x0000000081c00000, 0x0000000081d00000, 0x0000000081d00000|100%| O|  |TAMS 0x0000000081d00000, 0x0000000081c00000| Untracked 
|  29|0x0000000081d00000, 0x0000000081d00000, 0x0000000081e00000|  0%| F|  |TAMS 0x0000000081d00000, 0x0000000081d00000| Untracked 
|  30|0x0000000081e00000, 0x0000000081f00000, 0x0000000081f00000|100%| O|  |TAMS 0x0000000081f00000, 0x0000000081e00000| Untracked 
|  31|0x0000000081f00000, 0x0000000082000000, 0x0000000082000000|100%| O|  |TAMS 0x0000000082000000, 0x0000000081f00000| Untracked 
|  32|0x0000000082000000, 0x0000000082100000, 0x0000000082100000|100%| O|  |TAMS 0x0000000082100000, 0x0000000082000000| Untracked 
|  33|0x0000000082100000, 0x0000000082200000, 0x0000000082200000|100%| O|  |TAMS 0x0000000082200000, 0x0000000082100000| Untracked 
|  34|0x0000000082200000, 0x0000000082300000, 0x0000000082300000|100%| O|  |TAMS 0x0000000082300000, 0x0000000082200000| Untracked 
|  35|0x0000000082300000, 0x0000000082400000, 0x0000000082400000|100%| O|  |TAMS 0x0000000082400000, 0x0000000082300000| Untracked 
|  36|0x0000000082400000, 0x0000000082500000, 0x0000000082500000|100%| O|  |TAMS 0x0000000082500000, 0x0000000082400000| Untracked 
|  37|0x0000000082500000, 0x0000000082600000, 0x0000000082600000|100%| O|  |TAMS 0x0000000082600000, 0x0000000082500000| Untracked 
|  38|0x0000000082600000, 0x0000000082700000, 0x0000000082700000|100%| O|  |TAMS 0x0000000082700000, 0x0000000082600000| Untracked 
|  39|0x0000000082700000, 0x0000000082800000, 0x0000000082800000|100%| O|  |TAMS 0x0000000082800000, 0x0000000082700000| Untracked 
|  40|0x0000000082800000, 0x0000000082900000, 0x0000000082900000|100%| O|  |TAMS 0x0000000082900000, 0x0000000082800000| Untracked 
|  41|0x0000000082900000, 0x0000000082a00000, 0x0000000082a00000|100%| O|  |TAMS 0x0000000082a00000, 0x0000000082900000| Untracked 
|  42|0x0000000082a00000, 0x0000000082b00000, 0x0000000082b00000|100%| O|  |TAMS 0x0000000082b00000, 0x0000000082a00000| Untracked 
|  43|0x0000000082b00000, 0x0000000082c00000, 0x0000000082c00000|100%| O|  |TAMS 0x0000000082c00000, 0x0000000082b00000| Untracked 
|  44|0x0000000082c00000, 0x0000000082d00000, 0x0000000082d00000|100%| O|  |TAMS 0x0000000082d00000, 0x0000000082c00000| Untracked 
|  45|0x0000000082d00000, 0x0000000082e00000, 0x0000000082e00000|100%| O|  |TAMS 0x0000000082e00000, 0x0000000082d00000| Untracked 
|  46|0x0000000082e00000, 0x0000000082e36e00, 0x0000000082f00000| 21%| O|  |TAMS 0x0000000082e36e00, 0x0000000082e00000| Untracked 
|  47|0x0000000082f00000, 0x0000000082f00000, 0x0000000083000000|  0%| F|  |TAMS 0x0000000082f00000, 0x0000000082f00000| Untracked 
|  48|0x0000000083000000, 0x0000000083000000, 0x0000000083100000|  0%| F|  |TAMS 0x0000000083000000, 0x0000000083000000| Untracked 
|  49|0x0000000083100000, 0x0000000083100000, 0x0000000083200000|  0%| F|  |TAMS 0x0000000083100000, 0x0000000083100000| Untracked 
|  50|0x0000000083200000, 0x0000000083200000, 0x0000000083300000|  0%| F|  |TAMS 0x0000000083200000, 0x0000000083200000| Untracked 
|  51|0x0000000083300000, 0x0000000083300000, 0x0000000083400000|  0%| F|  |TAMS 0x0000000083300000, 0x0000000083300000| Untracked 
|  52|0x0000000083400000, 0x0000000083400000, 0x0000000083500000|  0%| F|  |TAMS 0x0000000083400000, 0x0000000083400000| Untracked 
|  53|0x0000000083500000, 0x0000000083500000, 0x0000000083600000|  0%| F|  |TAMS 0x0000000083500000, 0x0000000083500000| Untracked 
|  54|0x0000000083600000, 0x0000000083600000, 0x0000000083700000|  0%| F|  |TAMS 0x0000000083600000, 0x0000000083600000| Untracked 
|  55|0x0000000083700000, 0x0000000083700000, 0x0000000083800000|  0%| F|  |TAMS 0x0000000083700000, 0x0000000083700000| Untracked 
|  56|0x0000000083800000, 0x0000000083800000, 0x0000000083900000|  0%| F|  |TAMS 0x0000000083800000, 0x0000000083800000| Untracked 
|  57|0x0000000083900000, 0x0000000083900000, 0x0000000083a00000|  0%| F|  |TAMS 0x0000000083900000, 0x0000000083900000| Untracked 
|  58|0x0000000083a00000, 0x0000000083a00000, 0x0000000083b00000|  0%| F|  |TAMS 0x0000000083a00000, 0x0000000083a00000| Untracked 
|  59|0x0000000083b00000, 0x0000000083b00000, 0x0000000083c00000|  0%| F|  |TAMS 0x0000000083b00000, 0x0000000083b00000| Untracked 
|  60|0x0000000083c00000, 0x0000000083c00000, 0x0000000083d00000|  0%| F|  |TAMS 0x0000000083c00000, 0x0000000083c00000| Untracked 
|  61|0x0000000083d00000, 0x0000000083d00000, 0x0000000083e00000|  0%| F|  |TAMS 0x0000000083d00000, 0x0000000083d00000| Untracked 
|  62|0x0000000083e00000, 0x0000000083e00000, 0x0000000083f00000|  0%| F|  |TAMS 0x0000000083e00000, 0x0000000083e00000| Untracked 
|  63|0x0000000083f00000, 0x0000000083f00000, 0x0000000084000000|  0%| F|  |TAMS 0x0000000083f00000, 0x0000000083f00000| Untracked 
|  64|0x0000000084000000, 0x0000000084000000, 0x0000000084100000|  0%| F|  |TAMS 0x0000000084000000, 0x0000000084000000| Untracked 
|  65|0x0000000084100000, 0x0000000084100000, 0x0000000084200000|  0%| F|  |TAMS 0x0000000084100000, 0x0000000084100000| Untracked 
|  66|0x0000000084200000, 0x0000000084200000, 0x0000000084300000|  0%| F|  |TAMS 0x0000000084200000, 0x0000000084200000| Untracked 
|  67|0x0000000084300000, 0x0000000084300000, 0x0000000084400000|  0%| F|  |TAMS 0x0000000084300000, 0x0000000084300000| Untracked 
|  68|0x0000000084400000, 0x0000000084400000, 0x0000000084500000|  0%| F|  |TAMS 0x0000000084400000, 0x0000000084400000| Untracked 
|  69|0x0000000084500000, 0x0000000084500000, 0x0000000084600000|  0%| F|  |TAMS 0x0000000084500000, 0x0000000084500000| Untracked 
|  70|0x0000000084600000, 0x0000000084600000, 0x0000000084700000|  0%| F|  |TAMS 0x0000000084600000, 0x0000000084600000| Untracked 
|  71|0x0000000084700000, 0x0000000084700000, 0x0000000084800000|  0%| F|  |TAMS 0x0000000084700000, 0x0000000084700000| Untracked 
|  72|0x0000000084800000, 0x0000000084800000, 0x0000000084900000|  0%| F|  |TAMS 0x0000000084800000, 0x0000000084800000| Untracked 
|  73|0x0000000084900000, 0x0000000084900000, 0x0000000084a00000|  0%| F|  |TAMS 0x0000000084900000, 0x0000000084900000| Untracked 
|  74|0x0000000084a00000, 0x0000000084a00000, 0x0000000084b00000|  0%| F|  |TAMS 0x0000000084a00000, 0x0000000084a00000| Untracked 
|  75|0x0000000084b00000, 0x0000000084b00000, 0x0000000084c00000|  0%| F|  |TAMS 0x0000000084b00000, 0x0000000084b00000| Untracked 
|  76|0x0000000084c00000, 0x0000000084c00000, 0x0000000084d00000|  0%| F|  |TAMS 0x0000000084c00000, 0x0000000084c00000| Untracked 
|  77|0x0000000084d00000, 0x0000000084d00000, 0x0000000084e00000|  0%| F|  |TAMS 0x0000000084d00000, 0x0000000084d00000| Untracked 
|  78|0x0000000084e00000, 0x0000000084e00000, 0x0000000084f00000|  0%| F|  |TAMS 0x0000000084e00000, 0x0000000084e00000| Untracked 
|  79|0x0000000084f00000, 0x0000000084f00000, 0x0000000085000000|  0%| F|  |TAMS 0x0000000084f00000, 0x0000000084f00000| Untracked 
|  80|0x0000000085000000, 0x0000000085000000, 0x0000000085100000|  0%| F|  |TAMS 0x0000000085000000, 0x0000000085000000| Untracked 
|  81|0x0000000085100000, 0x0000000085100000, 0x0000000085200000|  0%| F|  |TAMS 0x0000000085100000, 0x0000000085100000| Untracked 
|  82|0x0000000085200000, 0x0000000085200000, 0x0000000085300000|  0%| F|  |TAMS 0x0000000085200000, 0x0000000085200000| Untracked 
|  83|0x0000000085300000, 0x0000000085300000, 0x0000000085400000|  0%| F|  |TAMS 0x0000000085300000, 0x0000000085300000| Untracked 
|  84|0x0000000085400000, 0x0000000085400000, 0x0000000085500000|  0%| F|  |TAMS 0x0000000085400000, 0x0000000085400000| Untracked 
|  85|0x0000000085500000, 0x0000000085500000, 0x0000000085600000|  0%| F|  |TAMS 0x0000000085500000, 0x0000000085500000| Untracked 
|  86|0x0000000085600000, 0x0000000085600000, 0x0000000085700000|  0%| F|  |TAMS 0x0000000085600000, 0x0000000085600000| Untracked 
|  87|0x0000000085700000, 0x0000000085700000, 0x0000000085800000|  0%| F|  |TAMS 0x0000000085700000, 0x0000000085700000| Untracked 
|  88|0x0000000085800000, 0x0000000085800000, 0x0000000085900000|  0%| F|  |TAMS 0x0000000085800000, 0x0000000085800000| Untracked 
|  89|0x0000000085900000, 0x0000000085900000, 0x0000000085a00000|  0%| F|  |TAMS 0x0000000085900000, 0x0000000085900000| Untracked 
|  90|0x0000000085a00000, 0x0000000085a00000, 0x0000000085b00000|  0%| F|  |TAMS 0x0000000085a00000, 0x0000000085a00000| Untracked 
|  91|0x0000000085b00000, 0x0000000085b00000, 0x0000000085c00000|  0%| F|  |TAMS 0x0000000085b00000, 0x0000000085b00000| Untracked 
|  92|0x0000000085c00000, 0x0000000085c00000, 0x0000000085d00000|  0%| F|  |TAMS 0x0000000085c00000, 0x0000000085c00000| Untracked 
|  93|0x0000000085d00000, 0x0000000085d00000, 0x0000000085e00000|  0%| F|  |TAMS 0x0000000085d00000, 0x0000000085d00000| Untracked 
|  94|0x0000000085e00000, 0x0000000085e00000, 0x0000000085f00000|  0%| F|  |TAMS 0x0000000085e00000, 0x0000000085e00000| Untracked 
|  95|0x0000000085f00000, 0x0000000085f00000, 0x0000000086000000|  0%| F|  |TAMS 0x0000000085f00000, 0x0000000085f00000| Untracked 
|  96|0x0000000086000000, 0x0000000086000000, 0x0000000086100000|  0%| F|  |TAMS 0x0000000086000000, 0x0000000086000000| Untracked 
|  97|0x0000000086100000, 0x0000000086100000, 0x0000000086200000|  0%| F|  |TAMS 0x0000000086100000, 0x0000000086100000| Untracked 
|  98|0x0000000086200000, 0x0000000086200000, 0x0000000086300000|  0%| F|  |TAMS 0x0000000086200000, 0x0000000086200000| Untracked 
|  99|0x0000000086300000, 0x0000000086300000, 0x0000000086400000|  0%| F|  |TAMS 0x0000000086300000, 0x0000000086300000| Untracked 
| 100|0x0000000086400000, 0x0000000086400000, 0x0000000086500000|  0%| F|  |TAMS 0x0000000086400000, 0x0000000086400000| Untracked 
| 101|0x0000000086500000, 0x0000000086500000, 0x0000000086600000|  0%| F|  |TAMS 0x0000000086500000, 0x0000000086500000| Untracked 
| 102|0x0000000086600000, 0x0000000086600000, 0x0000000086700000|  0%| F|  |TAMS 0x0000000086600000, 0x0000000086600000| Untracked 
| 103|0x0000000086700000, 0x0000000086700000, 0x0000000086800000|  0%| F|  |TAMS 0x0000000086700000, 0x0000000086700000| Untracked 
| 104|0x0000000086800000, 0x0000000086800000, 0x0000000086900000|  0%| F|  |TAMS 0x0000000086800000, 0x0000000086800000| Untracked 
| 105|0x0000000086900000, 0x0000000086900000, 0x0000000086a00000|  0%| F|  |TAMS 0x0000000086900000, 0x0000000086900000| Untracked 
| 106|0x0000000086a00000, 0x0000000086a00000, 0x0000000086b00000|  0%| F|  |TAMS 0x0000000086a00000, 0x0000000086a00000| Untracked 
| 107|0x0000000086b00000, 0x0000000086b00000, 0x0000000086c00000|  0%| F|  |TAMS 0x0000000086b00000, 0x0000000086b00000| Untracked 
| 108|0x0000000086c00000, 0x0000000086c00000, 0x0000000086d00000|  0%| F|  |TAMS 0x0000000086c00000, 0x0000000086c00000| Untracked 
| 109|0x0000000086d00000, 0x0000000086d00000, 0x0000000086e00000|  0%| F|  |TAMS 0x0000000086d00000, 0x0000000086d00000| Untracked 
| 110|0x0000000086e00000, 0x0000000086e00000, 0x0000000086f00000|  0%| F|  |TAMS 0x0000000086e00000, 0x0000000086e00000| Untracked 
| 111|0x0000000086f00000, 0x0000000086f00000, 0x0000000087000000|  0%| F|  |TAMS 0x0000000086f00000, 0x0000000086f00000| Untracked 
| 112|0x0000000087000000, 0x0000000087000000, 0x0000000087100000|  0%| F|  |TAMS 0x0000000087000000, 0x0000000087000000| Untracked 
| 113|0x0000000087100000, 0x0000000087100000, 0x0000000087200000|  0%| F|  |TAMS 0x0000000087100000, 0x0000000087100000| Untracked 
| 114|0x0000000087200000, 0x0000000087200000, 0x0000000087300000|  0%| F|  |TAMS 0x0000000087200000, 0x0000000087200000| Untracked 
| 115|0x0000000087300000, 0x0000000087300000, 0x0000000087400000|  0%| F|  |TAMS 0x0000000087300000, 0x0000000087300000| Untracked 
| 116|0x0000000087400000, 0x0000000087400000, 0x0000000087500000|  0%| F|  |TAMS 0x0000000087400000, 0x0000000087400000| Untracked 
| 117|0x0000000087500000, 0x0000000087500000, 0x0000000087600000|  0%| F|  |TAMS 0x0000000087500000, 0x0000000087500000| Untracked 
| 118|0x0000000087600000, 0x0000000087600000, 0x0000000087700000|  0%| F|  |TAMS 0x0000000087600000, 0x0000000087600000| Untracked 
| 119|0x0000000087700000, 0x0000000087700000, 0x0000000087800000|  0%| F|  |TAMS 0x0000000087700000, 0x0000000087700000| Untracked 
| 120|0x0000000087800000, 0x0000000087800000, 0x0000000087900000|  0%| F|  |TAMS 0x0000000087800000, 0x0000000087800000| Untracked 
| 121|0x0000000087900000, 0x0000000087900000, 0x0000000087a00000|  0%| F|  |TAMS 0x0000000087900000, 0x0000000087900000| Untracked 
| 122|0x0000000087a00000, 0x0000000087a00000, 0x0000000087b00000|  0%| F|  |TAMS 0x0000000087a00000, 0x0000000087a00000| Untracked 
| 123|0x0000000087b00000, 0x0000000087b00000, 0x0000000087c00000|  0%| F|  |TAMS 0x0000000087b00000, 0x0000000087b00000| Untracked 
| 124|0x0000000087c00000, 0x0000000087c00000, 0x0000000087d00000|  0%| F|  |TAMS 0x0000000087c00000, 0x0000000087c00000| Untracked 
| 125|0x0000000087d00000, 0x0000000087d00000, 0x0000000087e00000|  0%| F|  |TAMS 0x0000000087d00000, 0x0000000087d00000| Untracked 
| 126|0x0000000087e00000, 0x0000000087e00000, 0x0000000087f00000|  0%| F|  |TAMS 0x0000000087e00000, 0x0000000087e00000| Untracked 
| 127|0x0000000087f00000, 0x0000000087f00000, 0x0000000088000000|  0%| F|  |TAMS 0x0000000087f00000, 0x0000000087f00000| Untracked 
| 128|0x0000000088000000, 0x0000000088000000, 0x0000000088100000|  0%| F|  |TAMS 0x0000000088000000, 0x0000000088000000| Untracked 
| 129|0x0000000088100000, 0x0000000088100000, 0x0000000088200000|  0%| F|  |TAMS 0x0000000088100000, 0x0000000088100000| Untracked 
| 130|0x0000000088200000, 0x0000000088200000, 0x0000000088300000|  0%| F|  |TAMS 0x0000000088200000, 0x0000000088200000| Untracked 
| 131|0x0000000088300000, 0x0000000088300000, 0x0000000088400000|  0%| F|  |TAMS 0x0000000088300000, 0x0000000088300000| Untracked 
| 132|0x0000000088400000, 0x0000000088400000, 0x0000000088500000|  0%| F|  |TAMS 0x0000000088400000, 0x0000000088400000| Untracked 
| 133|0x0000000088500000, 0x0000000088500000, 0x0000000088600000|  0%| F|  |TAMS 0x0000000088500000, 0x0000000088500000| Untracked 
| 134|0x0000000088600000, 0x0000000088600000, 0x0000000088700000|  0%| F|  |TAMS 0x0000000088600000, 0x0000000088600000| Untracked 
| 135|0x0000000088700000, 0x0000000088700000, 0x0000000088800000|  0%| F|  |TAMS 0x0000000088700000, 0x0000000088700000| Untracked 
| 136|0x0000000088800000, 0x0000000088800000, 0x0000000088900000|  0%| F|  |TAMS 0x0000000088800000, 0x0000000088800000| Untracked 
| 137|0x0000000088900000, 0x0000000088900000, 0x0000000088a00000|  0%| F|  |TAMS 0x0000000088900000, 0x0000000088900000| Untracked 
| 138|0x0000000088a00000, 0x0000000088a00000, 0x0000000088b00000|  0%| F|  |TAMS 0x0000000088a00000, 0x0000000088a00000| Untracked 
| 139|0x0000000088b00000, 0x0000000088b00000, 0x0000000088c00000|  0%| F|  |TAMS 0x0000000088b00000, 0x0000000088b00000| Untracked 
| 140|0x0000000088c00000, 0x0000000088c00000, 0x0000000088d00000|  0%| F|  |TAMS 0x0000000088c00000, 0x0000000088c00000| Untracked 
| 141|0x0000000088d00000, 0x0000000088d00000, 0x0000000088e00000|  0%| F|  |TAMS 0x0000000088d00000, 0x0000000088d00000| Untracked 
| 142|0x0000000088e00000, 0x0000000088e00000, 0x0000000088f00000|  0%| F|  |TAMS 0x0000000088e00000, 0x0000000088e00000| Untracked 
| 143|0x0000000088f00000, 0x0000000088f00000, 0x0000000089000000|  0%| F|  |TAMS 0x0000000088f00000, 0x0000000088f00000| Untracked 
| 144|0x0000000089000000, 0x0000000089000000, 0x0000000089100000|  0%| F|  |TAMS 0x0000000089000000, 0x0000000089000000| Untracked 
| 145|0x0000000089100000, 0x0000000089100000, 0x0000000089200000|  0%| F|  |TAMS 0x0000000089100000, 0x0000000089100000| Untracked 
| 146|0x0000000089200000, 0x0000000089200000, 0x0000000089300000|  0%| F|  |TAMS 0x0000000089200000, 0x0000000089200000| Untracked 
| 147|0x0000000089300000, 0x0000000089300000, 0x0000000089400000|  0%| F|  |TAMS 0x0000000089300000, 0x0000000089300000| Untracked 
| 148|0x0000000089400000, 0x0000000089400000, 0x0000000089500000|  0%| F|  |TAMS 0x0000000089400000, 0x0000000089400000| Untracked 
| 149|0x0000000089500000, 0x0000000089500000, 0x0000000089600000|  0%| F|  |TAMS 0x0000000089500000, 0x0000000089500000| Untracked 
| 150|0x0000000089600000, 0x0000000089600000, 0x0000000089700000|  0%| F|  |TAMS 0x0000000089600000, 0x0000000089600000| Untracked 
| 151|0x0000000089700000, 0x0000000089700000, 0x0000000089800000|  0%| F|  |TAMS 0x0000000089700000, 0x0000000089700000| Untracked 
| 152|0x0000000089800000, 0x0000000089800000, 0x0000000089900000|  0%| F|  |TAMS 0x0000000089800000, 0x0000000089800000| Untracked 
| 153|0x0000000089900000, 0x0000000089900000, 0x0000000089a00000|  0%| F|  |TAMS 0x0000000089900000, 0x0000000089900000| Untracked 
| 154|0x0000000089a00000, 0x0000000089a00000, 0x0000000089b00000|  0%| F|  |TAMS 0x0000000089a00000, 0x0000000089a00000| Untracked 
| 155|0x0000000089b00000, 0x0000000089b00000, 0x0000000089c00000|  0%| F|  |TAMS 0x0000000089b00000, 0x0000000089b00000| Untracked 
| 156|0x0000000089c00000, 0x0000000089c00000, 0x0000000089d00000|  0%| F|  |TAMS 0x0000000089c00000, 0x0000000089c00000| Untracked 
| 157|0x0000000089d00000, 0x0000000089d00000, 0x0000000089e00000|  0%| F|  |TAMS 0x0000000089d00000, 0x0000000089d00000| Untracked 
| 158|0x0000000089e00000, 0x0000000089e00000, 0x0000000089f00000|  0%| F|  |TAMS 0x0000000089e00000, 0x0000000089e00000| Untracked 
| 159|0x0000000089f00000, 0x0000000089f00000, 0x000000008a000000|  0%| F|  |TAMS 0x0000000089f00000, 0x0000000089f00000| Untracked 
| 160|0x000000008a000000, 0x000000008a000000, 0x000000008a100000|  0%| F|  |TAMS 0x000000008a000000, 0x000000008a000000| Untracked 
| 161|0x000000008a100000, 0x000000008a100000, 0x000000008a200000|  0%| F|  |TAMS 0x000000008a100000, 0x000000008a100000| Untracked 
| 162|0x000000008a200000, 0x000000008a200000, 0x000000008a300000|  0%| F|  |TAMS 0x000000008a200000, 0x000000008a200000| Untracked 
| 163|0x000000008a300000, 0x000000008a300000, 0x000000008a400000|  0%| F|  |TAMS 0x000000008a300000, 0x000000008a300000| Untracked 
| 164|0x000000008a400000, 0x000000008a400000, 0x000000008a500000|  0%| F|  |TAMS 0x000000008a400000, 0x000000008a400000| Untracked 
| 165|0x000000008a500000, 0x000000008a500000, 0x000000008a600000|  0%| F|  |TAMS 0x000000008a500000, 0x000000008a500000| Untracked 
| 166|0x000000008a600000, 0x000000008a600000, 0x000000008a700000|  0%| F|  |TAMS 0x000000008a600000, 0x000000008a600000| Untracked 
| 167|0x000000008a700000, 0x000000008a700000, 0x000000008a800000|  0%| F|  |TAMS 0x000000008a700000, 0x000000008a700000| Untracked 
| 168|0x000000008a800000, 0x000000008a800000, 0x000000008a900000|  0%| F|  |TAMS 0x000000008a800000, 0x000000008a800000| Untracked 
| 169|0x000000008a900000, 0x000000008a900000, 0x000000008aa00000|  0%| F|  |TAMS 0x000000008a900000, 0x000000008a900000| Untracked 
| 170|0x000000008aa00000, 0x000000008aa00000, 0x000000008ab00000|  0%| F|  |TAMS 0x000000008aa00000, 0x000000008aa00000| Untracked 
| 171|0x000000008ab00000, 0x000000008ab00000, 0x000000008ac00000|  0%| F|  |TAMS 0x000000008ab00000, 0x000000008ab00000| Untracked 
| 172|0x000000008ac00000, 0x000000008ac00000, 0x000000008ad00000|  0%| F|  |TAMS 0x000000008ac00000, 0x000000008ac00000| Untracked 
| 173|0x000000008ad00000, 0x000000008ad00000, 0x000000008ae00000|  0%| F|  |TAMS 0x000000008ad00000, 0x000000008ad00000| Untracked 
| 174|0x000000008ae00000, 0x000000008ae00000, 0x000000008af00000|  0%| F|  |TAMS 0x000000008ae00000, 0x000000008ae00000| Untracked 
| 175|0x000000008af00000, 0x000000008af00000, 0x000000008b000000|  0%| F|  |TAMS 0x000000008af00000, 0x000000008af00000| Untracked 
| 176|0x000000008b000000, 0x000000008b000000, 0x000000008b100000|  0%| F|  |TAMS 0x000000008b000000, 0x000000008b000000| Untracked 
| 177|0x000000008b100000, 0x000000008b100000, 0x000000008b200000|  0%| F|  |TAMS 0x000000008b100000, 0x000000008b100000| Untracked 
| 178|0x000000008b200000, 0x000000008b200000, 0x000000008b300000|  0%| F|  |TAMS 0x000000008b200000, 0x000000008b200000| Untracked 
| 179|0x000000008b300000, 0x000000008b300000, 0x000000008b400000|  0%| F|  |TAMS 0x000000008b300000, 0x000000008b300000| Untracked 
| 180|0x000000008b400000, 0x000000008b400000, 0x000000008b500000|  0%| F|  |TAMS 0x000000008b400000, 0x000000008b400000| Untracked 
| 181|0x000000008b500000, 0x000000008b500000, 0x000000008b600000|  0%| F|  |TAMS 0x000000008b500000, 0x000000008b500000| Untracked 
| 182|0x000000008b600000, 0x000000008b600000, 0x000000008b700000|  0%| F|  |TAMS 0x000000008b600000, 0x000000008b600000| Untracked 
| 183|0x000000008b700000, 0x000000008b700000, 0x000000008b800000|  0%| F|  |TAMS 0x000000008b700000, 0x000000008b700000| Untracked 
| 184|0x000000008b800000, 0x000000008b800000, 0x000000008b900000|  0%| F|  |TAMS 0x000000008b800000, 0x000000008b800000| Untracked 
| 185|0x000000008b900000, 0x000000008b900000, 0x000000008ba00000|  0%| F|  |TAMS 0x000000008b900000, 0x000000008b900000| Untracked 
| 186|0x000000008ba00000, 0x000000008ba00000, 0x000000008bb00000|  0%| F|  |TAMS 0x000000008ba00000, 0x000000008ba00000| Untracked 
| 187|0x000000008bb00000, 0x000000008bb00000, 0x000000008bc00000|  0%| F|  |TAMS 0x000000008bb00000, 0x000000008bb00000| Untracked 
| 188|0x000000008bc00000, 0x000000008bc00000, 0x000000008bd00000|  0%| F|  |TAMS 0x000000008bc00000, 0x000000008bc00000| Untracked 
| 189|0x000000008bd00000, 0x000000008bd00000, 0x000000008be00000|  0%| F|  |TAMS 0x000000008bd00000, 0x000000008bd00000| Untracked 
| 190|0x000000008be00000, 0x000000008bf00000, 0x000000008bf00000|100%| S|CS|TAMS 0x000000008be00000, 0x000000008be00000| Complete 
| 191|0x000000008bf00000, 0x000000008c000000, 0x000000008c000000|100%| S|CS|TAMS 0x000000008bf00000, 0x000000008bf00000| Complete 
| 192|0x000000008c000000, 0x000000008c100000, 0x000000008c100000|100%| S|CS|TAMS 0x000000008c000000, 0x000000008c000000| Complete 
| 193|0x000000008c100000, 0x000000008c200000, 0x000000008c200000|100%| S|CS|TAMS 0x000000008c100000, 0x000000008c100000| Complete 
| 194|0x000000008c200000, 0x000000008c300000, 0x000000008c300000|100%| S|CS|TAMS 0x000000008c200000, 0x000000008c200000| Complete 
| 195|0x000000008c300000, 0x000000008c400000, 0x000000008c400000|100%| S|CS|TAMS 0x000000008c300000, 0x000000008c300000| Complete 
| 196|0x000000008c400000, 0x000000008c400000, 0x000000008c500000|  0%| F|  |TAMS 0x000000008c400000, 0x000000008c400000| Untracked 
| 197|0x000000008c500000, 0x000000008c580800, 0x000000008c600000| 50%| E|  |TAMS 0x000000008c500000, 0x000000008c500000| Complete 
| 198|0x000000008c600000, 0x000000008c700000, 0x000000008c700000|100%| E|CS|TAMS 0x000000008c600000, 0x000000008c600000| Complete 
| 199|0x000000008c700000, 0x000000008c800000, 0x000000008c800000|100%| E|CS|TAMS 0x000000008c700000, 0x000000008c700000| Complete 
| 200|0x000000008c800000, 0x000000008c900000, 0x000000008c900000|100%| E|CS|TAMS 0x000000008c800000, 0x000000008c800000| Complete 
| 201|0x000000008c900000, 0x000000008ca00000, 0x000000008ca00000|100%| E|CS|TAMS 0x000000008c900000, 0x000000008c900000| Complete 
| 202|0x000000008ca00000, 0x000000008cb00000, 0x000000008cb00000|100%| E|CS|TAMS 0x000000008ca00000, 0x000000008ca00000| Complete 
| 203|0x000000008cb00000, 0x000000008cc00000, 0x000000008cc00000|100%| E|CS|TAMS 0x000000008cb00000, 0x000000008cb00000| Complete 
| 204|0x000000008cc00000, 0x000000008cd00000, 0x000000008cd00000|100%| E|CS|TAMS 0x000000008cc00000, 0x000000008cc00000| Complete 
| 205|0x000000008cd00000, 0x000000008ce00000, 0x000000008ce00000|100%| E|CS|TAMS 0x000000008cd00000, 0x000000008cd00000| Complete 
| 206|0x000000008ce00000, 0x000000008cf00000, 0x000000008cf00000|100%| E|CS|TAMS 0x000000008ce00000, 0x000000008ce00000| Complete 
| 207|0x000000008cf00000, 0x000000008d000000, 0x000000008d000000|100%| E|CS|TAMS 0x000000008cf00000, 0x000000008cf00000| Complete 
| 208|0x000000008d000000, 0x000000008d100000, 0x000000008d100000|100%| E|CS|TAMS 0x000000008d000000, 0x000000008d000000| Complete 
| 209|0x000000008d100000, 0x000000008d200000, 0x000000008d200000|100%| E|CS|TAMS 0x000000008d100000, 0x000000008d100000| Complete 
| 210|0x000000008d200000, 0x000000008d300000, 0x000000008d300000|100%| E|CS|TAMS 0x000000008d200000, 0x000000008d200000| Complete 
| 211|0x000000008d300000, 0x000000008d400000, 0x000000008d400000|100%| E|CS|TAMS 0x000000008d300000, 0x000000008d300000| Complete 
| 212|0x000000008d400000, 0x000000008d500000, 0x000000008d500000|100%| E|CS|TAMS 0x000000008d400000, 0x000000008d400000| Complete 
| 213|0x000000008d500000, 0x000000008d600000, 0x000000008d600000|100%| E|CS|TAMS 0x000000008d500000, 0x000000008d500000| Complete 
| 214|0x000000008d600000, 0x000000008d700000, 0x000000008d700000|100%| E|CS|TAMS 0x000000008d600000, 0x000000008d600000| Complete 
| 215|0x000000008d700000, 0x000000008d800000, 0x000000008d800000|100%| E|CS|TAMS 0x000000008d700000, 0x000000008d700000| Complete 
| 216|0x000000008d800000, 0x000000008d900000, 0x000000008d900000|100%| E|CS|TAMS 0x000000008d800000, 0x000000008d800000| Complete 
| 217|0x000000008d900000, 0x000000008da00000, 0x000000008da00000|100%| E|CS|TAMS 0x000000008d900000, 0x000000008d900000| Complete 
| 218|0x000000008da00000, 0x000000008db00000, 0x000000008db00000|100%| E|CS|TAMS 0x000000008da00000, 0x000000008da00000| Complete 
| 219|0x000000008db00000, 0x000000008dc00000, 0x000000008dc00000|100%| E|CS|TAMS 0x000000008db00000, 0x000000008db00000| Complete 
| 220|0x000000008dc00000, 0x000000008dd00000, 0x000000008dd00000|100%| E|CS|TAMS 0x000000008dc00000, 0x000000008dc00000| Complete 
| 221|0x000000008dd00000, 0x000000008de00000, 0x000000008de00000|100%| E|CS|TAMS 0x000000008dd00000, 0x000000008dd00000| Complete 
| 222|0x000000008de00000, 0x000000008df00000, 0x000000008df00000|100%| E|CS|TAMS 0x000000008de00000, 0x000000008de00000| Complete 
| 223|0x000000008df00000, 0x000000008e000000, 0x000000008e000000|100%| E|CS|TAMS 0x000000008df00000, 0x000000008df00000| Complete 
| 224|0x000000008e000000, 0x000000008e100000, 0x000000008e100000|100%| E|CS|TAMS 0x000000008e000000, 0x000000008e000000| Complete 
| 225|0x000000008e100000, 0x000000008e200000, 0x000000008e200000|100%| E|CS|TAMS 0x000000008e100000, 0x000000008e100000| Complete 
| 226|0x000000008e200000, 0x000000008e300000, 0x000000008e300000|100%| E|CS|TAMS 0x000000008e200000, 0x000000008e200000| Complete 
| 227|0x000000008e300000, 0x000000008e400000, 0x000000008e400000|100%| E|CS|TAMS 0x000000008e300000, 0x000000008e300000| Complete 
| 228|0x000000008e400000, 0x000000008e500000, 0x000000008e500000|100%| E|CS|TAMS 0x000000008e400000, 0x000000008e400000| Complete 
| 229|0x000000008e500000, 0x000000008e600000, 0x000000008e600000|100%| E|CS|TAMS 0x000000008e500000, 0x000000008e500000| Complete 
| 230|0x000000008e600000, 0x000000008e700000, 0x000000008e700000|100%| E|CS|TAMS 0x000000008e600000, 0x000000008e600000| Complete 
| 231|0x000000008e700000, 0x000000008e800000, 0x000000008e800000|100%| E|CS|TAMS 0x000000008e700000, 0x000000008e700000| Complete 
| 232|0x000000008e800000, 0x000000008e900000, 0x000000008e900000|100%| E|CS|TAMS 0x000000008e800000, 0x000000008e800000| Complete 
| 233|0x000000008e900000, 0x000000008ea00000, 0x000000008ea00000|100%| E|CS|TAMS 0x000000008e900000, 0x000000008e900000| Complete 
| 234|0x000000008ea00000, 0x000000008eb00000, 0x000000008eb00000|100%| E|CS|TAMS 0x000000008ea00000, 0x000000008ea00000| Complete 
| 235|0x000000008eb00000, 0x000000008ec00000, 0x000000008ec00000|100%| E|CS|TAMS 0x000000008eb00000, 0x000000008eb00000| Complete 
| 236|0x000000008ec00000, 0x000000008ed00000, 0x000000008ed00000|100%| E|CS|TAMS 0x000000008ec00000, 0x000000008ec00000| Complete 
| 237|0x000000008ed00000, 0x000000008ee00000, 0x000000008ee00000|100%| E|CS|TAMS 0x000000008ed00000, 0x000000008ed00000| Complete 
| 238|0x000000008ee00000, 0x000000008ef00000, 0x000000008ef00000|100%| E|CS|TAMS 0x000000008ee00000, 0x000000008ee00000| Complete 
| 239|0x000000008ef00000, 0x000000008f000000, 0x000000008f000000|100%| E|CS|TAMS 0x000000008ef00000, 0x000000008ef00000| Complete 
| 240|0x000000008f000000, 0x000000008f100000, 0x000000008f100000|100%| E|CS|TAMS 0x000000008f000000, 0x000000008f000000| Complete 
| 241|0x000000008f100000, 0x000000008f200000, 0x000000008f200000|100%| E|CS|TAMS 0x000000008f100000, 0x000000008f100000| Complete 
| 242|0x000000008f200000, 0x000000008f300000, 0x000000008f300000|100%| E|CS|TAMS 0x000000008f200000, 0x000000008f200000| Complete 
| 243|0x000000008f300000, 0x000000008f400000, 0x000000008f400000|100%| E|CS|TAMS 0x000000008f300000, 0x000000008f300000| Complete 
| 244|0x000000008f400000, 0x000000008f500000, 0x000000008f500000|100%| E|CS|TAMS 0x000000008f400000, 0x000000008f400000| Complete 
| 245|0x000000008f500000, 0x000000008f600000, 0x000000008f600000|100%| E|CS|TAMS 0x000000008f500000, 0x000000008f500000| Complete 
| 246|0x000000008f600000, 0x000000008f700000, 0x000000008f700000|100%| E|CS|TAMS 0x000000008f600000, 0x000000008f600000| Complete 
| 247|0x000000008f700000, 0x000000008f800000, 0x000000008f800000|100%| E|CS|TAMS 0x000000008f700000, 0x000000008f700000| Complete 
| 248|0x000000008f800000, 0x000000008f900000, 0x000000008f900000|100%| E|CS|TAMS 0x000000008f800000, 0x000000008f800000| Complete 
| 249|0x000000008f900000, 0x000000008fa00000, 0x000000008fa00000|100%| E|CS|TAMS 0x000000008f900000, 0x000000008f900000| Complete 
| 250|0x000000008fa00000, 0x000000008fb00000, 0x000000008fb00000|100%| E|CS|TAMS 0x000000008fa00000, 0x000000008fa00000| Complete 
| 251|0x000000008fb00000, 0x000000008fc00000, 0x000000008fc00000|100%| E|CS|TAMS 0x000000008fb00000, 0x000000008fb00000| Complete 
| 252|0x000000008fc00000, 0x000000008fd00000, 0x000000008fd00000|100%| E|CS|TAMS 0x000000008fc00000, 0x000000008fc00000| Complete 
| 253|0x000000008fd00000, 0x000000008fe00000, 0x000000008fe00000|100%| E|CS|TAMS 0x000000008fd00000, 0x000000008fd00000| Complete 
| 254|0x000000008fe00000, 0x000000008ff00000, 0x000000008ff00000|100%| E|CS|TAMS 0x000000008fe00000, 0x000000008fe00000| Complete 
| 255|0x000000008ff00000, 0x0000000090000000, 0x0000000090000000|100%| E|CS|TAMS 0x000000008ff00000, 0x000000008ff00000| Complete 

Card table byte_map: [0x0000021ab1f90000,0x0000021ab2390000] _byte_map_base: 0x0000021ab1b90000

Marking Bits (Prev, Next): (CMBitMap*) 0x0000021a9eaab3a0, (CMBitMap*) 0x0000021a9eaab368
 Prev Bits: [0x0000021ab4790000, 0x0000021ab6790000)
 Next Bits: [0x0000021ab2790000, 0x0000021ab4790000)

Polling page: 0x0000021a9d1d0000

Metaspace:

Usage:
  Non-class:     54.07 MB capacity,    53.17 MB ( 98%) used,   781.47 KB (  1%) free+waste,   143.13 KB ( <1%) overhead. 
      Class:      8.29 MB capacity,     7.74 MB ( 93%) used,   492.13 KB (  6%) free+waste,    67.31 KB ( <1%) overhead. 
       Both:     62.36 MB capacity,    60.92 MB ( 98%) used,     1.24 MB (  2%) free+waste,   210.44 KB ( <1%) overhead. 

Virtual space:
  Non-class space:       56.00 MB reserved,      54.25 MB ( 97%) committed 
      Class space:        1.00 GB reserved,       8.38 MB ( <1%) committed 
             Both:        1.05 GB reserved,      62.63 MB (  6%) committed 

Chunk freelists:
   Non-Class:  0 bytes
       Class:  1.00 KB
        Both:  1.00 KB

MaxMetaspaceSize: 17179869184.00 GB
CompressedClassSpaceSize: 1.00 GB

CodeHeap 'non-profiled nmethods': size=120064Kb used=3184Kb max_used=3184Kb free=116880Kb
 bounds [0x0000021aaa020000, 0x0000021aaa340000, 0x0000021ab1560000]
CodeHeap 'profiled nmethods': size=120000Kb used=13058Kb max_used=13058Kb free=106941Kb
 bounds [0x0000021aa2af0000, 0x0000021aa37c0000, 0x0000021aaa020000]
CodeHeap 'non-nmethods': size=5696Kb used=2235Kb max_used=2275Kb free=3460Kb
 bounds [0x0000021aa2560000, 0x0000021aa27d0000, 0x0000021aa2af0000]
 total_blobs=6769 nmethods=5955 adapters=725
 compilation: enabled
              stopped_count=0, restarted_count=0
 full_count=0

Compilation events (20 events):
Event: 5.947 Thread 0x0000021ab965c800 5950       3       groovyjarjarasm.asm.Label::<init> (5 bytes)
Event: 5.947 Thread 0x0000021ab965c800 nmethod 5950 0x0000021aa379a590 code [0x0000021aa379a740, 0x0000021aa379a898]
Event: 5.947 Thread 0x0000021ab965c800 5951       3       groovyjarjarasm.asm.ByteVector::put12 (64 bytes)
Event: 5.947 Thread 0x0000021ab965c800 nmethod 5951 0x0000021aa379a990 code [0x0000021aa379ab60, 0x0000021aa379ad88]
Event: 5.949 Thread 0x0000021ab965c800 5952       1       java.beans.GenericBeanInfo::getPropertyDescriptors (5 bytes)
Event: 5.950 Thread 0x0000021ab965c800 nmethod 5952 0x0000021aaa33b710 code [0x0000021aaa33b8c0, 0x0000021aaa33b978]
Event: 5.950 Thread 0x0000021ab965c800 5953       1       java.beans.GenericBeanInfo::getEventSetDescriptors (5 bytes)
Event: 5.950 Thread 0x0000021ab965c800 nmethod 5953 0x0000021aaa33ba10 code [0x0000021aaa33bbc0, 0x0000021aaa33bc78]
Event: 5.950 Thread 0x0000021ab965c800 5954       1       org.codehaus.groovy.runtime.callsite.AbstractCallSite::getArray (5 bytes)
Event: 5.950 Thread 0x0000021ab965c800 nmethod 5954 0x0000021aaa33bd10 code [0x0000021aaa33bec0, 0x0000021aaa33bf78]
Event: 5.953 Thread 0x0000021ab965c800 5956       3       groovyjarjarasm.asm.Label::getCanonicalInstance (19 bytes)
Event: 5.953 Thread 0x0000021ab965c800 nmethod 5956 0x0000021aa379af10 code [0x0000021aa379b0c0, 0x0000021aa379b218]
Event: 5.953 Thread 0x0000021ab965c800 5957       3       groovyjarjarasm.asm.Frame::getAbstractTypeFromDescriptor (415 bytes)
Event: 5.954 Thread 0x0000021ab965c800 nmethod 5957 0x0000021aa379b310 code [0x0000021aa379b6c0, 0x0000021aa379d258]
Event: 5.966 Thread 0x0000021ab965c800 5959       3       groovy.lang.MetaClassImpl::inheritInterfaceNewMetaMethods (199 bytes)
Event: 5.967 Thread 0x0000021ab965c800 nmethod 5959 0x0000021aa379db90 code [0x0000021aa379dee0, 0x0000021aa379f348]
Event: 5.967 Thread 0x0000021ab965c800 5961       3       groovy.lang.MetaClassImpl$MethodIndexAction::iterate (119 bytes)
Event: 5.967 Thread 0x0000021ab965c800 nmethod 5961 0x0000021aa379fa90 code [0x0000021aa379fcc0, 0x0000021aa37a0738]
Event: 5.969 Thread 0x0000021ab965c800 5962       3       java.lang.Thread::getContextClassLoader (32 bytes)
Event: 5.969 Thread 0x0000021ab965c800 nmethod 5962 0x0000021aa37a0a90 code [0x0000021aa37a0cc0, 0x0000021aa37a14f8]

GC Heap History (20 events):
Event: 0.389 GC heap before
{Heap before GC invocations=0 (full 0):
 garbage-first heap   total 262144K, used 19456K [0x0000000080000000, 0x0000000100000000)
  region size 1024K, 14 young (14336K), 0 survivors (0K)
 Metaspace       used 7460K, capacity 7667K, committed 7936K, reserved 1056768K
  class space    used 686K, capacity 748K, committed 768K, reserved 1048576K
}
Event: 0.392 GC heap after
{Heap after GC invocations=1 (full 0):
 garbage-first heap   total 262144K, used 8182K [0x0000000080000000, 0x0000000100000000)
  region size 1024K, 2 young (2048K), 2 survivors (2048K)
 Metaspace       used 7460K, capacity 7667K, committed 7936K, reserved 1056768K
  class space    used 686K, capacity 748K, committed 768K, reserved 1048576K
}
Event: 0.661 GC heap before
{Heap before GC invocations=1 (full 0):
 garbage-first heap   total 262144K, used 23542K [0x0000000080000000, 0x0000000100000000)
  region size 1024K, 17 young (17408K), 2 survivors (2048K)
 Metaspace       used 10901K, capacity 11132K, committed 11264K, reserved 1058816K
  class space    used 1144K, capacity 1201K, committed 1280K, reserved 1048576K
}
Event: 0.663 GC heap after
{Heap after GC invocations=2 (full 0):
 garbage-first heap   total 262144K, used 9035K [0x0000000080000000, 0x0000000100000000)
  region size 1024K, 1 young (1024K), 1 survivors (1024K)
 Metaspace       used 10901K, capacity 11132K, committed 11264K, reserved 1058816K
  class space    used 1144K, capacity 1201K, committed 1280K, reserved 1048576K
}
Event: 0.838 GC heap before
{Heap before GC invocations=2 (full 0):
 garbage-first heap   total 262144K, used 30539K [0x0000000080000000, 0x0000000100000000)
  region size 1024K, 23 young (23552K), 1 survivors (1024K)
 Metaspace       used 10988K, capacity 11196K, committed 11520K, reserved 1058816K
  class space    used 1144K, capacity 1201K, committed 1280K, reserved 1048576K
}
Event: 0.840 GC heap after
{Heap after GC invocations=3 (full 0):
 garbage-first heap   total 262144K, used 12755K [0x0000000080000000, 0x0000000100000000)
  region size 1024K, 3 young (3072K), 3 survivors (3072K)
 Metaspace       used 10988K, capacity 11196K, committed 11520K, reserved 1058816K
  class space    used 1144K, capacity 1201K, committed 1280K, reserved 1048576K
}
Event: 1.533 GC heap before
{Heap before GC invocations=3 (full 0):
 garbage-first heap   total 262144K, used 48595K [0x0000000080000000, 0x0000000100000000)
  region size 1024K, 38 young (38912K), 3 survivors (3072K)
 Metaspace       used 17592K, capacity 18065K, committed 18176K, reserved 1064960K
  class space    used 2083K, capacity 2228K, committed 2304K, reserved 1048576K
}
Event: 1.537 GC heap after
{Heap after GC invocations=4 (full 0):
 garbage-first heap   total 262144K, used 15669K [0x0000000080000000, 0x0000000100000000)
  region size 1024K, 5 young (5120K), 5 survivors (5120K)
 Metaspace       used 17592K, capacity 18065K, committed 18176K, reserved 1064960K
  class space    used 2083K, capacity 2228K, committed 2304K, reserved 1048576K
}
Event: 1.731 GC heap before
{Heap before GC invocations=4 (full 0):
 garbage-first heap   total 262144K, used 36149K [0x0000000080000000, 0x0000000100000000)
  region size 1024K, 26 young (26624K), 5 survivors (5120K)
 Metaspace       used 20575K, capacity 21099K, committed 21248K, reserved 1067008K
  class space    used 2524K, capacity 2712K, committed 2816K, reserved 1048576K
}
Event: 1.734 GC heap after
{Heap after GC invocations=5 (full 0):
 garbage-first heap   total 262144K, used 17010K [0x0000000080000000, 0x0000000100000000)
  region size 1024K, 4 young (4096K), 4 survivors (4096K)
 Metaspace       used 20575K, capacity 21099K, committed 21248K, reserved 1067008K
  class space    used 2524K, capacity 2712K, committed 2816K, reserved 1048576K
}
Event: 2.255 GC heap before
{Heap before GC invocations=6 (full 0):
 garbage-first heap   total 262144K, used 70258K [0x0000000080000000, 0x0000000100000000)
  region size 1024K, 56 young (57344K), 4 survivors (4096K)
 Metaspace       used 26523K, capacity 27208K, committed 27264K, reserved 1073152K
  class space    used 3484K, capacity 3710K, committed 3712K, reserved 1048576K
}
Event: 2.259 GC heap after
{Heap after GC invocations=7 (full 0):
 garbage-first heap   total 262144K, used 18929K [0x0000000080000000, 0x0000000100000000)
  region size 1024K, 3 young (3072K), 3 survivors (3072K)
 Metaspace       used 26523K, capacity 27208K, committed 27264K, reserved 1073152K
  class space    used 3484K, capacity 3710K, committed 3712K, reserved 1048576K
}
Event: 2.801 GC heap before
{Heap before GC invocations=7 (full 0):
 garbage-first heap   total 262144K, used 63985K [0x0000000080000000, 0x0000000100000000)
  region size 1024K, 48 young (49152K), 3 survivors (3072K)
 Metaspace       used 35078K, capacity 35813K, committed 35840K, reserved 1081344K
  class space    used 4567K, capacity 4856K, committed 4864K, reserved 1048576K
}
Event: 2.808 GC heap after
{Heap after GC invocations=8 (full 0):
 garbage-first heap   total 262144K, used 22030K [0x0000000080000000, 0x0000000100000000)
  region size 1024K, 6 young (6144K), 6 survivors (6144K)
 Metaspace       used 35078K, capacity 35813K, committed 35840K, reserved 1081344K
  class space    used 4567K, capacity 4856K, committed 4864K, reserved 1048576K
}
Event: 3.719 GC heap before
{Heap before GC invocations=9 (full 0):
 garbage-first heap   total 262144K, used 117262K [0x0000000080000000, 0x0000000100000000)
  region size 1024K, 96 young (98304K), 6 survivors (6144K)
 Metaspace       used 43422K, capacity 44460K, committed 44672K, reserved 1087488K
  class space    used 5583K, capacity 5967K, committed 6016K, reserved 1048576K
}
Event: 3.729 GC heap after
{Heap after GC invocations=10 (full 0):
 garbage-first heap   total 262144K, used 27195K [0x0000000080000000, 0x0000000100000000)
  region size 1024K, 11 young (11264K), 11 survivors (11264K)
 Metaspace       used 43422K, capacity 44460K, committed 44672K, reserved 1087488K
  class space    used 5583K, capacity 5967K, committed 6016K, reserved 1048576K
}
Event: 4.635 GC heap before
{Heap before GC invocations=10 (full 0):
 garbage-first heap   total 262144K, used 150075K [0x0000000080000000, 0x0000000100000000)
  region size 1024K, 125 young (128000K), 11 survivors (11264K)
 Metaspace       used 51114K, capacity 52358K, committed 52608K, reserved 1095680K
  class space    used 6500K, capacity 6963K, committed 7040K, reserved 1048576K
}
Event: 4.648 GC heap after
{Heap after GC invocations=11 (full 0):
 garbage-first heap   total 262144K, used 45596K [0x0000000080000000, 0x0000000100000000)
  region size 1024K, 16 young (16384K), 16 survivors (16384K)
 Metaspace       used 51114K, capacity 52358K, committed 52608K, reserved 1095680K
  class space    used 6500K, capacity 6963K, committed 7040K, reserved 1048576K
}
Event: 5.351 GC heap before
{Heap before GC invocations=11 (full 0):
 garbage-first heap   total 262144K, used 106012K [0x0000000080000000, 0x0000000100000000)
  region size 1024K, 76 young (77824K), 16 survivors (16384K)
 Metaspace       used 58594K, capacity 60093K, committed 60160K, reserved 1101824K
  class space    used 7436K, capacity 8011K, committed 8064K, reserved 1048576K
}
Event: 5.372 GC heap after
{Heap after GC invocations=12 (full 0):
 garbage-first heap   total 262144K, used 52443K [0x0000000080000000, 0x0000000100000000)
  region size 1024K, 6 young (6144K), 6 survivors (6144K)
 Metaspace       used 58594K, capacity 60093K, committed 60160K, reserved 1101824K
  class space    used 7436K, capacity 8011K, committed 8064K, reserved 1048576K
}

Deoptimization events (20 events):
Event: 5.841 Thread 0x0000021abab47800 Uncommon trap: trap_request=0xffffffc6 fr.pc=0x0000021aaa2bdf68 relative=0x0000000000000668
Event: 5.841 Thread 0x0000021abab47800 Uncommon trap: reason=bimorphic_or_optimized_type_check action=maybe_recompile pc=0x0000021aaa2bdf68 method=java.util.Arrays.binarySearch0([Ljava/lang/Object;IILjava/lang/Object;Ljava/util/Comparator;)I @ 48 c2
Event: 5.841 Thread 0x0000021abab47800 DEOPT PACKING pc=0x0000021aaa2bdf68 sp=0x0000004aa09f8c40
Event: 5.841 Thread 0x0000021abab47800 DEOPT UNPACKING pc=0x0000021aa25878af sp=0x0000004aa09f8bc0 mode 2
Event: 5.863 Thread 0x0000021abab47800 Uncommon trap: trap_request=0xffffff4d fr.pc=0x0000021aaa25aa2c relative=0x00000000000014cc
Event: 5.863 Thread 0x0000021abab47800 Uncommon trap: reason=unstable_if action=reinterpret pc=0x0000021aaa25aa2c method=org.codehaus.groovy.runtime.metaclass.MetaMethodIndex.isNonRealMethod(Lgroovy/lang/MetaMethod;)Z @ 4 c2
Event: 5.863 Thread 0x0000021abab47800 DEOPT PACKING pc=0x0000021aaa25aa2c sp=0x0000004aa09f6fe0
Event: 5.863 Thread 0x0000021abab47800 DEOPT UNPACKING pc=0x0000021aa25878af sp=0x0000004aa09f6f40 mode 2
Event: 5.877 Thread 0x0000021abab47800 Uncommon trap: trap_request=0xffffff4d fr.pc=0x0000021aaa2682cc relative=0x000000000000146c
Event: 5.877 Thread 0x0000021abab47800 Uncommon trap: reason=unstable_if action=reinterpret pc=0x0000021aaa2682cc method=java.lang.ClassLoader.postDefineClass(Ljava/lang/Class;Ljava/security/ProtectionDomain;)V @ 17 c2
Event: 5.877 Thread 0x0000021abab47800 DEOPT PACKING pc=0x0000021aaa2682cc sp=0x0000004aa09f7a60
Event: 5.877 Thread 0x0000021abab47800 DEOPT UNPACKING pc=0x0000021aa25878af sp=0x0000004aa09f7a50 mode 2
Event: 5.877 Thread 0x0000021abab47800 Uncommon trap: trap_request=0xffffff4d fr.pc=0x0000021aaa257930 relative=0x0000000000000c70
Event: 5.877 Thread 0x0000021abab47800 Uncommon trap: reason=unstable_if action=reinterpret pc=0x0000021aaa257930 method=java.lang.ClassLoader.loadClass(Ljava/lang/String;Z)Ljava/lang/Class; @ 29 c2
Event: 5.877 Thread 0x0000021abab47800 DEOPT PACKING pc=0x0000021aaa257930 sp=0x0000004aa09f7430
Event: 5.877 Thread 0x0000021abab47800 DEOPT UNPACKING pc=0x0000021aa25878af sp=0x0000004aa09f73f8 mode 2
Event: 5.914 Thread 0x0000021abab47800 Uncommon trap: trap_request=0xffffff4d fr.pc=0x0000021aaa335f6c relative=0x000000000000032c
Event: 5.914 Thread 0x0000021abab47800 Uncommon trap: reason=unstable_if action=reinterpret pc=0x0000021aaa335f6c method=java.util.StringJoiner.add(Ljava/lang/CharSequence;)Ljava/util/StringJoiner; @ 33 c2
Event: 5.914 Thread 0x0000021abab47800 DEOPT PACKING pc=0x0000021aaa335f6c sp=0x0000004aa09f60b0
Event: 5.914 Thread 0x0000021abab47800 DEOPT UNPACKING pc=0x0000021aa25878af sp=0x0000004aa09f6060 mode 2

Classes redefined (0 events):
No events

Internal exceptions (20 events):
Event: 5.916 Thread 0x0000021abab47800 Exception <a 'java/lang/ClassNotFoundException'{0x000000008d04d408}: com/android/build/gradle/AbstractAppExtensionCustomizer> (0x000000008d04d408) thrown at [./src/hotspot/share/classfile/systemDictionary.cpp, line 231]
Event: 5.917 Thread 0x0000021abab47800 Exception <a 'java/lang/ClassNotFoundException'{0x000000008d0795f0}: com/android/build/gradle/AppExtensionCustomizer> (0x000000008d0795f0) thrown at [./src/hotspot/share/classfile/systemDictionary.cpp, line 231]
Event: 5.917 Thread 0x0000021abab47800 Exception <a 'java/lang/ClassNotFoundException'{0x000000008d0a7c18}: com/android/build/gradle/internal/dsl/BaseAppModuleExtensionCustomizer> (0x000000008d0a7c18) thrown at [./src/hotspot/share/classfile/systemDictionary.cpp, line 231]
Event: 5.920 Thread 0x0000021abab47800 Exception <a 'java/lang/ClassNotFoundException'{0x000000008cf50f88}: com/android/build/gradle/internal/dsl/BaseAppModuleExtension_DecoratedCustomizer> (0x000000008cf50f88) thrown at [./src/hotspot/share/classfile/systemDictionary.cpp, line 231]
Event: 5.927 Thread 0x0000021abab47800 Exception <a 'java/lang/ClassNotFoundException'{0x000000008cd8f0a8}: org/gradle/api/internal/DefaultDomainObjectSet_DecoratedBeanInfo> (0x000000008cd8f0a8) thrown at [./src/hotspot/share/classfile/systemDictionary.cpp, line 231]
Event: 5.928 Thread 0x0000021abab47800 Exception <a 'java/lang/ClassNotFoundException'{0x000000008cdba6a0}: org/gradle/api/internal/DefaultDomainObjectSet_DecoratedCustomizer> (0x000000008cdba6a0) thrown at [./src/hotspot/share/classfile/systemDictionary.cpp, line 231]
Event: 5.937 Thread 0x0000021abab47800 Exception <a 'java/lang/ClassNotFoundException'{0x000000008cc7bc28}: com/google/firebase/crashlytics/buildtools/gradle/CrashlyticsPluginBeanInfo> (0x000000008cc7bc28) thrown at [./src/hotspot/share/classfile/systemDictionary.cpp, line 231]
Event: 5.937 Thread 0x0000021abab47800 Exception <a 'java/lang/ClassNotFoundException'{0x000000008cc96908}: com/google/firebase/crashlytics/buildtools/gradle/CrashlyticsPluginCustomizer> (0x000000008cc96908) thrown at [./src/hotspot/share/classfile/systemDictionary.cpp, line 231]
Event: 5.945 Thread 0x0000021abab47800 Exception <a 'java/lang/ClassNotFoundException'{0x000000008cb206a0}: com/google/firebase/crashlytics/buildtools/log/CrashlyticsLogger$LevelBeanInfo> (0x000000008cb206a0) thrown at [./src/hotspot/share/classfile/systemDictionary.cpp, line 231]
Event: 5.945 Thread 0x0000021abab47800 Exception <a 'java/lang/ClassNotFoundException'{0x000000008cb3b408}: com/google/firebase/crashlytics/buildtools/log/CrashlyticsLogger$LevelCustomizer> (0x000000008cb3b408) thrown at [./src/hotspot/share/classfile/systemDictionary.cpp, line 231]
Event: 5.949 Thread 0x0000021abab47800 Exception <a 'java/lang/ClassNotFoundException'{0x000000008cb84900}: com/google/firebase/crashlytics/buildtools/gradle/CrashlyticsGradleLoggerBeanInfo> (0x000000008cb84900) thrown at [./src/hotspot/share/classfile/systemDictionary.cpp, line 231]
Event: 5.949 Thread 0x0000021abab47800 Exception <a 'java/lang/ClassNotFoundException'{0x000000008cba00f8}: com/google/firebase/crashlytics/buildtools/gradle/CrashlyticsGradleLoggerCustomizer> (0x000000008cba00f8) thrown at [./src/hotspot/share/classfile/systemDictionary.cpp, line 231]
Event: 5.952 Thread 0x0000021abab47800 Exception <a 'java/lang/ClassNotFoundException'{0x000000008cbf8170}: org/slf4j/LoggerFactoryBeanInfo> (0x000000008cbf8170) thrown at [./src/hotspot/share/classfile/systemDictionary.cpp, line 231]
Event: 5.952 Thread 0x0000021abab47800 Exception <a 'java/lang/ClassNotFoundException'{0x000000008ca1a190}: org/slf4j/LoggerFactoryCustomizer> (0x000000008ca1a190) thrown at [./src/hotspot/share/classfile/systemDictionary.cpp, line 231]
Event: 5.958 Thread 0x0000021abab47800 Exception <a 'java/lang/ClassNotFoundException'{0x000000008cab54c0}: com/google/firebase/crashlytics/buildtools/BuildtoolsBeanInfo> (0x000000008cab54c0) thrown at [./src/hotspot/share/classfile/systemDictionary.cpp, line 231]
Event: 5.958 Thread 0x0000021abab47800 Exception <a 'java/lang/ClassNotFoundException'{0x000000008cacdab8}: com/google/firebase/crashlytics/buildtools/BuildtoolsCustomizer> (0x000000008cacdab8) thrown at [./src/hotspot/share/classfile/systemDictionary.cpp, line 231]
Event: 5.967 Thread 0x0000021abab47800 Exception <a 'java/lang/ClassNotFoundException'{0x000000008c9e8280}: groovy/lang/GString$1BeanInfo> (0x000000008c9e8280) thrown at [./src/hotspot/share/classfile/systemDictionary.cpp, line 231]
Event: 5.968 Thread 0x0000021abab47800 Exception <a 'java/lang/ClassNotFoundException'{0x000000008c809d68}: groovy/lang/GStringBeanInfo> (0x000000008c809d68) thrown at [./src/hotspot/share/classfile/systemDictionary.cpp, line 231]
Event: 5.968 Thread 0x0000021abab47800 Exception <a 'java/lang/ClassNotFoundException'{0x000000008c82b600}: groovy/lang/GStringCustomizer> (0x000000008c82b600) thrown at [./src/hotspot/share/classfile/systemDictionary.cpp, line 231]
Event: 5.970 Thread 0x0000021abab47800 Exception <a 'java/lang/ClassNotFoundException'{0x000000008c856cb0}: groovy/lang/GString$1Customizer> (0x000000008c856cb0) thrown at [./src/hotspot/share/classfile/systemDictionary.cpp, line 231]

Events (20 events):
Event: 5.968 loading class groovy/lang/GStringBeanInfo
Event: 5.968 loading class groovy/lang/GStringBeanInfo done
Event: 5.968 loading class groovy/lang/GStringBeanInfo
Event: 5.968 loading class groovy/lang/GStringBeanInfo done
Event: 5.968 loading class groovy/lang/GStringCustomizer
Event: 5.968 loading class groovy/lang/GStringCustomizer done
Event: 5.968 loading class groovy/lang/GStringCustomizer
Event: 5.968 loading class groovy/lang/GStringCustomizer done
Event: 5.968 loading class groovy/lang/GStringCustomizer
Event: 5.968 loading class groovy/lang/GStringCustomizer done
Event: 5.968 loading class groovy/lang/GStringCustomizer
Event: 5.968 loading class groovy/lang/GStringCustomizer done
Event: 5.969 loading class groovy/lang/GString$1Customizer
Event: 5.969 loading class groovy/lang/GString$1Customizer done
Event: 5.969 loading class groovy/lang/GString$1Customizer
Event: 5.969 loading class groovy/lang/GString$1Customizer done
Event: 5.969 loading class groovy/lang/GString$1Customizer
Event: 5.969 loading class groovy/lang/GString$1Customizer done
Event: 5.970 loading class groovy/lang/GString$1Customizer
Event: 5.970 loading class groovy/lang/GString$1Customizer done


Dynamic libraries:
0x00007ff779af0000 - 0x00007ff779afa000 	C:\Program Files\Android\Android Studio\jre\bin\java.exe
0x00007ffe2d6b0000 - 0x00007ffe2d8a5000 	C:\Windows\SYSTEM32\ntdll.dll
0x00007ffe2c5d0000 - 0x00007ffe2c68d000 	C:\Windows\System32\KERNEL32.DLL
0x00007ffe2b090000 - 0x00007ffe2b359000 	C:\Windows\System32\KERNELBASE.dll
0x00007ffe2af00000 - 0x00007ffe2b000000 	C:\Windows\System32\ucrtbase.dll
0x00007ffda5360000 - 0x00007ffda5379000 	C:\Program Files\Android\Android Studio\jre\bin\jli.dll
0x00007ffda5380000 - 0x00007ffda5397000 	C:\Program Files\Android\Android Studio\jre\bin\VCRUNTIME140.dll
0x00007ffe2b720000 - 0x00007ffe2b8c0000 	C:\Windows\System32\USER32.dll
0x00007ffe2b5d0000 - 0x00007ffe2b5f2000 	C:\Windows\System32\win32u.dll
0x00007ffe0c750000 - 0x00007ffe0c9ea000 	C:\Windows\WinSxS\amd64_microsoft.windows.common-controls_6595b64144ccf1df_6.0.19041.1083_none_60bbe31371f34e71\COMCTL32.dll
0x00007ffe2c040000 - 0x00007ffe2c06a000 	C:\Windows\System32\GDI32.dll
0x00007ffe2cde0000 - 0x00007ffe2ce7e000 	C:\Windows\System32\msvcrt.dll
0x00007ffe2b4c0000 - 0x00007ffe2b5cb000 	C:\Windows\System32\gdi32full.dll
0x00007ffe2b650000 - 0x00007ffe2b6ed000 	C:\Windows\System32\msvcp_win.dll
0x00007ffe2bf80000 - 0x00007ffe2bfb0000 	C:\Windows\System32\IMM32.DLL
0x00007ffda52c0000 - 0x00007ffda535d000 	C:\Program Files\Android\Android Studio\jre\bin\msvcp140.dll
0x00007ffda81a0000 - 0x00007ffda8c6f000 	C:\Program Files\Android\Android Studio\jre\bin\server\jvm.dll
0x00007ffe2cc00000 - 0x00007ffe2ccac000 	C:\Windows\System32\ADVAPI32.dll
0x00007ffe2b8c0000 - 0x00007ffe2b95b000 	C:\Windows\System32\sechost.dll
0x00007ffe2be50000 - 0x00007ffe2bf7a000 	C:\Windows\System32\RPCRT4.dll
0x00007ffe2bae0000 - 0x00007ffe2bae8000 	C:\Windows\System32\PSAPI.DLL
0x00007ffe232a0000 - 0x00007ffe232c7000 	C:\Windows\SYSTEM32\WINMM.dll
0x00007ffe18960000 - 0x00007ffe18969000 	C:\Windows\SYSTEM32\WSOCK32.dll
0x00007ffe24280000 - 0x00007ffe2428a000 	C:\Windows\SYSTEM32\VERSION.dll
0x00007ffe2c690000 - 0x00007ffe2c6fb000 	C:\Windows\System32\WS2_32.dll
0x00007ffe28d20000 - 0x00007ffe28d32000 	C:\Windows\SYSTEM32\kernel.appcore.dll
0x00007ffe17c40000 - 0x00007ffe17c51000 	C:\Program Files\Android\Android Studio\jre\bin\verify.dll
0x00007ffe20890000 - 0x00007ffe20a74000 	C:\Windows\SYSTEM32\DBGHELP.DLL
0x00007ffe0d950000 - 0x00007ffe0d97c000 	C:\Windows\SYSTEM32\dbgcore.DLL
0x00007ffe2b000000 - 0x00007ffe2b083000 	C:\Windows\System32\bcryptPrimitives.dll
0x00007ffe0e840000 - 0x00007ffe0e869000 	C:\Program Files\Android\Android Studio\jre\bin\java.dll
0x00007ffe18950000 - 0x00007ffe1895b000 	C:\Program Files\Android\Android Studio\jre\bin\jimage.dll
0x00007ffe17a60000 - 0x00007ffe17a78000 	C:\Program Files\Android\Android Studio\jre\bin\zip.dll
0x00007ffe2ce80000 - 0x00007ffe2d5bf000 	C:\Windows\System32\SHELL32.dll
0x00007ffe28f20000 - 0x00007ffe296b1000 	C:\Windows\SYSTEM32\windows.storage.dll
0x00007ffe2c8a0000 - 0x00007ffe2cbf5000 	C:\Windows\System32\combase.dll
0x00007ffe2a860000 - 0x00007ffe2a88c000 	C:\Windows\SYSTEM32\Wldp.dll
0x00007ffe2ba30000 - 0x00007ffe2bade000 	C:\Windows\System32\SHCORE.dll
0x00007ffe2b9d0000 - 0x00007ffe2ba25000 	C:\Windows\System32\shlwapi.dll
0x00007ffe2ad30000 - 0x00007ffe2ad4f000 	C:\Windows\SYSTEM32\profapi.dll
0x00007ffdf1f30000 - 0x00007ffdf1f4a000 	C:\Program Files\Android\Android Studio\jre\bin\net.dll
0x00007ffe23320000 - 0x00007ffe2342a000 	C:\Windows\SYSTEM32\WINHTTP.dll
0x00007ffe2a5c0000 - 0x00007ffe2a62a000 	C:\Windows\system32\mswsock.dll
0x00007ffdaede0000 - 0x00007ffdaedf4000 	C:\Program Files\Android\Android Studio\jre\bin\nio.dll
0x00007ffe15d90000 - 0x00007ffe15db7000 	C:\Users\daler\.gradle\native\fdc75f09e3144964f2cf3f50f0aa648679c211496f362492102eb8c894070792\windows-amd64\native-platform.dll
0x00007ffdfed30000 - 0x00007ffdfeec6000 	C:\Users\daler\.gradle\native\12488b8bf47d2d4c9fbf2f6322a914ad602e24e48041cd04a747c6da556b65c4\windows-amd64\native-platform-file-events.dll
0x00007ffe177c0000 - 0x00007ffe177ca000 	C:\Program Files\Android\Android Studio\jre\bin\management.dll
0x00007ffe0e810000 - 0x00007ffe0e81c000 	C:\Program Files\Android\Android Studio\jre\bin\management_ext.dll
0x00007ffe2a7b0000 - 0x00007ffe2a7c8000 	C:\Windows\SYSTEM32\CRYPTSP.dll
0x00007ffe29e90000 - 0x00007ffe29ec4000 	C:\Windows\system32\rsaenh.dll
0x00007ffe2b6f0000 - 0x00007ffe2b717000 	C:\Windows\System32\bcrypt.dll
0x00007ffe2acf0000 - 0x00007ffe2ad1e000 	C:\Windows\SYSTEM32\USERENV.dll
0x00007ffe2a7a0000 - 0x00007ffe2a7ac000 	C:\Windows\SYSTEM32\CRYPTBASE.dll
0x00007ffe2a240000 - 0x00007ffe2a27b000 	C:\Windows\SYSTEM32\IPHLPAPI.DLL
0x00007ffe2c5c0000 - 0x00007ffe2c5c8000 	C:\Windows\System32\NSI.dll
0x00007ffe25100000 - 0x00007ffe25117000 	C:\Windows\SYSTEM32\dhcpcsvc6.DLL
0x00007ffe25090000 - 0x00007ffe250ad000 	C:\Windows\SYSTEM32\dhcpcsvc.DLL
0x00007ffe2a2a0000 - 0x00007ffe2a36c000 	C:\Windows\SYSTEM32\DNSAPI.dll
0x00007ffe25020000 - 0x00007ffe2502b000 	C:\Windows\SYSTEM32\WINNSI.DLL

dbghelp: loaded successfully - version: 4.0.5 - missing functions: none
symbol engine: initialized successfully - sym options: 0x614 - pdb path: .;C:\Program Files\Android\Android Studio\jre\bin;C:\Windows\SYSTEM32;C:\Windows\WinSxS\amd64_microsoft.windows.common-controls_6595b64144ccf1df_6.0.19041.1083_none_60bbe31371f34e71;C:\Program Files\Android\Android Studio\jre\bin\server;C:\Users\daler\.gradle\native\fdc75f09e3144964f2cf3f50f0aa648679c211496f362492102eb8c894070792\windows-amd64;C:\Users\daler\.gradle\native\12488b8bf47d2d4c9fbf2f6322a914ad602e24e48041cd04a747c6da556b65c4\windows-amd64

VM Arguments:
jvm_args: --add-opens=java.base/java.util=ALL-UNNAMED --add-opens=java.base/java.lang=ALL-UNNAMED --add-opens=java.base/java.lang.invoke=ALL-UNNAMED --add-opens=java.prefs/java.util.prefs=ALL-UNNAMED -Xmx2048m -Dfile.encoding=UTF-8 -Duser.country=RU -Duser.language=ru -Duser.variant 
java_command: org.gradle.launcher.daemon.bootstrap.GradleDaemon 6.7.1
java_class_path (initial): C:\Users\daler\.gradle\wrapper\dists\gradle-6.7.1-bin\bwlcbys1h7rz3272sye1xwiv6\gradle-6.7.1\lib\gradle-launcher-6.7.1.jar
Launcher Type: SUN_STANDARD

[Global flags]
     intx CICompilerCount                          = 3                                         {product} {ergonomic}
     uint ConcGCThreads                            = 1                                         {product} {ergonomic}
     uint G1ConcRefinementThreads                  = 4                                         {product} {ergonomic}
   size_t G1HeapRegionSize                         = 1048576                                   {product} {ergonomic}
    uintx GCDrainStackTargetSize                   = 64                                        {product} {ergonomic}
   size_t InitialHeapSize                          = 268435456                                 {product} {ergonomic}
   size_t MarkStackSize                            = 4194304                                   {product} {ergonomic}
   size_t MaxHeapSize                              = 2147483648                                {product} {command line}
   size_t MaxNewSize                               = 1287651328                                {product} {ergonomic}
   size_t MinHeapDeltaBytes                        = 1048576                                   {product} {ergonomic}
    uintx NonNMethodCodeHeapSize                   = 5830732                                {pd product} {ergonomic}
    uintx NonProfiledCodeHeapSize                  = 122913754                              {pd product} {ergonomic}
    uintx ProfiledCodeHeapSize                     = 122913754                              {pd product} {ergonomic}
    uintx ReservedCodeCacheSize                    = 251658240                              {pd product} {ergonomic}
     bool SegmentedCodeCache                       = true                                      {product} {ergonomic}
     bool UseCompressedClassPointers               = true                                 {lp64_product} {ergonomic}
     bool UseCompressedOops                        = true                                 {lp64_product} {ergonomic}
     bool UseG1GC                                  = true                                      {product} {ergonomic}
     bool UseLargePagesIndividualAllocation        = false                                  {pd product} {ergonomic}

Logging:
Log output configuration:
 #0: stdout all=warning uptime,level,tags
 #1: stderr all=off uptime,level,tags

Environment Variables:
JAVA_HOME=JAVA_HOME
PATH=C:\Program Files (x86)\NVIDIA Corporation\PhysX\Common;C:\Windows\system32;C:\Windows;C:\Windows\System32\Wbem;C:\Windows\System32\WindowsPowerShell\v1.0\;C:\Windows\System32\OpenSSH\;C;D:\CodeBlocks\MinGW\bin;C:\Program Files\doxygen\bin;C:\Users\daler\PycharmProjects\pythonProject\venv\Scripts;C:\Program Files (x86)\AOMEI\AOMEI Backupper 6.4.0;C:\Program Files\Git\cmd;C:\Program Files\nodejs\;C:\ProgramData\chocolatey\bin;C:\Program Files\Go\bin;C:\Users\daler\AppData\Local\Microsoft\WindowsApps;;D:\IntelliJ IDEA 2020.2\bin;;C:\Users\daler\PyCharm Community Edition 2020.3.1\bin;;C:\Users\daler\AppData\Roaming\npm;C:\Users\daler\go\bin
USERNAME=daler
OS=Windows_NT
PROCESSOR_IDENTIFIER=Intel64 Family 6 Model 60 Stepping 3, GenuineIntel



---------------  S Y S T E M  ---------------

OS: Windows 10 , 64 bit Build 19041 (10.0.19041.1023)
OS uptime: 0 days 2:53 hours

CPU:total 4 (initial active 4) (4 cores per cpu, 1 threads per core) family 6 model 60 stepping 3 microcode 0x27, cmov, cx8, fxsr, mmx, sse, sse2, sse3, ssse3, sse4.1, sse4.2, popcnt, avx, avx2, aes, clmul, erms, lzcnt, tsc, tscinvbit, bmi1, bmi2, fma

Memory: 4k page, system-wide physical 16269M (4321M free)
TotalPageFile size 16269M (AvailPageFile size 8M)
current process WorkingSet (physical memory assigned to process): 390M, peak: 392M
current process commit charge ("private bytes"): 493M, peak: 497M

vm_info: OpenJDK 64-Bit Server VM (11.0.10+0-b96-7249189) for windows-amd64 JRE (11.0.10+0-b96-7249189), built on Mar 31 2021 21:44:00 by "builder" with MS VC++ 14.0 (VS2015)

END.
